2020-02-10 00:56:03 [scrapy] DEBUG: Crawled (404) <GET http://books.toscrape.com/robots.txt> (referer: None)
2020-02-10 00:56:03 [scrapy] DEBUG: Crawled (200) <GET http://books.toscrape.com/catalogue/page-1.html> (referer: None)
2020-02-10 00:56:03 [scrapy] DEBUG: Crawled (200) <GET http://books.toscrape.com/catalogue/page-2.html> (referer: None)
2020-02-10 00:56:03 [scrapy] DEBUG: Crawled (200) <GET http://books.toscrape.com/catalogue/page-3.html> (referer: None)
2020-02-10 00:56:03 [scrapy] DEBUG: Scraped from <200 http://books.toscrape.com/catalogue/page-1.html>
{'title': 'A Light in the Attic', 'price': '£51.77', 'available': 'In stock', 'stars': 3}
2020-02-10 00:56:03 [scrapy] DEBUG: Scraped from <200 http://books.toscrape.com/catalogue/page-1.html>
{'title': 'Tipping the Velvet', 'price': '£53.74', 'available': 'In stock', 'stars': 1}
2020-02-10 00:56:03 [scrapy] DEBUG: Scraped from <200 http://books.toscrape.com/catalogue/page-1.html>
{'title': 'Soumission', 'price': '£50.10', 'available': 'In stock', 'stars': 1}
2020-02-10 00:56:03 [scrapy] DEBUG: Scraped from <200 http://books.toscrape.com/catalogue/page-1.html>
{'title': 'Sharp Objects', 'price': '£47.82', 'available': 'In stock', 'stars': 4}
2020-02-10 00:56:03 [scrapy] DEBUG: Scraped from <200 http://books.toscrape.com/catalogue/page-1.html>
{'title': 'Sapiens: A Brief History of Humankind', 'price': '£54.23', 'available': 'In stock', 'stars': 5}
2020-02-10 00:56:03 [scrapy] DEBUG: Scraped from <200 http://books.toscrape.com/catalogue/page-1.html>
{'title': 'The Requiem Red', 'price': '£22.65', 'available': 'In stock', 'stars': 1}
2020-02-10 00:56:03 [scrapy] DEBUG: Scraped from <200 http://books.toscrape.com/catalogue/page-1.html>
{'title': 'The Dirty Little Secrets of Getting Your Dream Job', 'price': '£33.34', 'available': 'In stock', 'stars': 4}
2020-02-10 00:56:03 [scrapy] DEBUG: Scraped from <200 http://books.toscrape.com/catalogue/page-1.html>
{'title': 'The Coming Woman: A Novel Based on the Life of the Infamous Feminist, Victoria Woodhull', 'price': '£17.93', 'available': 'In stock', 'stars': 3}
2020-02-10 00:56:03 [scrapy] DEBUG: Scraped from <200 http://books.toscrape.com/catalogue/page-1.html>
{'title': 'The Boys in the Boat: Nine Americans and Their Epic Quest for Gold at the 1936 Berlin Olympics', 'price': '£22.60', 'available': 'In stock', 'stars': 4}
2020-02-10 00:56:03 [scrapy] DEBUG: Scraped from <200 http://books.toscrape.com/catalogue/page-1.html>
{'title': 'The Black Maria', 'price': '£52.15', 'available': 'In stock', 'stars': 1}
2020-02-10 00:56:03 [scrapy] DEBUG: Scraped from <200 http://books.toscrape.com/catalogue/page-1.html>
{'title': 'Starving Hearts (Triangular Trade Trilogy, #1)', 'price': '£13.99', 'available': 'In stock', 'stars': 2}
2020-02-10 00:56:03 [scrapy] DEBUG: Scraped from <200 http://books.toscrape.com/catalogue/page-1.html>
{'title': "Shakespeare's Sonnets", 'price': '£20.66', 'available': 'In stock', 'stars': 4}
2020-02-10 00:56:03 [scrapy] DEBUG: Scraped from <200 http://books.toscrape.com/catalogue/page-1.html>
{'title': 'Set Me Free', 'price': '£17.46', 'available': 'In stock', 'stars': 5}
2020-02-10 00:56:03 [scrapy] DEBUG: Scraped from <200 http://books.toscrape.com/catalogue/page-1.html>
{'title': "Scott Pilgrim's Precious Little Life (Scott Pilgrim #1)", 'price': '£52.29', 'available': 'In stock', 'stars': 5}
2020-02-10 00:56:03 [scrapy] DEBUG: Scraped from <200 http://books.toscrape.com/catalogue/page-1.html>
{'title': 'Rip it Up and Start Again', 'price': '£35.02', 'available': 'In stock', 'stars': 5}
2020-02-10 00:56:03 [scrapy] DEBUG: Scraped from <200 http://books.toscrape.com/catalogue/page-1.html>
{'title': 'Our Band Could Be Your Life: Scenes from the American Indie Underground, 1981-1991', 'price': '£57.25', 'available': 'In stock', 'stars': 3}
2020-02-10 00:56:03 [scrapy] DEBUG: Scraped from <200 http://books.toscrape.com/catalogue/page-1.html>
{'title': 'Olio', 'price': '£23.88', 'available': 'In stock', 'stars': 1}
2020-02-10 00:56:03 [scrapy] DEBUG: Scraped from <200 http://books.toscrape.com/catalogue/page-1.html>
{'title': 'Mesaerion: The Best Science Fiction Stories 1800-1849', 'price': '£37.59', 'available': 'In stock', 'stars': 1}
2020-02-10 00:56:03 [scrapy] DEBUG: Scraped from <200 http://books.toscrape.com/catalogue/page-1.html>
{'title': 'Libertarianism for Beginners', 'price': '£51.33', 'available': 'In stock', 'stars': 2}
2020-02-10 00:56:03 [scrapy] DEBUG: Scraped from <200 http://books.toscrape.com/catalogue/page-1.html>
{'title': "It's Only the Himalayas", 'price': '£45.17', 'available': 'In stock', 'stars': 2}
2020-02-10 00:56:04 [scrapy] DEBUG: Scraped from <200 http://books.toscrape.com/catalogue/page-2.html>
{'title': 'In Her Wake', 'price': '£12.84', 'available': 'In stock', 'stars': 1}
2020-02-10 00:56:04 [scrapy] DEBUG: Scraped from <200 http://books.toscrape.com/catalogue/page-2.html>
{'title': 'How Music Works', 'price': '£37.32', 'available': 'In stock', 'stars': 2}
2020-02-10 00:56:04 [scrapy] DEBUG: Scraped from <200 http://books.toscrape.com/catalogue/page-2.html>
{'title': 'Foolproof Preserving: A Guide to Small Batch Jams, Jellies, Pickles, Condiments, and More: A Foolproof Guide to Making Small Batch Jams, Jellies, Pickles, Condiments, and More', 'price': '£30.52', 'available': 'In stock', 'stars': 3}
2020-02-10 00:56:04 [scrapy] DEBUG: Scraped from <200 http://books.toscrape.com/catalogue/page-2.html>
{'title': 'Chase Me (Paris Nights #2)', 'price': '£25.27', 'available': 'In stock', 'stars': 5}
2020-02-10 00:56:04 [scrapy] DEBUG: Scraped from <200 http://books.toscrape.com/catalogue/page-2.html>
{'title': 'Black Dust', 'price': '£34.53', 'available': 'In stock', 'stars': 5}
2020-02-10 00:56:04 [scrapy] DEBUG: Scraped from <200 http://books.toscrape.com/catalogue/page-2.html>
{'title': 'Birdsong: A Story in Pictures', 'price': '£54.64', 'available': 'In stock', 'stars': 3}
2020-02-10 00:56:04 [scrapy] DEBUG: Scraped from <200 http://books.toscrape.com/catalogue/page-2.html>
{'title': "America's Cradle of Quarterbacks: Western Pennsylvania's Football Factory from Johnny Unitas to Joe Montana", 'price': '£22.50', 'available': 'In stock', 'stars': 3}
2020-02-10 00:56:04 [scrapy] DEBUG: Scraped from <200 http://books.toscrape.com/catalogue/page-3.html>
{'title': 'Slow States of Collapse: Poems', 'price': '£57.31', 'available': 'In stock', 'stars': 3}
2020-02-10 00:56:04 [scrapy] DEBUG: Scraped from <200 http://books.toscrape.com/catalogue/page-3.html>
{'title': 'Reasons to Stay Alive', 'price': '£26.41', 'available': 'In stock', 'stars': 2}
2020-02-10 00:56:04 [scrapy] DEBUG: Scraped from <200 http://books.toscrape.com/catalogue/page-3.html>
{'title': 'Private Paris (Private #10)', 'price': '£47.61', 'available': 'In stock', 'stars': 5}
2020-02-10 00:56:04 [scrapy] DEBUG: Scraped from <200 http://books.toscrape.com/catalogue/page-3.html>
{'title': '#HigherSelfie: Wake Up Your Life. Free Your Soul. Find Your Tribe.', 'price': '£23.11', 'available': 'In stock', 'stars': 5}
2020-02-10 00:56:04 [scrapy] DEBUG: Scraped from <200 http://books.toscrape.com/catalogue/page-2.html>
{'title': 'Aladdin and His Wonderful Lamp', 'price': '£53.13', 'available': 'In stock', 'stars': 3}
2020-02-10 00:56:04 [scrapy] DEBUG: Scraped from <200 http://books.toscrape.com/catalogue/page-2.html>
{'title': 'Worlds Elsewhere: Journeys Around Shakespeare’s Globe', 'price': '£40.30', 'available': 'In stock', 'stars': 5}
2020-02-10 00:56:04 [scrapy] DEBUG: Scraped from <200 http://books.toscrape.com/catalogue/page-2.html>
{'title': 'Wall and Piece', 'price': '£44.18', 'available': 'In stock', 'stars': 4}
2020-02-10 00:56:04 [scrapy] DEBUG: Scraped from <200 http://books.toscrape.com/catalogue/page-2.html>
{'title': 'The Four Agreements: A Practical Guide to Personal Freedom', 'price': '£17.66', 'available': 'In stock', 'stars': 5}
2020-02-10 00:56:04 [scrapy] DEBUG: Scraped from <200 http://books.toscrape.com/catalogue/page-2.html>
{'title': 'The Five Love Languages: How to Express Heartfelt Commitment to Your Mate', 'price': '£31.05', 'available': 'In stock', 'stars': 3}
2020-02-10 00:56:04 [scrapy] DEBUG: Scraped from <200 http://books.toscrape.com/catalogue/page-2.html>
{'title': 'The Elephant Tree', 'price': '£23.82', 'available': 'In stock', 'stars': 5}
2020-02-10 00:56:04 [scrapy] DEBUG: Scraped from <200 http://books.toscrape.com/catalogue/page-2.html>
{'title': 'The Bear and the Piano', 'price': '£36.89', 'available': 'In stock', 'stars': 1}
2020-02-10 00:56:04 [scrapy] DEBUG: Scraped from <200 http://books.toscrape.com/catalogue/page-2.html>
{'title': "Sophie's World", 'price': '£15.94', 'available': 'In stock', 'stars': 5}
2020-02-10 00:56:04 [scrapy] DEBUG: Scraped from <200 http://books.toscrape.com/catalogue/page-2.html>
{'title': 'Penny Maybe', 'price': '£33.29', 'available': 'In stock', 'stars': 3}
2020-02-10 00:56:04 [scrapy] DEBUG: Scraped from <200 http://books.toscrape.com/catalogue/page-2.html>
{'title': 'Maude (1883-1993):She Grew Up with the country', 'price': '£18.02', 'available': 'In stock', 'stars': 2}
2020-02-10 00:56:04 [scrapy] DEBUG: Scraped from <200 http://books.toscrape.com/catalogue/page-2.html>
{'title': 'In a Dark, Dark Wood', 'price': '£19.63', 'available': 'In stock', 'stars': 1}
2020-02-10 00:56:04 [scrapy] DEBUG: Scraped from <200 http://books.toscrape.com/catalogue/page-2.html>
{'title': 'Behind Closed Doors', 'price': '£52.22', 'available': 'In stock', 'stars': 4}
2020-02-10 00:56:04 [scrapy] DEBUG: Scraped from <200 http://books.toscrape.com/catalogue/page-2.html>
{'title': "You can't bury them all: Poems", 'price': '£33.63', 'available': 'In stock', 'stars': 2}
2020-02-10 00:56:04 [scrapy] DEBUG: Scraped from <200 http://books.toscrape.com/catalogue/page-3.html>
{'title': 'Without Borders (Wanderlove #1)', 'price': '£45.07', 'available': 'In stock', 'stars': 2}
2020-02-10 00:56:04 [scrapy] DEBUG: Scraped from <200 http://books.toscrape.com/catalogue/page-3.html>
{'title': 'When We Collided', 'price': '£31.77', 'available': 'In stock', 'stars': 1}
2020-02-10 00:56:04 [scrapy] DEBUG: Scraped from <200 http://books.toscrape.com/catalogue/page-3.html>
{'title': 'We Love You, Charlie Freeman', 'price': '£50.27', 'available': 'In stock', 'stars': 5}
2020-02-10 00:56:04 [scrapy] DEBUG: Scraped from <200 http://books.toscrape.com/catalogue/page-3.html>
{'title': 'Untitled Collection: Sabbath Poems 2014', 'price': '£14.27', 'available': 'In stock', 'stars': 4}
2020-02-10 00:56:04 [scrapy] DEBUG: Scraped from <200 http://books.toscrape.com/catalogue/page-3.html>
{'title': 'Unseen City: The Majesty of Pigeons, the Discreet Charm of Snails & Other Wonders of the Urban Wilderness', 'price': '£44.18', 'available': 'In stock', 'stars': 4}
2020-02-10 00:56:04 [scrapy] DEBUG: Scraped from <200 http://books.toscrape.com/catalogue/page-3.html>
{'title': 'Unicorn Tracks', 'price': '£18.78', 'available': 'In stock', 'stars': 3}
2020-02-10 00:56:04 [scrapy] DEBUG: Scraped from <200 http://books.toscrape.com/catalogue/page-3.html>
{'title': 'Unbound: How Eight Technologies Made Us Human, Transformed Society, and Brought Our World to the Brink', 'price': '£25.52', 'available': 'In stock', 'stars': 1}
2020-02-10 00:56:04 [scrapy] DEBUG: Scraped from <200 http://books.toscrape.com/catalogue/page-3.html>
{'title': 'Tsubasa: WoRLD CHRoNiCLE 2 (Tsubasa WoRLD CHRoNiCLE #2)', 'price': '£16.28', 'available': 'In stock', 'stars': 1}
2020-02-10 00:56:04 [scrapy] DEBUG: Scraped from <200 http://books.toscrape.com/catalogue/page-3.html>
{'title': 'Throwing Rocks at the Google Bus: How Growth Became the Enemy of Prosperity', 'price': '£31.12', 'available': 'In stock', 'stars': 3}
2020-02-10 00:56:04 [scrapy] DEBUG: Scraped from <200 http://books.toscrape.com/catalogue/page-3.html>
{'title': 'This One Summer', 'price': '£19.49', 'available': 'In stock', 'stars': 4}
2020-02-10 00:56:04 [scrapy] DEBUG: Scraped from <200 http://books.toscrape.com/catalogue/page-3.html>
{'title': 'Thirst', 'price': '£17.27', 'available': 'In stock', 'stars': 5}
2020-02-10 00:56:04 [scrapy] DEBUG: Scraped from <200 http://books.toscrape.com/catalogue/page-3.html>
{'title': 'The Torch Is Passed: A Harding Family Story', 'price': '£19.09', 'available': 'In stock', 'stars': 1}
2020-02-10 00:56:04 [scrapy] DEBUG: Scraped from <200 http://books.toscrape.com/catalogue/page-3.html>
{'title': 'The Secret of Dreadwillow Carse', 'price': '£56.13', 'available': 'In stock', 'stars': 1}
2020-02-10 00:56:04 [scrapy] DEBUG: Scraped from <200 http://books.toscrape.com/catalogue/page-3.html>
{'title': 'The Pioneer Woman Cooks: Dinnertime: Comfort Classics, Freezer Food, 16-Minute Meals, and Other Delicious Ways to Solve Supper!', 'price': '£56.41', 'available': 'In stock', 'stars': 1}
2020-02-10 00:56:04 [scrapy] DEBUG: Scraped from <200 http://books.toscrape.com/catalogue/page-3.html>
{'title': 'The Past Never Ends', 'price': '£56.50', 'available': 'In stock', 'stars': 4}
2020-02-10 00:56:04 [scrapy] DEBUG: Scraped from <200 http://books.toscrape.com/catalogue/page-3.html>
{'title': 'The Natural History of Us (The Fine Art of Pretending #2)', 'price': '£45.22', 'available': 'In stock', 'stars': 3}
2020-02-10 00:56:04 [scrapy] INFO: Closing spider (finished)
2020-02-10 00:56:04 [scrapy] INFO: Dumping Scrapy stats:
{'downloader/request_bytes': 941,
 'downloader/request_count': 4,
 'downloader/request_method_count/GET': 4,
 'downloader/response_bytes': 18414,
 'downloader/response_count': 4,
 'downloader/response_status_count/200': 3,
 'downloader/response_status_count/404': 1,
 'elapsed_time_seconds': 0.458922,
 'finish_reason': 'finished',
 'finish_time': datetime.datetime(2020, 2, 9, 23, 56, 4, 105299),
 'item_scraped_count': 60,
 'log_count/DEBUG': 64,
 'log_count/INFO': 7,
 'memusage/max': 51666944,
 'memusage/startup': 51666944,
 'response_received_count': 4,
 'robotstxt/request_count': 1,
 'robotstxt/response_count': 1,
 'robotstxt/response_status_count/404': 1,
 'scheduler/dequeued': 3,
 'scheduler/dequeued/memory': 3,
 'scheduler/enqueued': 3,
 'scheduler/enqueued/memory': 3,
 'start_time': datetime.datetime(2020, 2, 9, 23, 56, 3, 646377)}
2020-02-10 00:56:04 [scrapy] INFO: Spider closed (finished)
