2020-02-11 00:14:00 [scrapy] DEBUG: Crawled (404) <GET http://books.toscrape.com/robots.txt> (referer: None)
2020-02-11 00:14:00 [scrapy] DEBUG: Crawled (200) <GET http://books.toscrape.com/catalogue/page-1.html> (referer: None)
2020-02-11 00:14:00 [scrapy] DEBUG: Crawled (200) <GET http://books.toscrape.com/catalogue/page-2.html> (referer: None)
2020-02-11 00:14:00 [scrapy] DEBUG: Crawled (200) <GET http://books.toscrape.com/catalogue/page-3.html> (referer: None)
2020-02-11 00:14:00 [scrapy] DEBUG: Scraped from <200 http://books.toscrape.com/catalogue/page-1.html>
{'title': 'A Light in the Attic', 'price': '£51.77', 'available': 'In stock', 'stars': 3, 'url': 'a-light-in-the-attic_1000/index.html'}
2020-02-11 00:14:00 [scrapy] DEBUG: Scraped from <200 http://books.toscrape.com/catalogue/page-1.html>
{'title': 'Tipping the Velvet', 'price': '£53.74', 'available': 'In stock', 'stars': 1, 'url': 'tipping-the-velvet_999/index.html'}
2020-02-11 00:14:00 [scrapy] DEBUG: Scraped from <200 http://books.toscrape.com/catalogue/page-1.html>
{'title': 'Soumission', 'price': '£50.10', 'available': 'In stock', 'stars': 1, 'url': 'soumission_998/index.html'}
2020-02-11 00:14:00 [scrapy] DEBUG: Scraped from <200 http://books.toscrape.com/catalogue/page-1.html>
{'title': 'Sharp Objects', 'price': '£47.82', 'available': 'In stock', 'stars': 4, 'url': 'sharp-objects_997/index.html'}
2020-02-11 00:14:00 [scrapy] DEBUG: Scraped from <200 http://books.toscrape.com/catalogue/page-1.html>
{'title': 'Sapiens: A Brief History of Humankind', 'price': '£54.23', 'available': 'In stock', 'stars': 5, 'url': 'sapiens-a-brief-history-of-humankind_996/index.html'}
2020-02-11 00:14:00 [scrapy] DEBUG: Scraped from <200 http://books.toscrape.com/catalogue/page-1.html>
{'title': 'The Requiem Red', 'price': '£22.65', 'available': 'In stock', 'stars': 1, 'url': 'the-requiem-red_995/index.html'}
2020-02-11 00:14:00 [scrapy] DEBUG: Scraped from <200 http://books.toscrape.com/catalogue/page-1.html>
{'title': 'The Dirty Little Secrets of Getting Your Dream Job', 'price': '£33.34', 'available': 'In stock', 'stars': 4, 'url': 'the-dirty-little-secrets-of-getting-your-dream-job_994/index.html'}
2020-02-11 00:14:00 [scrapy] DEBUG: Scraped from <200 http://books.toscrape.com/catalogue/page-1.html>
{'title': 'The Coming Woman: A Novel Based on the Life of the Infamous Feminist, Victoria Woodhull', 'price': '£17.93', 'available': 'In stock', 'stars': 3, 'url': 'the-coming-woman-a-novel-based-on-the-life-of-the-infamous-feminist-victoria-woodhull_993/index.html'}
2020-02-11 00:14:00 [scrapy] DEBUG: Scraped from <200 http://books.toscrape.com/catalogue/page-1.html>
{'title': 'The Boys in the Boat: Nine Americans and Their Epic Quest for Gold at the 1936 Berlin Olympics', 'price': '£22.60', 'available': 'In stock', 'stars': 4, 'url': 'the-boys-in-the-boat-nine-americans-and-their-epic-quest-for-gold-at-the-1936-berlin-olympics_992/index.html'}
2020-02-11 00:14:00 [scrapy] DEBUG: Scraped from <200 http://books.toscrape.com/catalogue/page-1.html>
{'title': 'The Black Maria', 'price': '£52.15', 'available': 'In stock', 'stars': 1, 'url': 'the-black-maria_991/index.html'}
2020-02-11 00:14:00 [scrapy] DEBUG: Scraped from <200 http://books.toscrape.com/catalogue/page-1.html>
{'title': 'Starving Hearts (Triangular Trade Trilogy, #1)', 'price': '£13.99', 'available': 'In stock', 'stars': 2, 'url': 'starving-hearts-triangular-trade-trilogy-1_990/index.html'}
2020-02-11 00:14:00 [scrapy] DEBUG: Scraped from <200 http://books.toscrape.com/catalogue/page-1.html>
{'title': "Shakespeare's Sonnets", 'price': '£20.66', 'available': 'In stock', 'stars': 4, 'url': 'shakespeares-sonnets_989/index.html'}
2020-02-11 00:14:00 [scrapy] DEBUG: Scraped from <200 http://books.toscrape.com/catalogue/page-1.html>
{'title': 'Set Me Free', 'price': '£17.46', 'available': 'In stock', 'stars': 5, 'url': 'set-me-free_988/index.html'}
2020-02-11 00:14:00 [scrapy] DEBUG: Scraped from <200 http://books.toscrape.com/catalogue/page-1.html>
{'title': "Scott Pilgrim's Precious Little Life (Scott Pilgrim #1)", 'price': '£52.29', 'available': 'In stock', 'stars': 5, 'url': 'scott-pilgrims-precious-little-life-scott-pilgrim-1_987/index.html'}
2020-02-11 00:14:00 [scrapy] DEBUG: Scraped from <200 http://books.toscrape.com/catalogue/page-1.html>
{'title': 'Rip it Up and Start Again', 'price': '£35.02', 'available': 'In stock', 'stars': 5, 'url': 'rip-it-up-and-start-again_986/index.html'}
2020-02-11 00:14:00 [scrapy] DEBUG: Scraped from <200 http://books.toscrape.com/catalogue/page-1.html>
{'title': 'Our Band Could Be Your Life: Scenes from the American Indie Underground, 1981-1991', 'price': '£57.25', 'available': 'In stock', 'stars': 3, 'url': 'our-band-could-be-your-life-scenes-from-the-american-indie-underground-1981-1991_985/index.html'}
2020-02-11 00:14:00 [scrapy] DEBUG: Scraped from <200 http://books.toscrape.com/catalogue/page-1.html>
{'title': 'Olio', 'price': '£23.88', 'available': 'In stock', 'stars': 1, 'url': 'olio_984/index.html'}
2020-02-11 00:14:00 [scrapy] DEBUG: Scraped from <200 http://books.toscrape.com/catalogue/page-1.html>
{'title': 'Mesaerion: The Best Science Fiction Stories 1800-1849', 'price': '£37.59', 'available': 'In stock', 'stars': 1, 'url': 'mesaerion-the-best-science-fiction-stories-1800-1849_983/index.html'}
2020-02-11 00:14:00 [scrapy] DEBUG: Scraped from <200 http://books.toscrape.com/catalogue/page-1.html>
{'title': 'Libertarianism for Beginners', 'price': '£51.33', 'available': 'In stock', 'stars': 2, 'url': 'libertarianism-for-beginners_982/index.html'}
2020-02-11 00:14:00 [scrapy] DEBUG: Scraped from <200 http://books.toscrape.com/catalogue/page-1.html>
{'title': "It's Only the Himalayas", 'price': '£45.17', 'available': 'In stock', 'stars': 2, 'url': 'its-only-the-himalayas_981/index.html'}
2020-02-11 00:14:01 [scrapy] DEBUG: Scraped from <200 http://books.toscrape.com/catalogue/page-2.html>
{'title': 'In Her Wake', 'price': '£12.84', 'available': 'In stock', 'stars': 1, 'url': 'in-her-wake_980/index.html'}
2020-02-11 00:14:01 [scrapy] DEBUG: Scraped from <200 http://books.toscrape.com/catalogue/page-2.html>
{'title': 'How Music Works', 'price': '£37.32', 'available': 'In stock', 'stars': 2, 'url': 'how-music-works_979/index.html'}
2020-02-11 00:14:01 [scrapy] DEBUG: Scraped from <200 http://books.toscrape.com/catalogue/page-2.html>
{'title': 'Foolproof Preserving: A Guide to Small Batch Jams, Jellies, Pickles, Condiments, and More: A Foolproof Guide to Making Small Batch Jams, Jellies, Pickles, Condiments, and More', 'price': '£30.52', 'available': 'In stock', 'stars': 3, 'url': 'foolproof-preserving-a-guide-to-small-batch-jams-jellies-pickles-condiments-and-more-a-foolproof-guide-to-making-small-batch-jams-jellies-pickles-condiments-and-more_978/index.html'}
2020-02-11 00:14:01 [scrapy] DEBUG: Scraped from <200 http://books.toscrape.com/catalogue/page-2.html>
{'title': 'Chase Me (Paris Nights #2)', 'price': '£25.27', 'available': 'In stock', 'stars': 5, 'url': 'chase-me-paris-nights-2_977/index.html'}
2020-02-11 00:14:01 [scrapy] DEBUG: Scraped from <200 http://books.toscrape.com/catalogue/page-2.html>
{'title': 'Black Dust', 'price': '£34.53', 'available': 'In stock', 'stars': 5, 'url': 'black-dust_976/index.html'}
2020-02-11 00:14:01 [scrapy] DEBUG: Scraped from <200 http://books.toscrape.com/catalogue/page-2.html>
{'title': 'Birdsong: A Story in Pictures', 'price': '£54.64', 'available': 'In stock', 'stars': 3, 'url': 'birdsong-a-story-in-pictures_975/index.html'}
2020-02-11 00:14:01 [scrapy] DEBUG: Scraped from <200 http://books.toscrape.com/catalogue/page-2.html>
{'title': "America's Cradle of Quarterbacks: Western Pennsylvania's Football Factory from Johnny Unitas to Joe Montana", 'price': '£22.50', 'available': 'In stock', 'stars': 3, 'url': 'americas-cradle-of-quarterbacks-western-pennsylvanias-football-factory-from-johnny-unitas-to-joe-montana_974/index.html'}
2020-02-11 00:14:01 [scrapy] DEBUG: Scraped from <200 http://books.toscrape.com/catalogue/page-2.html>
{'title': 'Aladdin and His Wonderful Lamp', 'price': '£53.13', 'available': 'In stock', 'stars': 3, 'url': 'aladdin-and-his-wonderful-lamp_973/index.html'}
2020-02-11 00:14:01 [scrapy] DEBUG: Scraped from <200 http://books.toscrape.com/catalogue/page-2.html>
{'title': 'Worlds Elsewhere: Journeys Around Shakespeare’s Globe', 'price': '£40.30', 'available': 'In stock', 'stars': 5, 'url': 'worlds-elsewhere-journeys-around-shakespeares-globe_972/index.html'}
2020-02-11 00:14:01 [scrapy] DEBUG: Scraped from <200 http://books.toscrape.com/catalogue/page-2.html>
{'title': 'Wall and Piece', 'price': '£44.18', 'available': 'In stock', 'stars': 4, 'url': 'wall-and-piece_971/index.html'}
2020-02-11 00:14:01 [scrapy] DEBUG: Scraped from <200 http://books.toscrape.com/catalogue/page-2.html>
{'title': 'The Four Agreements: A Practical Guide to Personal Freedom', 'price': '£17.66', 'available': 'In stock', 'stars': 5, 'url': 'the-four-agreements-a-practical-guide-to-personal-freedom_970/index.html'}
2020-02-11 00:14:01 [scrapy] DEBUG: Scraped from <200 http://books.toscrape.com/catalogue/page-2.html>
{'title': 'The Five Love Languages: How to Express Heartfelt Commitment to Your Mate', 'price': '£31.05', 'available': 'In stock', 'stars': 3, 'url': 'the-five-love-languages-how-to-express-heartfelt-commitment-to-your-mate_969/index.html'}
2020-02-11 00:14:01 [scrapy] DEBUG: Scraped from <200 http://books.toscrape.com/catalogue/page-2.html>
{'title': 'The Elephant Tree', 'price': '£23.82', 'available': 'In stock', 'stars': 5, 'url': 'the-elephant-tree_968/index.html'}
2020-02-11 00:14:01 [scrapy] DEBUG: Scraped from <200 http://books.toscrape.com/catalogue/page-2.html>
{'title': 'The Bear and the Piano', 'price': '£36.89', 'available': 'In stock', 'stars': 1, 'url': 'the-bear-and-the-piano_967/index.html'}
2020-02-11 00:14:01 [scrapy] DEBUG: Scraped from <200 http://books.toscrape.com/catalogue/page-2.html>
{'title': "Sophie's World", 'price': '£15.94', 'available': 'In stock', 'stars': 5, 'url': 'sophies-world_966/index.html'}
2020-02-11 00:14:01 [scrapy] DEBUG: Scraped from <200 http://books.toscrape.com/catalogue/page-2.html>
{'title': 'Penny Maybe', 'price': '£33.29', 'available': 'In stock', 'stars': 3, 'url': 'penny-maybe_965/index.html'}
2020-02-11 00:14:01 [scrapy] DEBUG: Scraped from <200 http://books.toscrape.com/catalogue/page-2.html>
{'title': 'Maude (1883-1993):She Grew Up with the country', 'price': '£18.02', 'available': 'In stock', 'stars': 2, 'url': 'maude-1883-1993she-grew-up-with-the-country_964/index.html'}
2020-02-11 00:14:01 [scrapy] DEBUG: Scraped from <200 http://books.toscrape.com/catalogue/page-2.html>
{'title': 'In a Dark, Dark Wood', 'price': '£19.63', 'available': 'In stock', 'stars': 1, 'url': 'in-a-dark-dark-wood_963/index.html'}
2020-02-11 00:14:01 [scrapy] DEBUG: Scraped from <200 http://books.toscrape.com/catalogue/page-2.html>
{'title': 'Behind Closed Doors', 'price': '£52.22', 'available': 'In stock', 'stars': 4, 'url': 'behind-closed-doors_962/index.html'}
2020-02-11 00:14:01 [scrapy] DEBUG: Scraped from <200 http://books.toscrape.com/catalogue/page-3.html>
{'title': 'Slow States of Collapse: Poems', 'price': '£57.31', 'available': 'In stock', 'stars': 3, 'url': 'slow-states-of-collapse-poems_960/index.html'}
2020-02-11 00:14:01 [scrapy] DEBUG: Scraped from <200 http://books.toscrape.com/catalogue/page-3.html>
{'title': 'Reasons to Stay Alive', 'price': '£26.41', 'available': 'In stock', 'stars': 2, 'url': 'reasons-to-stay-alive_959/index.html'}
2020-02-11 00:14:01 [scrapy] DEBUG: Scraped from <200 http://books.toscrape.com/catalogue/page-2.html>
{'title': "You can't bury them all: Poems", 'price': '£33.63', 'available': 'In stock', 'stars': 2, 'url': 'you-cant-bury-them-all-poems_961/index.html'}
2020-02-11 00:14:01 [scrapy] DEBUG: Scraped from <200 http://books.toscrape.com/catalogue/page-3.html>
{'title': 'Private Paris (Private #10)', 'price': '£47.61', 'available': 'In stock', 'stars': 5, 'url': 'private-paris-private-10_958/index.html'}
2020-02-11 00:14:01 [scrapy] DEBUG: Scraped from <200 http://books.toscrape.com/catalogue/page-3.html>
{'title': '#HigherSelfie: Wake Up Your Life. Free Your Soul. Find Your Tribe.', 'price': '£23.11', 'available': 'In stock', 'stars': 5, 'url': 'higherselfie-wake-up-your-life-free-your-soul-find-your-tribe_957/index.html'}
2020-02-11 00:14:01 [scrapy] DEBUG: Scraped from <200 http://books.toscrape.com/catalogue/page-3.html>
{'title': 'Without Borders (Wanderlove #1)', 'price': '£45.07', 'available': 'In stock', 'stars': 2, 'url': 'without-borders-wanderlove-1_956/index.html'}
2020-02-11 00:14:01 [scrapy] DEBUG: Scraped from <200 http://books.toscrape.com/catalogue/page-3.html>
{'title': 'When We Collided', 'price': '£31.77', 'available': 'In stock', 'stars': 1, 'url': 'when-we-collided_955/index.html'}
2020-02-11 00:14:01 [scrapy] DEBUG: Scraped from <200 http://books.toscrape.com/catalogue/page-3.html>
{'title': 'We Love You, Charlie Freeman', 'price': '£50.27', 'available': 'In stock', 'stars': 5, 'url': 'we-love-you-charlie-freeman_954/index.html'}
2020-02-11 00:14:01 [scrapy] DEBUG: Scraped from <200 http://books.toscrape.com/catalogue/page-3.html>
{'title': 'Untitled Collection: Sabbath Poems 2014', 'price': '£14.27', 'available': 'In stock', 'stars': 4, 'url': 'untitled-collection-sabbath-poems-2014_953/index.html'}
2020-02-11 00:14:01 [scrapy] DEBUG: Scraped from <200 http://books.toscrape.com/catalogue/page-3.html>
{'title': 'Unseen City: The Majesty of Pigeons, the Discreet Charm of Snails & Other Wonders of the Urban Wilderness', 'price': '£44.18', 'available': 'In stock', 'stars': 4, 'url': 'unseen-city-the-majesty-of-pigeons-the-discreet-charm-of-snails-other-wonders-of-the-urban-wilderness_952/index.html'}
2020-02-11 00:14:01 [scrapy] DEBUG: Scraped from <200 http://books.toscrape.com/catalogue/page-3.html>
{'title': 'Unicorn Tracks', 'price': '£18.78', 'available': 'In stock', 'stars': 3, 'url': 'unicorn-tracks_951/index.html'}
2020-02-11 00:14:01 [scrapy] DEBUG: Scraped from <200 http://books.toscrape.com/catalogue/page-3.html>
{'title': 'Unbound: How Eight Technologies Made Us Human, Transformed Society, and Brought Our World to the Brink', 'price': '£25.52', 'available': 'In stock', 'stars': 1, 'url': 'unbound-how-eight-technologies-made-us-human-transformed-society-and-brought-our-world-to-the-brink_950/index.html'}
2020-02-11 00:14:01 [scrapy] DEBUG: Scraped from <200 http://books.toscrape.com/catalogue/page-3.html>
{'title': 'Tsubasa: WoRLD CHRoNiCLE 2 (Tsubasa WoRLD CHRoNiCLE #2)', 'price': '£16.28', 'available': 'In stock', 'stars': 1, 'url': 'tsubasa-world-chronicle-2-tsubasa-world-chronicle-2_949/index.html'}
2020-02-11 00:14:01 [scrapy] DEBUG: Scraped from <200 http://books.toscrape.com/catalogue/page-3.html>
{'title': 'Throwing Rocks at the Google Bus: How Growth Became the Enemy of Prosperity', 'price': '£31.12', 'available': 'In stock', 'stars': 3, 'url': 'throwing-rocks-at-the-google-bus-how-growth-became-the-enemy-of-prosperity_948/index.html'}
2020-02-11 00:14:01 [scrapy] DEBUG: Scraped from <200 http://books.toscrape.com/catalogue/page-3.html>
{'title': 'This One Summer', 'price': '£19.49', 'available': 'In stock', 'stars': 4, 'url': 'this-one-summer_947/index.html'}
2020-02-11 00:14:01 [scrapy] DEBUG: Scraped from <200 http://books.toscrape.com/catalogue/page-3.html>
{'title': 'Thirst', 'price': '£17.27', 'available': 'In stock', 'stars': 5, 'url': 'thirst_946/index.html'}
2020-02-11 00:14:01 [scrapy] DEBUG: Scraped from <200 http://books.toscrape.com/catalogue/page-3.html>
{'title': 'The Torch Is Passed: A Harding Family Story', 'price': '£19.09', 'available': 'In stock', 'stars': 1, 'url': 'the-torch-is-passed-a-harding-family-story_945/index.html'}
2020-02-11 00:14:01 [scrapy] DEBUG: Scraped from <200 http://books.toscrape.com/catalogue/page-3.html>
{'title': 'The Secret of Dreadwillow Carse', 'price': '£56.13', 'available': 'In stock', 'stars': 1, 'url': 'the-secret-of-dreadwillow-carse_944/index.html'}
2020-02-11 00:14:01 [scrapy] DEBUG: Scraped from <200 http://books.toscrape.com/catalogue/page-3.html>
{'title': 'The Pioneer Woman Cooks: Dinnertime: Comfort Classics, Freezer Food, 16-Minute Meals, and Other Delicious Ways to Solve Supper!', 'price': '£56.41', 'available': 'In stock', 'stars': 1, 'url': 'the-pioneer-woman-cooks-dinnertime-comfort-classics-freezer-food-16-minute-meals-and-other-delicious-ways-to-solve-supper_943/index.html'}
2020-02-11 00:14:01 [scrapy] DEBUG: Scraped from <200 http://books.toscrape.com/catalogue/page-3.html>
{'title': 'The Past Never Ends', 'price': '£56.50', 'available': 'In stock', 'stars': 4, 'url': 'the-past-never-ends_942/index.html'}
2020-02-11 00:14:01 [scrapy] DEBUG: Scraped from <200 http://books.toscrape.com/catalogue/page-3.html>
{'title': 'The Natural History of Us (The Fine Art of Pretending #2)', 'price': '£45.22', 'available': 'In stock', 'stars': 3, 'url': 'the-natural-history-of-us-the-fine-art-of-pretending-2_941/index.html'}
2020-02-11 00:14:01 [scrapy] INFO: Closing spider (finished)
2020-02-11 00:14:01 [scrapy] INFO: Dumping Scrapy stats:
{'downloader/request_bytes': 941,
 'downloader/request_count': 4,
 'downloader/request_method_count/GET': 4,
 'downloader/response_bytes': 18414,
 'downloader/response_count': 4,
 'downloader/response_status_count/200': 3,
 'downloader/response_status_count/404': 1,
 'elapsed_time_seconds': 0.474332,
 'finish_reason': 'finished',
 'finish_time': datetime.datetime(2020, 2, 10, 23, 14, 1, 106965),
 'item_scraped_count': 60,
 'log_count/DEBUG': 64,
 'log_count/INFO': 7,
 'memusage/max': 58523648,
 'memusage/startup': 58523648,
 'response_received_count': 4,
 'robotstxt/request_count': 1,
 'robotstxt/response_count': 1,
 'robotstxt/response_status_count/404': 1,
 'scheduler/dequeued': 3,
 'scheduler/dequeued/memory': 3,
 'scheduler/enqueued': 3,
 'scheduler/enqueued/memory': 3,
 'start_time': datetime.datetime(2020, 2, 10, 23, 14, 0, 632633)}
2020-02-11 00:14:01 [scrapy] INFO: Spider closed (finished)
