2020-02-12 09:27:42 [scrapy] DEBUG: Crawled (200) <GET https://www.amazon.com/robots.txt> (referer: None)
2020-02-12 09:27:43 [scrapy] DEBUG: Crawled (200) <GET https://www.amazon.com/s?rh=n%3A16272%2Cp_72%3A4-&pf_rd_i=16272&pf_rd_m=ATVPDKIKX0DER&pf_rd_p=3237dbf3-c1bb-5c72-8ce7-e082992624f7&pf_rd_r=P45DS9NK334QDQCFXPHG&pf_rd_s=merchandised-search-10&pf_rd_t=101&ref=Oct_TopRatedC_16272_SAll> (referer: None)
2020-02-12 09:27:44 [scrapy] DEBUG: Scraped from <200 https://www.amazon.com/s?rh=n%3A16272%2Cp_72%3A4-&pf_rd_i=16272&pf_rd_m=ATVPDKIKX0DER&pf_rd_p=3237dbf3-c1bb-5c72-8ce7-e082992624f7&pf_rd_r=P45DS9NK334QDQCFXPHG&pf_rd_s=merchandised-search-10&pf_rd_t=101&ref=Oct_TopRatedC_16272_SAll>
{'title': 'Fahrenheit 451', 'author': 'Ray Bradbury', 'image': 'https://m.media-amazon.com/images/I/71OFqSRFDgL._AC_UY218_ML3_.jpg', 'price': 8.29, 'url': 'https://www.amazon.com//gp/bestsellers/books/3825151/ref=sr_bs_0_3825151_1'}
2020-02-12 09:27:44 [scrapy] DEBUG: Scraped from <200 https://www.amazon.com/s?rh=n%3A16272%2Cp_72%3A4-&pf_rd_i=16272&pf_rd_m=ATVPDKIKX0DER&pf_rd_p=3237dbf3-c1bb-5c72-8ce7-e082992624f7&pf_rd_r=P45DS9NK334QDQCFXPHG&pf_rd_s=merchandised-search-10&pf_rd_t=101&ref=Oct_TopRatedC_16272_SAll>
{'title': "The Handmaid's Tale", 'author': 'Margaret Atwood', 'image': 'https://m.media-amazon.com/images/I/71xL8U55tYL._AC_UY218_ML3_.jpg', 'price': 7.99, 'url': 'https://www.amazon.com//Handmaids-Tale-Margaret-Atwood/dp/038549081X/ref=sr_1_2?pf_rd_i=16272&pf_rd_m=ATVPDKIKX0DER&pf_rd_p=3237dbf3-c1bb-5c72-8ce7-e082992624f7&pf_rd_r=P45DS9NK334QDQCFXPHG&pf_rd_s=merchandised-search-10&pf_rd_t=101&qid=1581496063&refinements=p_72%3A1250221011&s=books&sr=1-2'}
2020-02-12 09:27:44 [scrapy] DEBUG: Scraped from <200 https://www.amazon.com/s?rh=n%3A16272%2Cp_72%3A4-&pf_rd_i=16272&pf_rd_m=ATVPDKIKX0DER&pf_rd_p=3237dbf3-c1bb-5c72-8ce7-e082992624f7&pf_rd_r=P45DS9NK334QDQCFXPHG&pf_rd_s=merchandised-search-10&pf_rd_t=101&ref=Oct_TopRatedC_16272_SAll>
{'title': '1984: New Classic Edition', 'author': 'George Orwell', 'image': 'https://m.media-amazon.com/images/I/51aKS+6StwL._AC_UY218_ML3_.jpg', 'price': 0.0, 'url': 'https://www.amazon.com//1984-New-Classic-Edition/dp/B000Q6ZLOI/ref=sr_1_3?pf_rd_i=16272&pf_rd_m=ATVPDKIKX0DER&pf_rd_p=3237dbf3-c1bb-5c72-8ce7-e082992624f7&pf_rd_r=P45DS9NK334QDQCFXPHG&pf_rd_s=merchandised-search-10&pf_rd_t=101&qid=1581496063&refinements=p_72%3A1250221011&s=books&sr=1-3'}
2020-02-12 09:27:44 [scrapy] DEBUG: Scraped from <200 https://www.amazon.com/s?rh=n%3A16272%2Cp_72%3A4-&pf_rd_i=16272&pf_rd_m=ATVPDKIKX0DER&pf_rd_p=3237dbf3-c1bb-5c72-8ce7-e082992624f7&pf_rd_r=P45DS9NK334QDQCFXPHG&pf_rd_s=merchandised-search-10&pf_rd_t=101&ref=Oct_TopRatedC_16272_SAll>
{'title': "The Testaments: The Sequel to The Handmaid's Tale", 'author': 'Margaret Atwood', 'image': 'https://m.media-amazon.com/images/I/71H4ZHHJK4L._AC_UY218_ML3_.jpg', 'price': 0.0, 'url': 'https://www.amazon.com//The-Testaments-A-Novel/dp/B07KYSPLBJ/ref=sr_1_4?pf_rd_i=16272&pf_rd_m=ATVPDKIKX0DER&pf_rd_p=3237dbf3-c1bb-5c72-8ce7-e082992624f7&pf_rd_r=P45DS9NK334QDQCFXPHG&pf_rd_s=merchandised-search-10&pf_rd_t=101&qid=1581496063&refinements=p_72%3A1250221011&s=books&sr=1-4'}
2020-02-12 09:27:44 [scrapy] DEBUG: Scraped from <200 https://www.amazon.com/s?rh=n%3A16272%2Cp_72%3A4-&pf_rd_i=16272&pf_rd_m=ATVPDKIKX0DER&pf_rd_p=3237dbf3-c1bb-5c72-8ce7-e082992624f7&pf_rd_r=P45DS9NK334QDQCFXPHG&pf_rd_s=merchandised-search-10&pf_rd_t=101&ref=Oct_TopRatedC_16272_SAll>
{'title': 'Brave New World', 'author': 'Aldous Huxley', 'image': 'https://m.media-amazon.com/images/I/41le8ej-fiL._AC_UY218_ML3_.jpg', 'price': 10.39, 'url': 'https://www.amazon.com//Brave-New-World-Aldous-Huxley/dp/0060850523/ref=sr_1_5?pf_rd_i=16272&pf_rd_m=ATVPDKIKX0DER&pf_rd_p=3237dbf3-c1bb-5c72-8ce7-e082992624f7&pf_rd_r=P45DS9NK334QDQCFXPHG&pf_rd_s=merchandised-search-10&pf_rd_t=101&qid=1581496063&refinements=p_72%3A1250221011&s=books&sr=1-5'}
2020-02-12 09:27:44 [scrapy] DEBUG: Scraped from <200 https://www.amazon.com/s?rh=n%3A16272%2Cp_72%3A4-&pf_rd_i=16272&pf_rd_m=ATVPDKIKX0DER&pf_rd_p=3237dbf3-c1bb-5c72-8ce7-e082992624f7&pf_rd_r=P45DS9NK334QDQCFXPHG&pf_rd_s=merchandised-search-10&pf_rd_t=101&ref=Oct_TopRatedC_16272_SAll>
{'title': 'Dune', 'author': 'Frank Herbert', 'image': 'https://m.media-amazon.com/images/I/518Je79ijlL._AC_UY218_ML3_.jpg', 'price': 0.0, 'url': 'https://www.amazon.com//gp/bestsellers/books/16273/ref=sr_bs_5_16273_1'}
2020-02-12 09:27:44 [scrapy] DEBUG: Scraped from <200 https://www.amazon.com/s?rh=n%3A16272%2Cp_72%3A4-&pf_rd_i=16272&pf_rd_m=ATVPDKIKX0DER&pf_rd_p=3237dbf3-c1bb-5c72-8ce7-e082992624f7&pf_rd_r=P45DS9NK334QDQCFXPHG&pf_rd_s=merchandised-search-10&pf_rd_t=101&ref=Oct_TopRatedC_16272_SAll>
{'title': 'Exhalation: Stories', 'author': 'Ted Chiang', 'image': 'https://m.media-amazon.com/images/I/71Xex6e+3VL._AC_UY218_ML3_.jpg', 'price': 13.99, 'url': 'https://www.amazon.com//Exhalation-Stories-Ted-Chiang-ebook/dp/B07GD46PQZ/ref=sr_1_7?pf_rd_i=16272&pf_rd_m=ATVPDKIKX0DER&pf_rd_p=3237dbf3-c1bb-5c72-8ce7-e082992624f7&pf_rd_r=P45DS9NK334QDQCFXPHG&pf_rd_s=merchandised-search-10&pf_rd_t=101&qid=1581496063&refinements=p_72%3A1250221011&s=books&sr=1-7'}
2020-02-12 09:27:44 [scrapy] DEBUG: Scraped from <200 https://www.amazon.com/s?rh=n%3A16272%2Cp_72%3A4-&pf_rd_i=16272&pf_rd_m=ATVPDKIKX0DER&pf_rd_p=3237dbf3-c1bb-5c72-8ce7-e082992624f7&pf_rd_r=P45DS9NK334QDQCFXPHG&pf_rd_s=merchandised-search-10&pf_rd_t=101&ref=Oct_TopRatedC_16272_SAll>
{'title': 'Slaughterhouse-Five: A Novel (Modern Library 100 Best Novels)', 'author': 'Kurt Vonnegut', 'image': 'https://m.media-amazon.com/images/I/71QcX1DbklL._AC_UY218_ML3_.jpg', 'price': 7.89, 'url': 'https://www.amazon.com//gp/bestsellers/books/16926921011/ref=sr_bs_7_16926921011_1'}
2020-02-12 09:27:44 [scrapy] DEBUG: Scraped from <200 https://www.amazon.com/s?rh=n%3A16272%2Cp_72%3A4-&pf_rd_i=16272&pf_rd_m=ATVPDKIKX0DER&pf_rd_p=3237dbf3-c1bb-5c72-8ce7-e082992624f7&pf_rd_r=P45DS9NK334QDQCFXPHG&pf_rd_s=merchandised-search-10&pf_rd_t=101&ref=Oct_TopRatedC_16272_SAll>
{'title': 'The Rise of Magicks: Chronicles of The One, Book 3', 'author': 'Nora Roberts', 'image': 'https://m.media-amazon.com/images/I/A1eZXXz6rSL._AC_UY218_ML3_.jpg', 'price': 14.99, 'url': 'https://www.amazon.com//Rise-Magicks-Chronicles-One-Book-ebook/dp/B07L2QR5WD/ref=sr_1_9?pf_rd_i=16272&pf_rd_m=ATVPDKIKX0DER&pf_rd_p=3237dbf3-c1bb-5c72-8ce7-e082992624f7&pf_rd_r=P45DS9NK334QDQCFXPHG&pf_rd_s=merchandised-search-10&pf_rd_t=101&qid=1581496063&refinements=p_72%3A1250221011&s=books&sr=1-9'}
2020-02-12 09:27:44 [scrapy] DEBUG: Scraped from <200 https://www.amazon.com/s?rh=n%3A16272%2Cp_72%3A4-&pf_rd_i=16272&pf_rd_m=ATVPDKIKX0DER&pf_rd_p=3237dbf3-c1bb-5c72-8ce7-e082992624f7&pf_rd_r=P45DS9NK334QDQCFXPHG&pf_rd_s=merchandised-search-10&pf_rd_t=101&ref=Oct_TopRatedC_16272_SAll>
{'title': 'Agency', 'author': 'William Gibson', 'image': 'https://m.media-amazon.com/images/I/71WqLOpjn4L._AC_UY218_ML3_.jpg', 'price': 14.99, 'url': 'https://www.amazon.com//Agency-William-Gibson-ebook/dp/B072NXSB14/ref=sr_1_10?pf_rd_i=16272&pf_rd_m=ATVPDKIKX0DER&pf_rd_p=3237dbf3-c1bb-5c72-8ce7-e082992624f7&pf_rd_r=P45DS9NK334QDQCFXPHG&pf_rd_s=merchandised-search-10&pf_rd_t=101&qid=1581496063&refinements=p_72%3A1250221011&s=books&sr=1-10'}
2020-02-12 09:27:44 [scrapy] DEBUG: Scraped from <200 https://www.amazon.com/s?rh=n%3A16272%2Cp_72%3A4-&pf_rd_i=16272&pf_rd_m=ATVPDKIKX0DER&pf_rd_p=3237dbf3-c1bb-5c72-8ce7-e082992624f7&pf_rd_r=P45DS9NK334QDQCFXPHG&pf_rd_s=merchandised-search-10&pf_rd_t=101&ref=Oct_TopRatedC_16272_SAll>
{'title': 'Star Wars®: Secrets of the Galaxy Deluxe Box Set', 'author': 'Daniel Wallace', 'image': 'https://m.media-amazon.com/images/I/517SCgSG7kL._AC_UY218_ML3_.jpg', 'price': 48.49, 'url': 'https://www.amazon.com//Star-Wars%C2%AE-Secrets-Galaxy-Deluxe/dp/1452159254/ref=sr_1_11?pf_rd_i=16272&pf_rd_m=ATVPDKIKX0DER&pf_rd_p=3237dbf3-c1bb-5c72-8ce7-e082992624f7&pf_rd_r=P45DS9NK334QDQCFXPHG&pf_rd_s=merchandised-search-10&pf_rd_t=101&qid=1581496063&refinements=p_72%3A1250221011&s=books&sr=1-11'}
2020-02-12 09:27:44 [scrapy] DEBUG: Scraped from <200 https://www.amazon.com/s?rh=n%3A16272%2Cp_72%3A4-&pf_rd_i=16272&pf_rd_m=ATVPDKIKX0DER&pf_rd_p=3237dbf3-c1bb-5c72-8ce7-e082992624f7&pf_rd_r=P45DS9NK334QDQCFXPHG&pf_rd_s=merchandised-search-10&pf_rd_t=101&ref=Oct_TopRatedC_16272_SAll>
{'title': 'Kindred', 'author': 'Octavia E. Butler', 'image': 'https://m.media-amazon.com/images/I/81KU7ZGvnZL._AC_UY218_ML3_.jpg', 'price': 9.59, 'url': 'https://www.amazon.com//Kindred-Octavia-Butler/dp/0807083690/ref=sr_1_12?pf_rd_i=16272&pf_rd_m=ATVPDKIKX0DER&pf_rd_p=3237dbf3-c1bb-5c72-8ce7-e082992624f7&pf_rd_r=P45DS9NK334QDQCFXPHG&pf_rd_s=merchandised-search-10&pf_rd_t=101&qid=1581496063&refinements=p_72%3A1250221011&s=books&sr=1-12'}
2020-02-12 09:27:44 [scrapy] DEBUG: Scraped from <200 https://www.amazon.com/s?rh=n%3A16272%2Cp_72%3A4-&pf_rd_i=16272&pf_rd_m=ATVPDKIKX0DER&pf_rd_p=3237dbf3-c1bb-5c72-8ce7-e082992624f7&pf_rd_r=P45DS9NK334QDQCFXPHG&pf_rd_s=merchandised-search-10&pf_rd_t=101&ref=Oct_TopRatedC_16272_SAll>
{'title': 'The Broken Earth Trilogy: The Fifth Season, The Obelisk Gate, The Stone Sky', 'author': 'N. K. Jemisin', 'image': 'https://m.media-amazon.com/images/I/61Z2Ki-oQtL._AC_UY218_ML3_.jpg', 'price': 24.39, 'url': 'https://www.amazon.com//Broken-Earth-Trilogy-Season-Obelisk/dp/031652719X/ref=sr_1_13?pf_rd_i=16272&pf_rd_m=ATVPDKIKX0DER&pf_rd_p=3237dbf3-c1bb-5c72-8ce7-e082992624f7&pf_rd_r=P45DS9NK334QDQCFXPHG&pf_rd_s=merchandised-search-10&pf_rd_t=101&qid=1581496063&refinements=p_72%3A1250221011&s=books&sr=1-13'}
2020-02-12 09:27:44 [scrapy] DEBUG: Scraped from <200 https://www.amazon.com/s?rh=n%3A16272%2Cp_72%3A4-&pf_rd_i=16272&pf_rd_m=ATVPDKIKX0DER&pf_rd_p=3237dbf3-c1bb-5c72-8ce7-e082992624f7&pf_rd_r=P45DS9NK334QDQCFXPHG&pf_rd_s=merchandised-search-10&pf_rd_t=101&ref=Oct_TopRatedC_16272_SAll>
{'title': "Tiamat's Wrath: The Expanse, Book 8", 'author': 'James S. A. Corey', 'image': 'https://m.media-amazon.com/images/I/81sw2a4Rs7L._AC_UY218_ML3_.jpg', 'price': 0.0, 'url': 'https://www.amazon.com//Tiamats-Wrath/dp/B07GFNQFFB/ref=sr_1_14?pf_rd_i=16272&pf_rd_m=ATVPDKIKX0DER&pf_rd_p=3237dbf3-c1bb-5c72-8ce7-e082992624f7&pf_rd_r=P45DS9NK334QDQCFXPHG&pf_rd_s=merchandised-search-10&pf_rd_t=101&qid=1581496063&refinements=p_72%3A1250221011&s=books&sr=1-14'}
2020-02-12 09:27:44 [scrapy] DEBUG: Scraped from <200 https://www.amazon.com/s?rh=n%3A16272%2Cp_72%3A4-&pf_rd_i=16272&pf_rd_m=ATVPDKIKX0DER&pf_rd_p=3237dbf3-c1bb-5c72-8ce7-e082992624f7&pf_rd_r=P45DS9NK334QDQCFXPHG&pf_rd_s=merchandised-search-10&pf_rd_t=101&ref=Oct_TopRatedC_16272_SAll>
{'title': 'Recursion: A Novel', 'author': 'Blake Crouch', 'image': 'https://m.media-amazon.com/images/I/81ENrS2YfNL._AC_UY218_ML3_.jpg', 'price': 11.99, 'url': 'https://www.amazon.com//Recursion-Novel-Blake-Crouch-ebook/dp/B07HDSHP7N/ref=sr_1_15?pf_rd_i=16272&pf_rd_m=ATVPDKIKX0DER&pf_rd_p=3237dbf3-c1bb-5c72-8ce7-e082992624f7&pf_rd_r=P45DS9NK334QDQCFXPHG&pf_rd_s=merchandised-search-10&pf_rd_t=101&qid=1581496063&refinements=p_72%3A1250221011&s=books&sr=1-15'}
2020-02-12 09:27:44 [scrapy] DEBUG: Scraped from <200 https://www.amazon.com/s?rh=n%3A16272%2Cp_72%3A4-&pf_rd_i=16272&pf_rd_m=ATVPDKIKX0DER&pf_rd_p=3237dbf3-c1bb-5c72-8ce7-e082992624f7&pf_rd_r=P45DS9NK334QDQCFXPHG&pf_rd_s=merchandised-search-10&pf_rd_t=101&ref=Oct_TopRatedC_16272_SAll>
{'title': 'Station Eleven: A novel', 'author': 'Emily St. John Mandel', 'image': 'https://m.media-amazon.com/images/I/91s5iLtZxTL._AC_UY218_ML3_.jpg', 'price': 9.99, 'url': 'https://www.amazon.com//Station-Eleven-Emily-John-Mandel-ebook/dp/B00J1IQUYM/ref=sr_1_16?pf_rd_i=16272&pf_rd_m=ATVPDKIKX0DER&pf_rd_p=3237dbf3-c1bb-5c72-8ce7-e082992624f7&pf_rd_r=P45DS9NK334QDQCFXPHG&pf_rd_s=merchandised-search-10&pf_rd_t=101&qid=1581496063&refinements=p_72%3A1250221011&s=books&sr=1-16'}
2020-02-12 09:27:45 [scrapy] DEBUG: Crawled (200) <GET https://www.amazon.com/s?i=stripbooks&bbn=16272&rh=n%3A16272%2Cp_72%3A1250221011%2Cp_n_feature_browse-bin%3A2656022011&dc&page=31&pf_rd_i=16272&pf_rd_m=ATVPDKIKX0DER&pf_rd_p=3237dbf3-c1bb-5c72-8ce7-e082992624f7&pf_rd_r=P45DS9NK334QDQCFXPHG&pf_rd_s=merchandised-search-10&pf_rd_t=101&qid=1581470763&rnid=618072011&> (referer: https://www.amazon.com/s?rh=n%3A16272%2Cp_72%3A4-&pf_rd_i=16272&pf_rd_m=ATVPDKIKX0DER&pf_rd_p=3237dbf3-c1bb-5c72-8ce7-e082992624f7&pf_rd_r=P45DS9NK334QDQCFXPHG&pf_rd_s=merchandised-search-10&pf_rd_t=101&ref=Oct_TopRatedC_16272_SAll)
2020-02-12 09:27:45 [scrapy] DEBUG: Scraped from <200 https://www.amazon.com/s?i=stripbooks&bbn=16272&rh=n%3A16272%2Cp_72%3A1250221011%2Cp_n_feature_browse-bin%3A2656022011&dc&page=31&pf_rd_i=16272&pf_rd_m=ATVPDKIKX0DER&pf_rd_p=3237dbf3-c1bb-5c72-8ce7-e082992624f7&pf_rd_r=P45DS9NK334QDQCFXPHG&pf_rd_s=merchandised-search-10&pf_rd_t=101&qid=1581470763&rnid=618072011&>
{'title': 'Lord of Light', 'author': 'Roger Zelazny', 'image': 'https://m.media-amazon.com/images/I/71cTMYu0LGL._AC_UY218_ML3_.jpg', 'price': 8.99, 'url': 'https://www.amazon.com//Lord-Light-Roger-Zelazny/dp/0060567236/ref=sr_1_481?pf_rd_i=16272&pf_rd_m=ATVPDKIKX0DER&pf_rd_p=3237dbf3-c1bb-5c72-8ce7-e082992624f7&pf_rd_r=P45DS9NK334QDQCFXPHG&pf_rd_s=merchandised-search-10&pf_rd_t=101&qid=1581496064&refinements=p_72%3A1250221011%2Cp_n_feature_browse-bin%3A2656022011&rnid=618072011&s=books&sr=1-481'}
2020-02-12 09:27:45 [scrapy] DEBUG: Scraped from <200 https://www.amazon.com/s?i=stripbooks&bbn=16272&rh=n%3A16272%2Cp_72%3A1250221011%2Cp_n_feature_browse-bin%3A2656022011&dc&page=31&pf_rd_i=16272&pf_rd_m=ATVPDKIKX0DER&pf_rd_p=3237dbf3-c1bb-5c72-8ce7-e082992624f7&pf_rd_r=P45DS9NK334QDQCFXPHG&pf_rd_s=merchandised-search-10&pf_rd_t=101&qid=1581470763&rnid=618072011&>
{'title': 'The Rule of One', 'author': 'Ashley Saunders', 'image': 'https://m.media-amazon.com/images/I/61I0qrIp7EL._AC_UY218_ML3_.jpg', 'price': 6.79, 'url': 'https://www.amazon.com//Rule-One-Ashley-Saunders/dp/1503953173/ref=sr_1_482?pf_rd_i=16272&pf_rd_m=ATVPDKIKX0DER&pf_rd_p=3237dbf3-c1bb-5c72-8ce7-e082992624f7&pf_rd_r=P45DS9NK334QDQCFXPHG&pf_rd_s=merchandised-search-10&pf_rd_t=101&qid=1581496064&refinements=p_72%3A1250221011%2Cp_n_feature_browse-bin%3A2656022011&rnid=618072011&s=books&sr=1-482'}
2020-02-12 09:27:45 [scrapy] DEBUG: Scraped from <200 https://www.amazon.com/s?i=stripbooks&bbn=16272&rh=n%3A16272%2Cp_72%3A1250221011%2Cp_n_feature_browse-bin%3A2656022011&dc&page=31&pf_rd_i=16272&pf_rd_m=ATVPDKIKX0DER&pf_rd_p=3237dbf3-c1bb-5c72-8ce7-e082992624f7&pf_rd_r=P45DS9NK334QDQCFXPHG&pf_rd_s=merchandised-search-10&pf_rd_t=101&qid=1581470763&rnid=618072011&>
{'title': 'The Harper Hall Trilogy: Dragonsong; Dragonsinger; Dragondrums (Harper Hall of Pern)', 'author': 'Anne McCaffrey', 'image': 'https://m.media-amazon.com/images/I/61qJa3HX+lL._AC_UY218_ML3_.jpg', 'price': 25.29, 'url': 'https://www.amazon.com//Harper-Hall-Trilogy-Dragonsinger-Dragondrums/dp/148145692X/ref=sr_1_483?pf_rd_i=16272&pf_rd_m=ATVPDKIKX0DER&pf_rd_p=3237dbf3-c1bb-5c72-8ce7-e082992624f7&pf_rd_r=P45DS9NK334QDQCFXPHG&pf_rd_s=merchandised-search-10&pf_rd_t=101&qid=1581496064&refinements=p_72%3A1250221011%2Cp_n_feature_browse-bin%3A2656022011&rnid=618072011&s=books&sr=1-483'}
2020-02-12 09:27:45 [scrapy] DEBUG: Scraped from <200 https://www.amazon.com/s?i=stripbooks&bbn=16272&rh=n%3A16272%2Cp_72%3A1250221011%2Cp_n_feature_browse-bin%3A2656022011&dc&page=31&pf_rd_i=16272&pf_rd_m=ATVPDKIKX0DER&pf_rd_p=3237dbf3-c1bb-5c72-8ce7-e082992624f7&pf_rd_r=P45DS9NK334QDQCFXPHG&pf_rd_s=merchandised-search-10&pf_rd_t=101&qid=1581470763&rnid=618072011&>
{'title': 'The Monsters and the Critics: And Other Essays. J.R.R. Tolkien', 'author': 'J. R. R. Tolkien', 'image': 'https://m.media-amazon.com/images/I/51IVucvVPzL._AC_UY218_ML3_.jpg', 'price': 10.99, 'url': 'https://www.amazon.com//Monsters-Critics-Essays-J-R-R-Tolkien/dp/026110263X/ref=sr_1_484?pf_rd_i=16272&pf_rd_m=ATVPDKIKX0DER&pf_rd_p=3237dbf3-c1bb-5c72-8ce7-e082992624f7&pf_rd_r=P45DS9NK334QDQCFXPHG&pf_rd_s=merchandised-search-10&pf_rd_t=101&qid=1581496064&refinements=p_72%3A1250221011%2Cp_n_feature_browse-bin%3A2656022011&rnid=618072011&s=books&sr=1-484'}
2020-02-12 09:27:45 [scrapy] DEBUG: Scraped from <200 https://www.amazon.com/s?i=stripbooks&bbn=16272&rh=n%3A16272%2Cp_72%3A1250221011%2Cp_n_feature_browse-bin%3A2656022011&dc&page=31&pf_rd_i=16272&pf_rd_m=ATVPDKIKX0DER&pf_rd_p=3237dbf3-c1bb-5c72-8ce7-e082992624f7&pf_rd_r=P45DS9NK334QDQCFXPHG&pf_rd_s=merchandised-search-10&pf_rd_t=101&qid=1581470763&rnid=618072011&>
{'title': 'From the Earth to the Moon (Illustrated 1874 Edition): 100th Anniversary Collection', 'author': 'Jules Verne', 'image': 'https://m.media-amazon.com/images/I/81Xxxkdm+pL._AC_UY218_ML3_.jpg', 'price': 11.95, 'url': 'https://www.amazon.com//Earth-Moon-Illustrated-1874-Anniversary/dp/1949460827/ref=sr_1_485?pf_rd_i=16272&pf_rd_m=ATVPDKIKX0DER&pf_rd_p=3237dbf3-c1bb-5c72-8ce7-e082992624f7&pf_rd_r=P45DS9NK334QDQCFXPHG&pf_rd_s=merchandised-search-10&pf_rd_t=101&qid=1581496064&refinements=p_72%3A1250221011%2Cp_n_feature_browse-bin%3A2656022011&rnid=618072011&s=books&sr=1-485'}
2020-02-12 09:27:45 [scrapy] DEBUG: Scraped from <200 https://www.amazon.com/s?i=stripbooks&bbn=16272&rh=n%3A16272%2Cp_72%3A1250221011%2Cp_n_feature_browse-bin%3A2656022011&dc&page=31&pf_rd_i=16272&pf_rd_m=ATVPDKIKX0DER&pf_rd_p=3237dbf3-c1bb-5c72-8ce7-e082992624f7&pf_rd_r=P45DS9NK334QDQCFXPHG&pf_rd_s=merchandised-search-10&pf_rd_t=101&qid=1581470763&rnid=618072011&>
{'title': 'Dragonflight (Dragonriders of Pern - Volume 1)', 'author': 'Anne McCaffrey', 'image': 'https://m.media-amazon.com/images/I/81-68ZEVrpL._AC_UY218_ML3_.jpg', 'price': 7.52, 'url': 'https://www.amazon.com//Dragonflight-Dragonriders-Pern-Anne-McCaffrey/dp/0345335465/ref=sr_1_486?pf_rd_i=16272&pf_rd_m=ATVPDKIKX0DER&pf_rd_p=3237dbf3-c1bb-5c72-8ce7-e082992624f7&pf_rd_r=P45DS9NK334QDQCFXPHG&pf_rd_s=merchandised-search-10&pf_rd_t=101&qid=1581496064&refinements=p_72%3A1250221011%2Cp_n_feature_browse-bin%3A2656022011&rnid=618072011&s=books&sr=1-486'}
2020-02-12 09:27:45 [scrapy] DEBUG: Scraped from <200 https://www.amazon.com/s?i=stripbooks&bbn=16272&rh=n%3A16272%2Cp_72%3A1250221011%2Cp_n_feature_browse-bin%3A2656022011&dc&page=31&pf_rd_i=16272&pf_rd_m=ATVPDKIKX0DER&pf_rd_p=3237dbf3-c1bb-5c72-8ce7-e082992624f7&pf_rd_r=P45DS9NK334QDQCFXPHG&pf_rd_s=merchandised-search-10&pf_rd_t=101&qid=1581470763&rnid=618072011&>
{'title': 'Lightning', 'author': 'Dean Koontz', 'image': 'https://m.media-amazon.com/images/I/81rhujmKiTL._AC_UY218_ML3_.jpg', 'price': 7.59, 'url': 'https://www.amazon.com//Lightning-Dean-Koontz/dp/0425192032/ref=sr_1_487?pf_rd_i=16272&pf_rd_m=ATVPDKIKX0DER&pf_rd_p=3237dbf3-c1bb-5c72-8ce7-e082992624f7&pf_rd_r=P45DS9NK334QDQCFXPHG&pf_rd_s=merchandised-search-10&pf_rd_t=101&qid=1581496064&refinements=p_72%3A1250221011%2Cp_n_feature_browse-bin%3A2656022011&rnid=618072011&s=books&sr=1-487'}
2020-02-12 09:27:45 [scrapy] DEBUG: Scraped from <200 https://www.amazon.com/s?i=stripbooks&bbn=16272&rh=n%3A16272%2Cp_72%3A1250221011%2Cp_n_feature_browse-bin%3A2656022011&dc&page=31&pf_rd_i=16272&pf_rd_m=ATVPDKIKX0DER&pf_rd_p=3237dbf3-c1bb-5c72-8ce7-e082992624f7&pf_rd_r=P45DS9NK334QDQCFXPHG&pf_rd_s=merchandised-search-10&pf_rd_t=101&qid=1581470763&rnid=618072011&>
{'title': 'Kingdom Come: The Final Victory (Left Behind Sequel)', 'author': 'Tim LaHaye', 'image': 'https://m.media-amazon.com/images/I/51quzFT82cL._AC_UY218_ML3_.jpg', 'price': 13.99, 'url': 'https://www.amazon.com//Kingdom-Come-Final-Victory-Behind/dp/0842361901/ref=sr_1_488?pf_rd_i=16272&pf_rd_m=ATVPDKIKX0DER&pf_rd_p=3237dbf3-c1bb-5c72-8ce7-e082992624f7&pf_rd_r=P45DS9NK334QDQCFXPHG&pf_rd_s=merchandised-search-10&pf_rd_t=101&qid=1581496064&refinements=p_72%3A1250221011%2Cp_n_feature_browse-bin%3A2656022011&rnid=618072011&s=books&sr=1-488'}
2020-02-12 09:27:45 [scrapy] DEBUG: Scraped from <200 https://www.amazon.com/s?i=stripbooks&bbn=16272&rh=n%3A16272%2Cp_72%3A1250221011%2Cp_n_feature_browse-bin%3A2656022011&dc&page=31&pf_rd_i=16272&pf_rd_m=ATVPDKIKX0DER&pf_rd_p=3237dbf3-c1bb-5c72-8ce7-e082992624f7&pf_rd_r=P45DS9NK334QDQCFXPHG&pf_rd_s=merchandised-search-10&pf_rd_t=101&qid=1581470763&rnid=618072011&>
{'title': 'Uncompromising Honor (19) (Honor Harrington)', 'author': 'David Weber', 'image': 'https://m.media-amazon.com/images/I/81D8nQLdUvL._AC_UY218_ML3_.jpg', 'price': 5.99, 'url': 'https://www.amazon.com//Uncompromising-Honor-19-Harrington/dp/198212413X/ref=sr_1_489?pf_rd_i=16272&pf_rd_m=ATVPDKIKX0DER&pf_rd_p=3237dbf3-c1bb-5c72-8ce7-e082992624f7&pf_rd_r=P45DS9NK334QDQCFXPHG&pf_rd_s=merchandised-search-10&pf_rd_t=101&qid=1581496064&refinements=p_72%3A1250221011%2Cp_n_feature_browse-bin%3A2656022011&rnid=618072011&s=books&sr=1-489'}
2020-02-12 09:27:45 [scrapy] DEBUG: Scraped from <200 https://www.amazon.com/s?i=stripbooks&bbn=16272&rh=n%3A16272%2Cp_72%3A1250221011%2Cp_n_feature_browse-bin%3A2656022011&dc&page=31&pf_rd_i=16272&pf_rd_m=ATVPDKIKX0DER&pf_rd_p=3237dbf3-c1bb-5c72-8ce7-e082992624f7&pf_rd_r=P45DS9NK334QDQCFXPHG&pf_rd_s=merchandised-search-10&pf_rd_t=101&qid=1581470763&rnid=618072011&>
{'title': "Dirk Gently's Holistic Detective Agency", 'author': 'Douglas Adams', 'image': 'https://m.media-amazon.com/images/I/8125MJHWZ9L._AC_UY218_ML3_.jpg', 'price': 11.6, 'url': 'https://www.amazon.com//Dirk-Gentlys-Holistic-Detective-Agency/dp/1476782997/ref=sr_1_490?pf_rd_i=16272&pf_rd_m=ATVPDKIKX0DER&pf_rd_p=3237dbf3-c1bb-5c72-8ce7-e082992624f7&pf_rd_r=P45DS9NK334QDQCFXPHG&pf_rd_s=merchandised-search-10&pf_rd_t=101&qid=1581496064&refinements=p_72%3A1250221011%2Cp_n_feature_browse-bin%3A2656022011&rnid=618072011&s=books&sr=1-490'}
2020-02-12 09:27:45 [scrapy] DEBUG: Scraped from <200 https://www.amazon.com/s?i=stripbooks&bbn=16272&rh=n%3A16272%2Cp_72%3A1250221011%2Cp_n_feature_browse-bin%3A2656022011&dc&page=31&pf_rd_i=16272&pf_rd_m=ATVPDKIKX0DER&pf_rd_p=3237dbf3-c1bb-5c72-8ce7-e082992624f7&pf_rd_r=P45DS9NK334QDQCFXPHG&pf_rd_s=merchandised-search-10&pf_rd_t=101&qid=1581470763&rnid=618072011&>
{'title': 'Do Androids Dream of Electric Sheep Omnibus', 'author': 'various', 'image': 'https://m.media-amazon.com/images/I/91A+jbtrOUL._AC_UY218_ML3_.jpg', 'price': 34.16, 'url': 'https://www.amazon.com//Androids-Dream-Electric-Sheep-Omnibus/dp/1608867846/ref=sr_1_491?pf_rd_i=16272&pf_rd_m=ATVPDKIKX0DER&pf_rd_p=3237dbf3-c1bb-5c72-8ce7-e082992624f7&pf_rd_r=P45DS9NK334QDQCFXPHG&pf_rd_s=merchandised-search-10&pf_rd_t=101&qid=1581496064&refinements=p_72%3A1250221011%2Cp_n_feature_browse-bin%3A2656022011&rnid=618072011&s=books&sr=1-491'}
2020-02-12 09:27:45 [scrapy] DEBUG: Scraped from <200 https://www.amazon.com/s?i=stripbooks&bbn=16272&rh=n%3A16272%2Cp_72%3A1250221011%2Cp_n_feature_browse-bin%3A2656022011&dc&page=31&pf_rd_i=16272&pf_rd_m=ATVPDKIKX0DER&pf_rd_p=3237dbf3-c1bb-5c72-8ce7-e082992624f7&pf_rd_r=P45DS9NK334QDQCFXPHG&pf_rd_s=merchandised-search-10&pf_rd_t=101&qid=1581470763&rnid=618072011&>
{'title': 'Tribulation Force: The Continuing Drama of Those Left Behind', 'author': 'Tim LaHaye', 'image': 'https://m.media-amazon.com/images/I/51O5pBN8ToL._AC_UY218_ML3_.jpg', 'price': 12.18, 'url': 'https://www.amazon.com//Tribulation-Force-Continuing-Drama-Behind/dp/1414334915/ref=sr_1_492?pf_rd_i=16272&pf_rd_m=ATVPDKIKX0DER&pf_rd_p=3237dbf3-c1bb-5c72-8ce7-e082992624f7&pf_rd_r=P45DS9NK334QDQCFXPHG&pf_rd_s=merchandised-search-10&pf_rd_t=101&qid=1581496064&refinements=p_72%3A1250221011%2Cp_n_feature_browse-bin%3A2656022011&rnid=618072011&s=books&sr=1-492'}
2020-02-12 09:27:45 [scrapy] DEBUG: Scraped from <200 https://www.amazon.com/s?i=stripbooks&bbn=16272&rh=n%3A16272%2Cp_72%3A1250221011%2Cp_n_feature_browse-bin%3A2656022011&dc&page=31&pf_rd_i=16272&pf_rd_m=ATVPDKIKX0DER&pf_rd_p=3237dbf3-c1bb-5c72-8ce7-e082992624f7&pf_rd_r=P45DS9NK334QDQCFXPHG&pf_rd_s=merchandised-search-10&pf_rd_t=101&qid=1581470763&rnid=618072011&>
{'title': 're:Zero Starting Life in Another World, Vol. 8 (light novel)', 'author': 'Tappei Nagatsuki', 'image': 'https://m.media-amazon.com/images/I/91I425QigML._AC_UY218_ML3_.jpg', 'price': 10.79, 'url': 'https://www.amazon.com//Re-Starting-Another-World-light/dp/1975301935/ref=sr_1_493?pf_rd_i=16272&pf_rd_m=ATVPDKIKX0DER&pf_rd_p=3237dbf3-c1bb-5c72-8ce7-e082992624f7&pf_rd_r=P45DS9NK334QDQCFXPHG&pf_rd_s=merchandised-search-10&pf_rd_t=101&qid=1581496064&refinements=p_72%3A1250221011%2Cp_n_feature_browse-bin%3A2656022011&rnid=618072011&s=books&sr=1-493'}
2020-02-12 09:27:45 [scrapy] ERROR: Spider error processing <GET https://www.amazon.com/s?i=stripbooks&bbn=16272&rh=n%3A16272%2Cp_72%3A1250221011%2Cp_n_feature_browse-bin%3A2656022011&dc&page=31&pf_rd_i=16272&pf_rd_m=ATVPDKIKX0DER&pf_rd_p=3237dbf3-c1bb-5c72-8ce7-e082992624f7&pf_rd_r=P45DS9NK334QDQCFXPHG&pf_rd_s=merchandised-search-10&pf_rd_t=101&qid=1581470763&rnid=618072011&> (referer: https://www.amazon.com/s?rh=n%3A16272%2Cp_72%3A4-&pf_rd_i=16272&pf_rd_m=ATVPDKIKX0DER&pf_rd_p=3237dbf3-c1bb-5c72-8ce7-e082992624f7&pf_rd_r=P45DS9NK334QDQCFXPHG&pf_rd_s=merchandised-search-10&pf_rd_t=101&ref=Oct_TopRatedC_16272_SAll)
Traceback (most recent call last):
  File "/home/bullfroggie/.local/share/virtualenvs/Photon-9YoVy4dK/lib/python3.7/site-packages/scrapy/utils/defer.py", line 102, in iter_errback
    yield next(it)
  File "/home/bullfroggie/.local/share/virtualenvs/Photon-9YoVy4dK/lib/python3.7/site-packages/scrapy/core/spidermw.py", line 84, in evaluate_iterable
    for r in iterable:
  File "/home/bullfroggie/.local/share/virtualenvs/Photon-9YoVy4dK/lib/python3.7/site-packages/scrapy/spidermiddlewares/offsite.py", line 29, in process_spider_output
    for x in result:
  File "/home/bullfroggie/.local/share/virtualenvs/Photon-9YoVy4dK/lib/python3.7/site-packages/scrapy/core/spidermw.py", line 84, in evaluate_iterable
    for r in iterable:
  File "/home/bullfroggie/.local/share/virtualenvs/Photon-9YoVy4dK/lib/python3.7/site-packages/scrapy/spidermiddlewares/referer.py", line 339, in <genexpr>
    return (_set_referer(r) for r in result or ())
  File "/home/bullfroggie/.local/share/virtualenvs/Photon-9YoVy4dK/lib/python3.7/site-packages/scrapy/core/spidermw.py", line 84, in evaluate_iterable
    for r in iterable:
  File "/home/bullfroggie/.local/share/virtualenvs/Photon-9YoVy4dK/lib/python3.7/site-packages/scrapy/spidermiddlewares/urllength.py", line 37, in <genexpr>
    return (r for r in result or () if _filter(r))
  File "/home/bullfroggie/.local/share/virtualenvs/Photon-9YoVy4dK/lib/python3.7/site-packages/scrapy/core/spidermw.py", line 84, in evaluate_iterable
    for r in iterable:
  File "/home/bullfroggie/.local/share/virtualenvs/Photon-9YoVy4dK/lib/python3.7/site-packages/scrapy/spidermiddlewares/depth.py", line 58, in <genexpr>
    return (r for r in result or () if _filter(r))
  File "/home/bullfroggie/Documents/Projects/Photon/Scifibot/spiders/amazon_book_spider.py", line 26, in parse
    f"{book.css('.sg-col-inner .sg-row .a-spacing-top-small .a-price span span').css('::text').extract()[1]}.{book.css('.sg-col-inner .sg-row .a-spacing-top-small .a-price span span').css('::text').extract()[4]}"
IndexError: list index out of range
2020-02-12 09:27:45 [scrapy] INFO: Closing spider (finished)
2020-02-12 09:27:45 [scrapy] INFO: Dumping Scrapy stats:
{'downloader/request_bytes': 1720,
 'downloader/request_count': 3,
 'downloader/request_method_count/GET': 3,
 'downloader/response_bytes': 216531,
 'downloader/response_count': 3,
 'downloader/response_status_count/200': 3,
 'elapsed_time_seconds': 3.24217,
 'finish_reason': 'finished',
 'finish_time': datetime.datetime(2020, 2, 12, 8, 27, 45, 734323),
 'item_scraped_count': 29,
 'log_count/DEBUG': 123,
 'log_count/ERROR': 1,
 'log_count/INFO': 7,
 'log_count/WARNING': 45,
 'memusage/max': 105828352,
 'memusage/startup': 105828352,
 'request_depth_max': 1,
 'response_received_count': 3,
 'robotstxt/request_count': 1,
 'robotstxt/response_count': 1,
 'robotstxt/response_status_count/200': 1,
 'scheduler/dequeued': 2,
 'scheduler/dequeued/memory': 2,
 'scheduler/enqueued': 2,
 'scheduler/enqueued/memory': 2,
 'spider_exceptions/IndexError': 1,
 'start_time': datetime.datetime(2020, 2, 12, 8, 27, 42, 492153)}
2020-02-12 09:27:45 [scrapy] INFO: Spider closed (finished)
