2020-02-12 22:06:33 [scrapy] DEBUG: Crawled (200) <GET https://www.amazon.com/robots.txt> (referer: None)
2020-02-12 22:06:34 [scrapy] DEBUG: Crawled (200) <GET https://www.amazon.com/s?rh=n%3A16272%2Cp_72%3A4-&pf_rd_i=16272&pf_rd_m=ATVPDKIKX0DER&pf_rd_p=3237dbf3-c1bb-5c72-8ce7-e082992624f7&pf_rd_r=P45DS9NK334QDQCFXPHG&pf_rd_s=merchandised-search-10&pf_rd_t=101&ref=Oct_TopRatedC_16272_SAll> (referer: None)
2020-02-12 22:06:35 [scrapy] DEBUG: Scraped from <200 https://www.amazon.com/s?rh=n%3A16272%2Cp_72%3A4-&pf_rd_i=16272&pf_rd_m=ATVPDKIKX0DER&pf_rd_p=3237dbf3-c1bb-5c72-8ce7-e082992624f7&pf_rd_r=P45DS9NK334QDQCFXPHG&pf_rd_s=merchandised-search-10&pf_rd_t=101&ref=Oct_TopRatedC_16272_SAll>
{'title': 'Fahrenheit 451', 'author': 'Ray Bradbury', 'image': 'https://m.media-amazon.com/images/I/71OFqSRFDgL._AC_UY218_ML3_.jpg', 'price': 8.29, 'url': 'https://www.amazon.com//gp/bestsellers/books/3825151/ref=sr_bs_0_3825151_1'}
2020-02-12 22:06:35 [scrapy] DEBUG: Scraped from <200 https://www.amazon.com/s?rh=n%3A16272%2Cp_72%3A4-&pf_rd_i=16272&pf_rd_m=ATVPDKIKX0DER&pf_rd_p=3237dbf3-c1bb-5c72-8ce7-e082992624f7&pf_rd_r=P45DS9NK334QDQCFXPHG&pf_rd_s=merchandised-search-10&pf_rd_t=101&ref=Oct_TopRatedC_16272_SAll>
{'title': "The Handmaid's Tale", 'author': 'Margaret Atwood', 'image': 'https://m.media-amazon.com/images/I/71xL8U55tYL._AC_UY218_ML3_.jpg', 'price': 7.99, 'url': 'https://www.amazon.com//Handmaids-Tale-Margaret-Atwood/dp/038549081X/ref=sr_1_2?pf_rd_i=16272&pf_rd_m=ATVPDKIKX0DER&pf_rd_p=3237dbf3-c1bb-5c72-8ce7-e082992624f7&pf_rd_r=P45DS9NK334QDQCFXPHG&pf_rd_s=merchandised-search-10&pf_rd_t=101&qid=1581541594&refinements=p_72%3A1250221011&s=books&sr=1-2'}
2020-02-12 22:06:35 [scrapy] DEBUG: Scraped from <200 https://www.amazon.com/s?rh=n%3A16272%2Cp_72%3A4-&pf_rd_i=16272&pf_rd_m=ATVPDKIKX0DER&pf_rd_p=3237dbf3-c1bb-5c72-8ce7-e082992624f7&pf_rd_r=P45DS9NK334QDQCFXPHG&pf_rd_s=merchandised-search-10&pf_rd_t=101&ref=Oct_TopRatedC_16272_SAll>
{'title': '1984: New Classic Edition', 'author': 'George Orwell', 'image': 'https://m.media-amazon.com/images/I/51aKS+6StwL._AC_UY218_ML3_.jpg', 'price': 0.0, 'url': 'https://www.amazon.com//1984-New-Classic-Edition/dp/B000Q6ZLOI/ref=sr_1_3?pf_rd_i=16272&pf_rd_m=ATVPDKIKX0DER&pf_rd_p=3237dbf3-c1bb-5c72-8ce7-e082992624f7&pf_rd_r=P45DS9NK334QDQCFXPHG&pf_rd_s=merchandised-search-10&pf_rd_t=101&qid=1581541594&refinements=p_72%3A1250221011&s=books&sr=1-3'}
2020-02-12 22:06:35 [scrapy] DEBUG: Scraped from <200 https://www.amazon.com/s?rh=n%3A16272%2Cp_72%3A4-&pf_rd_i=16272&pf_rd_m=ATVPDKIKX0DER&pf_rd_p=3237dbf3-c1bb-5c72-8ce7-e082992624f7&pf_rd_r=P45DS9NK334QDQCFXPHG&pf_rd_s=merchandised-search-10&pf_rd_t=101&ref=Oct_TopRatedC_16272_SAll>
{'title': 'Brave New World', 'author': 'Aldous Huxley', 'image': 'https://m.media-amazon.com/images/I/41le8ej-fiL._AC_UY218_ML3_.jpg', 'price': 10.39, 'url': 'https://www.amazon.com//Brave-New-World-Aldous-Huxley/dp/0060850523/ref=sr_1_4?pf_rd_i=16272&pf_rd_m=ATVPDKIKX0DER&pf_rd_p=3237dbf3-c1bb-5c72-8ce7-e082992624f7&pf_rd_r=P45DS9NK334QDQCFXPHG&pf_rd_s=merchandised-search-10&pf_rd_t=101&qid=1581541594&refinements=p_72%3A1250221011&s=books&sr=1-4'}
2020-02-12 22:06:35 [scrapy] DEBUG: Scraped from <200 https://www.amazon.com/s?rh=n%3A16272%2Cp_72%3A4-&pf_rd_i=16272&pf_rd_m=ATVPDKIKX0DER&pf_rd_p=3237dbf3-c1bb-5c72-8ce7-e082992624f7&pf_rd_r=P45DS9NK334QDQCFXPHG&pf_rd_s=merchandised-search-10&pf_rd_t=101&ref=Oct_TopRatedC_16272_SAll>
{'title': "The Testaments: The Sequel to The Handmaid's Tale", 'author': 'Margaret Atwood', 'image': 'https://m.media-amazon.com/images/I/71H4ZHHJK4L._AC_UY218_ML3_.jpg', 'price': 0.0, 'url': 'https://www.amazon.com//The-Testaments-A-Novel/dp/B07KYSPLBJ/ref=sr_1_5?pf_rd_i=16272&pf_rd_m=ATVPDKIKX0DER&pf_rd_p=3237dbf3-c1bb-5c72-8ce7-e082992624f7&pf_rd_r=P45DS9NK334QDQCFXPHG&pf_rd_s=merchandised-search-10&pf_rd_t=101&qid=1581541594&refinements=p_72%3A1250221011&s=books&sr=1-5'}
2020-02-12 22:06:35 [scrapy] DEBUG: Scraped from <200 https://www.amazon.com/s?rh=n%3A16272%2Cp_72%3A4-&pf_rd_i=16272&pf_rd_m=ATVPDKIKX0DER&pf_rd_p=3237dbf3-c1bb-5c72-8ce7-e082992624f7&pf_rd_r=P45DS9NK334QDQCFXPHG&pf_rd_s=merchandised-search-10&pf_rd_t=101&ref=Oct_TopRatedC_16272_SAll>
{'title': 'Dune', 'author': 'Frank Herbert', 'image': 'https://m.media-amazon.com/images/I/518Je79ijlL._AC_UY218_ML3_.jpg', 'price': 0.0, 'url': 'https://www.amazon.com//gp/bestsellers/books/2402306011/ref=sr_bs_5_2402306011_1'}
2020-02-12 22:06:35 [scrapy] DEBUG: Scraped from <200 https://www.amazon.com/s?rh=n%3A16272%2Cp_72%3A4-&pf_rd_i=16272&pf_rd_m=ATVPDKIKX0DER&pf_rd_p=3237dbf3-c1bb-5c72-8ce7-e082992624f7&pf_rd_r=P45DS9NK334QDQCFXPHG&pf_rd_s=merchandised-search-10&pf_rd_t=101&ref=Oct_TopRatedC_16272_SAll>
{'title': 'Exhalation: Stories', 'author': 'Ted Chiang', 'image': 'https://m.media-amazon.com/images/I/71Xex6e+3VL._AC_UY218_ML3_.jpg', 'price': 13.99, 'url': 'https://www.amazon.com//Exhalation-Stories-Ted-Chiang-ebook/dp/B07GD46PQZ/ref=sr_1_7?pf_rd_i=16272&pf_rd_m=ATVPDKIKX0DER&pf_rd_p=3237dbf3-c1bb-5c72-8ce7-e082992624f7&pf_rd_r=P45DS9NK334QDQCFXPHG&pf_rd_s=merchandised-search-10&pf_rd_t=101&qid=1581541594&refinements=p_72%3A1250221011&s=books&sr=1-7'}
2020-02-12 22:06:35 [scrapy] DEBUG: Scraped from <200 https://www.amazon.com/s?rh=n%3A16272%2Cp_72%3A4-&pf_rd_i=16272&pf_rd_m=ATVPDKIKX0DER&pf_rd_p=3237dbf3-c1bb-5c72-8ce7-e082992624f7&pf_rd_r=P45DS9NK334QDQCFXPHG&pf_rd_s=merchandised-search-10&pf_rd_t=101&ref=Oct_TopRatedC_16272_SAll>
{'title': 'Slaughterhouse-Five: A Novel (Modern Library 100 Best Novels)', 'author': 'Kurt Vonnegut', 'image': 'https://m.media-amazon.com/images/I/71QcX1DbklL._AC_UY218_ML3_.jpg', 'price': 7.89, 'url': 'https://www.amazon.com//gp/bestsellers/books/16926921011/ref=sr_bs_7_16926921011_1'}
2020-02-12 22:06:35 [scrapy] DEBUG: Scraped from <200 https://www.amazon.com/s?rh=n%3A16272%2Cp_72%3A4-&pf_rd_i=16272&pf_rd_m=ATVPDKIKX0DER&pf_rd_p=3237dbf3-c1bb-5c72-8ce7-e082992624f7&pf_rd_r=P45DS9NK334QDQCFXPHG&pf_rd_s=merchandised-search-10&pf_rd_t=101&ref=Oct_TopRatedC_16272_SAll>
{'title': 'The Rise of Magicks: Chronicles of The One, Book 3', 'author': 'Nora Roberts', 'image': 'https://m.media-amazon.com/images/I/A1eZXXz6rSL._AC_UY218_ML3_.jpg', 'price': 14.99, 'url': 'https://www.amazon.com//Rise-Magicks-Chronicles-One-Book-ebook/dp/B07L2QR5WD/ref=sr_1_9?pf_rd_i=16272&pf_rd_m=ATVPDKIKX0DER&pf_rd_p=3237dbf3-c1bb-5c72-8ce7-e082992624f7&pf_rd_r=P45DS9NK334QDQCFXPHG&pf_rd_s=merchandised-search-10&pf_rd_t=101&qid=1581541594&refinements=p_72%3A1250221011&s=books&sr=1-9'}
2020-02-12 22:06:35 [scrapy] DEBUG: Scraped from <200 https://www.amazon.com/s?rh=n%3A16272%2Cp_72%3A4-&pf_rd_i=16272&pf_rd_m=ATVPDKIKX0DER&pf_rd_p=3237dbf3-c1bb-5c72-8ce7-e082992624f7&pf_rd_r=P45DS9NK334QDQCFXPHG&pf_rd_s=merchandised-search-10&pf_rd_t=101&ref=Oct_TopRatedC_16272_SAll>
{'title': 'Star Wars®: Secrets of the Galaxy Deluxe Box Set', 'author': 'Daniel Wallace', 'image': 'https://m.media-amazon.com/images/I/517SCgSG7kL._AC_UY218_ML3_.jpg', 'price': 48.49, 'url': 'https://www.amazon.com//Star-Wars%C2%AE-Secrets-Galaxy-Deluxe/dp/1452159254/ref=sr_1_10?pf_rd_i=16272&pf_rd_m=ATVPDKIKX0DER&pf_rd_p=3237dbf3-c1bb-5c72-8ce7-e082992624f7&pf_rd_r=P45DS9NK334QDQCFXPHG&pf_rd_s=merchandised-search-10&pf_rd_t=101&qid=1581541594&refinements=p_72%3A1250221011&s=books&sr=1-10'}
2020-02-12 22:06:35 [scrapy] DEBUG: Scraped from <200 https://www.amazon.com/s?rh=n%3A16272%2Cp_72%3A4-&pf_rd_i=16272&pf_rd_m=ATVPDKIKX0DER&pf_rd_p=3237dbf3-c1bb-5c72-8ce7-e082992624f7&pf_rd_r=P45DS9NK334QDQCFXPHG&pf_rd_s=merchandised-search-10&pf_rd_t=101&ref=Oct_TopRatedC_16272_SAll>
{'title': 'Agency', 'author': 'William Gibson', 'image': 'https://m.media-amazon.com/images/I/71WqLOpjn4L._AC_UY218_ML3_.jpg', 'price': 14.99, 'url': 'https://www.amazon.com//Agency-William-Gibson-ebook/dp/B072NXSB14/ref=sr_1_11?pf_rd_i=16272&pf_rd_m=ATVPDKIKX0DER&pf_rd_p=3237dbf3-c1bb-5c72-8ce7-e082992624f7&pf_rd_r=P45DS9NK334QDQCFXPHG&pf_rd_s=merchandised-search-10&pf_rd_t=101&qid=1581541594&refinements=p_72%3A1250221011&s=books&sr=1-11'}
2020-02-12 22:06:35 [scrapy] DEBUG: Scraped from <200 https://www.amazon.com/s?rh=n%3A16272%2Cp_72%3A4-&pf_rd_i=16272&pf_rd_m=ATVPDKIKX0DER&pf_rd_p=3237dbf3-c1bb-5c72-8ce7-e082992624f7&pf_rd_r=P45DS9NK334QDQCFXPHG&pf_rd_s=merchandised-search-10&pf_rd_t=101&ref=Oct_TopRatedC_16272_SAll>
{'title': 'Kindred', 'author': 'Octavia E. Butler', 'image': 'https://m.media-amazon.com/images/I/81KU7ZGvnZL._AC_UY218_ML3_.jpg', 'price': 9.59, 'url': 'https://www.amazon.com//Kindred-Octavia-Butler/dp/0807083690/ref=sr_1_12?pf_rd_i=16272&pf_rd_m=ATVPDKIKX0DER&pf_rd_p=3237dbf3-c1bb-5c72-8ce7-e082992624f7&pf_rd_r=P45DS9NK334QDQCFXPHG&pf_rd_s=merchandised-search-10&pf_rd_t=101&qid=1581541594&refinements=p_72%3A1250221011&s=books&sr=1-12'}
2020-02-12 22:06:35 [scrapy] DEBUG: Scraped from <200 https://www.amazon.com/s?rh=n%3A16272%2Cp_72%3A4-&pf_rd_i=16272&pf_rd_m=ATVPDKIKX0DER&pf_rd_p=3237dbf3-c1bb-5c72-8ce7-e082992624f7&pf_rd_r=P45DS9NK334QDQCFXPHG&pf_rd_s=merchandised-search-10&pf_rd_t=101&ref=Oct_TopRatedC_16272_SAll>
{'title': 'The Broken Earth Trilogy: The Fifth Season, The Obelisk Gate, The Stone Sky', 'author': 'N. K. Jemisin', 'image': 'https://m.media-amazon.com/images/I/61Z2Ki-oQtL._AC_UY218_ML3_.jpg', 'price': 24.38, 'url': 'https://www.amazon.com//Broken-Earth-Trilogy-Season-Obelisk/dp/031652719X/ref=sr_1_13?pf_rd_i=16272&pf_rd_m=ATVPDKIKX0DER&pf_rd_p=3237dbf3-c1bb-5c72-8ce7-e082992624f7&pf_rd_r=P45DS9NK334QDQCFXPHG&pf_rd_s=merchandised-search-10&pf_rd_t=101&qid=1581541594&refinements=p_72%3A1250221011&s=books&sr=1-13'}
2020-02-12 22:06:35 [scrapy] DEBUG: Scraped from <200 https://www.amazon.com/s?rh=n%3A16272%2Cp_72%3A4-&pf_rd_i=16272&pf_rd_m=ATVPDKIKX0DER&pf_rd_p=3237dbf3-c1bb-5c72-8ce7-e082992624f7&pf_rd_r=P45DS9NK334QDQCFXPHG&pf_rd_s=merchandised-search-10&pf_rd_t=101&ref=Oct_TopRatedC_16272_SAll>
{'title': "Tiamat's Wrath: The Expanse, Book 8", 'author': 'James S. A. Corey', 'image': 'https://m.media-amazon.com/images/I/81sw2a4Rs7L._AC_UY218_ML3_.jpg', 'price': 0.0, 'url': 'https://www.amazon.com//Tiamats-Wrath/dp/B07GFNQFFB/ref=sr_1_14?pf_rd_i=16272&pf_rd_m=ATVPDKIKX0DER&pf_rd_p=3237dbf3-c1bb-5c72-8ce7-e082992624f7&pf_rd_r=P45DS9NK334QDQCFXPHG&pf_rd_s=merchandised-search-10&pf_rd_t=101&qid=1581541594&refinements=p_72%3A1250221011&s=books&sr=1-14'}
2020-02-12 22:06:35 [scrapy] DEBUG: Scraped from <200 https://www.amazon.com/s?rh=n%3A16272%2Cp_72%3A4-&pf_rd_i=16272&pf_rd_m=ATVPDKIKX0DER&pf_rd_p=3237dbf3-c1bb-5c72-8ce7-e082992624f7&pf_rd_r=P45DS9NK334QDQCFXPHG&pf_rd_s=merchandised-search-10&pf_rd_t=101&ref=Oct_TopRatedC_16272_SAll>
{'title': 'Recursion: A Novel', 'author': 'Blake Crouch', 'image': 'https://m.media-amazon.com/images/I/81ENrS2YfNL._AC_UY218_ML3_.jpg', 'price': 11.99, 'url': 'https://www.amazon.com//Recursion-Novel-Blake-Crouch-ebook/dp/B07HDSHP7N/ref=sr_1_15?pf_rd_i=16272&pf_rd_m=ATVPDKIKX0DER&pf_rd_p=3237dbf3-c1bb-5c72-8ce7-e082992624f7&pf_rd_r=P45DS9NK334QDQCFXPHG&pf_rd_s=merchandised-search-10&pf_rd_t=101&qid=1581541594&refinements=p_72%3A1250221011&s=books&sr=1-15'}
2020-02-12 22:06:35 [scrapy] DEBUG: Scraped from <200 https://www.amazon.com/s?rh=n%3A16272%2Cp_72%3A4-&pf_rd_i=16272&pf_rd_m=ATVPDKIKX0DER&pf_rd_p=3237dbf3-c1bb-5c72-8ce7-e082992624f7&pf_rd_r=P45DS9NK334QDQCFXPHG&pf_rd_s=merchandised-search-10&pf_rd_t=101&ref=Oct_TopRatedC_16272_SAll>
{'title': 'Parable of the Sower', 'author': 'Octavia E. Butler', 'image': 'https://m.media-amazon.com/images/I/51-fw0U59mL._AC_UY218_ML3_.jpg', 'price': 10.38, 'url': 'https://www.amazon.com//Parable-Sower-Octavia-Butler/dp/1538732181/ref=sr_1_16?pf_rd_i=16272&pf_rd_m=ATVPDKIKX0DER&pf_rd_p=3237dbf3-c1bb-5c72-8ce7-e082992624f7&pf_rd_r=P45DS9NK334QDQCFXPHG&pf_rd_s=merchandised-search-10&pf_rd_t=101&qid=1581541594&refinements=p_72%3A1250221011&s=books&sr=1-16'}
2020-02-12 22:06:36 [scrapy] DEBUG: Crawled (200) <GET https://www.amazon.com/s?i=stripbooks&bbn=16272&rh=n%3A16272%2Cp_72%3A1250221011%2Cp_n_feature_browse-bin%3A2656022011&dc&page=68&pf_rd_i=16272&pf_rd_m=ATVPDKIKX0DER&pf_rd_p=3237dbf3-c1bb-5c72-8ce7-e082992624f7&pf_rd_r=P45DS9NK334QDQCFXPHG&pf_rd_s=merchandised-search-10&pf_rd_t=101&qid=1581470763&rnid=618072011&> (referer: https://www.amazon.com/s?rh=n%3A16272%2Cp_72%3A4-&pf_rd_i=16272&pf_rd_m=ATVPDKIKX0DER&pf_rd_p=3237dbf3-c1bb-5c72-8ce7-e082992624f7&pf_rd_r=P45DS9NK334QDQCFXPHG&pf_rd_s=merchandised-search-10&pf_rd_t=101&ref=Oct_TopRatedC_16272_SAll)
2020-02-12 22:06:36 [scrapy] DEBUG: Scraped from <200 https://www.amazon.com/s?i=stripbooks&bbn=16272&rh=n%3A16272%2Cp_72%3A1250221011%2Cp_n_feature_browse-bin%3A2656022011&dc&page=68&pf_rd_i=16272&pf_rd_m=ATVPDKIKX0DER&pf_rd_p=3237dbf3-c1bb-5c72-8ce7-e082992624f7&pf_rd_r=P45DS9NK334QDQCFXPHG&pf_rd_s=merchandised-search-10&pf_rd_t=101&qid=1581470763&rnid=618072011&>
{'title': 'The Hutt Gambit (Star Wars: The Han Solo Trilogy, Vol. 2)', 'author': 'A. C. Crispin', 'image': 'https://m.media-amazon.com/images/I/91r518JAwqL._AC_UY218_ML3_.jpg', 'price': 6.19, 'url': 'https://www.amazon.com//Hutt-Gambit-Star-Wars-Trilogy/dp/0553574167/ref=sr_1_1073?pf_rd_i=16272&pf_rd_m=ATVPDKIKX0DER&pf_rd_p=3237dbf3-c1bb-5c72-8ce7-e082992624f7&pf_rd_r=P45DS9NK334QDQCFXPHG&pf_rd_s=merchandised-search-10&pf_rd_t=101&qid=1581541595&refinements=p_72%3A1250221011%2Cp_n_feature_browse-bin%3A2656022011&rnid=618072011&s=books&sr=1-1073'}
2020-02-12 22:06:36 [scrapy] DEBUG: Scraped from <200 https://www.amazon.com/s?i=stripbooks&bbn=16272&rh=n%3A16272%2Cp_72%3A1250221011%2Cp_n_feature_browse-bin%3A2656022011&dc&page=68&pf_rd_i=16272&pf_rd_m=ATVPDKIKX0DER&pf_rd_p=3237dbf3-c1bb-5c72-8ce7-e082992624f7&pf_rd_r=P45DS9NK334QDQCFXPHG&pf_rd_s=merchandised-search-10&pf_rd_t=101&qid=1581470763&rnid=618072011&>
{'title': 'Jennifer Government', 'author': 'Max Barry', 'image': 'https://m.media-amazon.com/images/I/612OxVe1pcL._AC_UY218_ML3_.jpg', 'price': 12.19, 'url': 'https://www.amazon.com//Jennifer-Government-Max-Barry/dp/1400030927/ref=sr_1_1074?pf_rd_i=16272&pf_rd_m=ATVPDKIKX0DER&pf_rd_p=3237dbf3-c1bb-5c72-8ce7-e082992624f7&pf_rd_r=P45DS9NK334QDQCFXPHG&pf_rd_s=merchandised-search-10&pf_rd_t=101&qid=1581541595&refinements=p_72%3A1250221011%2Cp_n_feature_browse-bin%3A2656022011&rnid=618072011&s=books&sr=1-1074'}
2020-02-12 22:06:36 [scrapy] DEBUG: Scraped from <200 https://www.amazon.com/s?i=stripbooks&bbn=16272&rh=n%3A16272%2Cp_72%3A1250221011%2Cp_n_feature_browse-bin%3A2656022011&dc&page=68&pf_rd_i=16272&pf_rd_m=ATVPDKIKX0DER&pf_rd_p=3237dbf3-c1bb-5c72-8ce7-e082992624f7&pf_rd_r=P45DS9NK334QDQCFXPHG&pf_rd_s=merchandised-search-10&pf_rd_t=101&qid=1581470763&rnid=618072011&>
{'title': 'Bridge of Birds: A Novel of an Ancient China That Never Was (The Chronicles of Master Li and Number Ten Ox)', 'author': 'Barry Hughart', 'image': 'https://m.media-amazon.com/images/I/91aaYZ2w+JL._AC_UY218_ML3_.jpg', 'price': 7.51, 'url': 'https://www.amazon.com//Bridge-Birds-Ancient-Chronicles-Master/dp/0345321383/ref=sr_1_1075?pf_rd_i=16272&pf_rd_m=ATVPDKIKX0DER&pf_rd_p=3237dbf3-c1bb-5c72-8ce7-e082992624f7&pf_rd_r=P45DS9NK334QDQCFXPHG&pf_rd_s=merchandised-search-10&pf_rd_t=101&qid=1581541595&refinements=p_72%3A1250221011%2Cp_n_feature_browse-bin%3A2656022011&rnid=618072011&s=books&sr=1-1075'}
2020-02-12 22:06:36 [scrapy] DEBUG: Scraped from <200 https://www.amazon.com/s?i=stripbooks&bbn=16272&rh=n%3A16272%2Cp_72%3A1250221011%2Cp_n_feature_browse-bin%3A2656022011&dc&page=68&pf_rd_i=16272&pf_rd_m=ATVPDKIKX0DER&pf_rd_p=3237dbf3-c1bb-5c72-8ce7-e082992624f7&pf_rd_r=P45DS9NK334QDQCFXPHG&pf_rd_s=merchandised-search-10&pf_rd_t=101&qid=1581470763&rnid=618072011&>
{'title': 'A Storm of Swords: Blood and Gold: Book 3 Part 2 of a Song of Ice and Fire', 'author': 'George R. R. Martin', 'image': 'https://m.media-amazon.com/images/I/81QB0pqdjEL._AC_UY218_ML3_.jpg', 'price': 15.81, 'url': 'https://www.amazon.com//Storm-Swords-Blood-Gold-Book/dp/000744785X/ref=sr_1_1076?pf_rd_i=16272&pf_rd_m=ATVPDKIKX0DER&pf_rd_p=3237dbf3-c1bb-5c72-8ce7-e082992624f7&pf_rd_r=P45DS9NK334QDQCFXPHG&pf_rd_s=merchandised-search-10&pf_rd_t=101&qid=1581541595&refinements=p_72%3A1250221011%2Cp_n_feature_browse-bin%3A2656022011&rnid=618072011&s=books&sr=1-1076'}
2020-02-12 22:06:36 [scrapy] DEBUG: Scraped from <200 https://www.amazon.com/s?i=stripbooks&bbn=16272&rh=n%3A16272%2Cp_72%3A1250221011%2Cp_n_feature_browse-bin%3A2656022011&dc&page=68&pf_rd_i=16272&pf_rd_m=ATVPDKIKX0DER&pf_rd_p=3237dbf3-c1bb-5c72-8ce7-e082992624f7&pf_rd_r=P45DS9NK334QDQCFXPHG&pf_rd_s=merchandised-search-10&pf_rd_t=101&qid=1581470763&rnid=618072011&>
{'title': 'Binti: The Night Masquerade', 'author': 'NNEDI OKORAFOR', 'image': 'https://m.media-amazon.com/images/I/71Kztgl9zCL._AC_UY218_ML3_.jpg', 'price': 9.48, 'url': 'https://www.amazon.com//Binti-Night-Masquerade-Nnedi-Okorafor/dp/0765393131/ref=sr_1_1077?pf_rd_i=16272&pf_rd_m=ATVPDKIKX0DER&pf_rd_p=3237dbf3-c1bb-5c72-8ce7-e082992624f7&pf_rd_r=P45DS9NK334QDQCFXPHG&pf_rd_s=merchandised-search-10&pf_rd_t=101&qid=1581541595&refinements=p_72%3A1250221011%2Cp_n_feature_browse-bin%3A2656022011&rnid=618072011&s=books&sr=1-1077'}
2020-02-12 22:06:36 [scrapy] DEBUG: Scraped from <200 https://www.amazon.com/s?i=stripbooks&bbn=16272&rh=n%3A16272%2Cp_72%3A1250221011%2Cp_n_feature_browse-bin%3A2656022011&dc&page=68&pf_rd_i=16272&pf_rd_m=ATVPDKIKX0DER&pf_rd_p=3237dbf3-c1bb-5c72-8ce7-e082992624f7&pf_rd_r=P45DS9NK334QDQCFXPHG&pf_rd_s=merchandised-search-10&pf_rd_t=101&qid=1581470763&rnid=618072011&>
{'title': 'DC Comics novels - Batman: The Court of Owls: An Original Prose Novel by Greg Cox', 'author': 'Greg Cox', 'image': 'https://m.media-amazon.com/images/I/91YrbkJitTL._AC_UY218_ML3_.jpg', 'price': 9.69, 'url': 'https://www.amazon.com//DC-Comics-novels-Batman-Original/dp/1785658182/ref=sr_1_1078?pf_rd_i=16272&pf_rd_m=ATVPDKIKX0DER&pf_rd_p=3237dbf3-c1bb-5c72-8ce7-e082992624f7&pf_rd_r=P45DS9NK334QDQCFXPHG&pf_rd_s=merchandised-search-10&pf_rd_t=101&qid=1581541595&refinements=p_72%3A1250221011%2Cp_n_feature_browse-bin%3A2656022011&rnid=618072011&s=books&sr=1-1078'}
2020-02-12 22:06:36 [scrapy] DEBUG: Scraped from <200 https://www.amazon.com/s?i=stripbooks&bbn=16272&rh=n%3A16272%2Cp_72%3A1250221011%2Cp_n_feature_browse-bin%3A2656022011&dc&page=68&pf_rd_i=16272&pf_rd_m=ATVPDKIKX0DER&pf_rd_p=3237dbf3-c1bb-5c72-8ce7-e082992624f7&pf_rd_r=P45DS9NK334QDQCFXPHG&pf_rd_s=merchandised-search-10&pf_rd_t=101&qid=1581470763&rnid=618072011&>
{'title': 'Head Lopper Volume 2: Head Lopper and the Crimson Tower', 'author': 'Andrew MacLean', 'image': 'https://m.media-amazon.com/images/I/71zr7qhfjkL._AC_UY218_ML3_.jpg', 'price': 12.45, 'url': 'https://www.amazon.com//Head-Lopper-Crimson-Tower/dp/1534305084/ref=sr_1_1079?pf_rd_i=16272&pf_rd_m=ATVPDKIKX0DER&pf_rd_p=3237dbf3-c1bb-5c72-8ce7-e082992624f7&pf_rd_r=P45DS9NK334QDQCFXPHG&pf_rd_s=merchandised-search-10&pf_rd_t=101&qid=1581541595&refinements=p_72%3A1250221011%2Cp_n_feature_browse-bin%3A2656022011&rnid=618072011&s=books&sr=1-1079'}
2020-02-12 22:06:36 [scrapy] DEBUG: Scraped from <200 https://www.amazon.com/s?i=stripbooks&bbn=16272&rh=n%3A16272%2Cp_72%3A1250221011%2Cp_n_feature_browse-bin%3A2656022011&dc&page=68&pf_rd_i=16272&pf_rd_m=ATVPDKIKX0DER&pf_rd_p=3237dbf3-c1bb-5c72-8ce7-e082992624f7&pf_rd_r=P45DS9NK334QDQCFXPHG&pf_rd_s=merchandised-search-10&pf_rd_t=101&qid=1581470763&rnid=618072011&>
{'title': 'Redwall: 30th Anniversary Edition', 'author': 'Brian Jacques', 'image': 'https://m.media-amazon.com/images/I/913y6njg4tL._AC_UY218_ML3_.jpg', 'price': 7.99, 'url': 'https://www.amazon.com//Redwall-30th-Anniversary-Brian-Jacques/dp/0441005489/ref=sr_1_1080?pf_rd_i=16272&pf_rd_m=ATVPDKIKX0DER&pf_rd_p=3237dbf3-c1bb-5c72-8ce7-e082992624f7&pf_rd_r=P45DS9NK334QDQCFXPHG&pf_rd_s=merchandised-search-10&pf_rd_t=101&qid=1581541595&refinements=p_72%3A1250221011%2Cp_n_feature_browse-bin%3A2656022011&rnid=618072011&s=books&sr=1-1080'}
2020-02-12 22:06:36 [scrapy] DEBUG: Scraped from <200 https://www.amazon.com/s?i=stripbooks&bbn=16272&rh=n%3A16272%2Cp_72%3A1250221011%2Cp_n_feature_browse-bin%3A2656022011&dc&page=68&pf_rd_i=16272&pf_rd_m=ATVPDKIKX0DER&pf_rd_p=3237dbf3-c1bb-5c72-8ce7-e082992624f7&pf_rd_r=P45DS9NK334QDQCFXPHG&pf_rd_s=merchandised-search-10&pf_rd_t=101&qid=1581470763&rnid=618072011&>
{'title': "The Complete Arthur C. Clarke's Space Odyssey Series Books 1-4 (2001: A Space Odyssey, 2010: Odyssey two, 2061: Odyssey three, 3001: The Final Odyssey)", 'author': 'Arthur C. Clarke', 'image': 'https://m.media-amazon.com/images/I/61dRwFvPaHL._AC_UY218_ML3_.jpg', 'price': 45.99, 'url': 'https://www.amazon.com//Complete-Arthur-Clarkes-Space-Odyssey/dp/B01EF1T9VU/ref=sr_1_1081?pf_rd_i=16272&pf_rd_m=ATVPDKIKX0DER&pf_rd_p=3237dbf3-c1bb-5c72-8ce7-e082992624f7&pf_rd_r=P45DS9NK334QDQCFXPHG&pf_rd_s=merchandised-search-10&pf_rd_t=101&qid=1581541595&refinements=p_72%3A1250221011%2Cp_n_feature_browse-bin%3A2656022011&rnid=618072011&s=books&sr=1-1081'}
2020-02-12 22:06:36 [scrapy] DEBUG: Scraped from <200 https://www.amazon.com/s?i=stripbooks&bbn=16272&rh=n%3A16272%2Cp_72%3A1250221011%2Cp_n_feature_browse-bin%3A2656022011&dc&page=68&pf_rd_i=16272&pf_rd_m=ATVPDKIKX0DER&pf_rd_p=3237dbf3-c1bb-5c72-8ce7-e082992624f7&pf_rd_r=P45DS9NK334QDQCFXPHG&pf_rd_s=merchandised-search-10&pf_rd_t=101&qid=1581470763&rnid=618072011&>
{'title': 'Lord of the World: A Novel', 'author': 'Robert Hugh Benson', 'image': 'https://m.media-amazon.com/images/I/514duHlEbXL._AC_UY218_ML3_.jpg', 'price': 11.58, 'url': 'https://www.amazon.com//Lord-World-Robert-Hugh-Benson/dp/0870612980/ref=sr_1_1082?pf_rd_i=16272&pf_rd_m=ATVPDKIKX0DER&pf_rd_p=3237dbf3-c1bb-5c72-8ce7-e082992624f7&pf_rd_r=P45DS9NK334QDQCFXPHG&pf_rd_s=merchandised-search-10&pf_rd_t=101&qid=1581541595&refinements=p_72%3A1250221011%2Cp_n_feature_browse-bin%3A2656022011&rnid=618072011&s=books&sr=1-1082'}
2020-02-12 22:06:36 [scrapy] DEBUG: Scraped from <200 https://www.amazon.com/s?i=stripbooks&bbn=16272&rh=n%3A16272%2Cp_72%3A1250221011%2Cp_n_feature_browse-bin%3A2656022011&dc&page=68&pf_rd_i=16272&pf_rd_m=ATVPDKIKX0DER&pf_rd_p=3237dbf3-c1bb-5c72-8ce7-e082992624f7&pf_rd_r=P45DS9NK334QDQCFXPHG&pf_rd_s=merchandised-search-10&pf_rd_t=101&qid=1581470763&rnid=618072011&>
{'title': 'Good Morning, Midnight: A Novel', 'author': 'Lily Brooks-Dalton', 'image': 'https://m.media-amazon.com/images/I/91OeoP+X0FL._AC_UY218_ML3_.jpg', 'price': 11.57, 'url': 'https://www.amazon.com//Good-Morning-Midnight-Lily-Brooks-Dalton/dp/0812988191/ref=sr_1_1083?pf_rd_i=16272&pf_rd_m=ATVPDKIKX0DER&pf_rd_p=3237dbf3-c1bb-5c72-8ce7-e082992624f7&pf_rd_r=P45DS9NK334QDQCFXPHG&pf_rd_s=merchandised-search-10&pf_rd_t=101&qid=1581541595&refinements=p_72%3A1250221011%2Cp_n_feature_browse-bin%3A2656022011&rnid=618072011&s=books&sr=1-1083'}
2020-02-12 22:06:36 [scrapy] DEBUG: Scraped from <200 https://www.amazon.com/s?i=stripbooks&bbn=16272&rh=n%3A16272%2Cp_72%3A1250221011%2Cp_n_feature_browse-bin%3A2656022011&dc&page=68&pf_rd_i=16272&pf_rd_m=ATVPDKIKX0DER&pf_rd_p=3237dbf3-c1bb-5c72-8ce7-e082992624f7&pf_rd_r=P45DS9NK334QDQCFXPHG&pf_rd_s=merchandised-search-10&pf_rd_t=101&qid=1581470763&rnid=618072011&>
{'title': 'The Mirror', 'author': 'Marlys Millhiser', 'image': 'https://m.media-amazon.com/images/I/71QvHeyZuRL._AC_UY218_ML3_.jpg', 'price': 17.91, 'url': 'https://www.amazon.com//Mirror-Marlys-Millhiser/dp/1504049330/ref=sr_1_1084?pf_rd_i=16272&pf_rd_m=ATVPDKIKX0DER&pf_rd_p=3237dbf3-c1bb-5c72-8ce7-e082992624f7&pf_rd_r=P45DS9NK334QDQCFXPHG&pf_rd_s=merchandised-search-10&pf_rd_t=101&qid=1581541595&refinements=p_72%3A1250221011%2Cp_n_feature_browse-bin%3A2656022011&rnid=618072011&s=books&sr=1-1084'}
2020-02-12 22:06:36 [scrapy] DEBUG: Scraped from <200 https://www.amazon.com/s?i=stripbooks&bbn=16272&rh=n%3A16272%2Cp_72%3A1250221011%2Cp_n_feature_browse-bin%3A2656022011&dc&page=68&pf_rd_i=16272&pf_rd_m=ATVPDKIKX0DER&pf_rd_p=3237dbf3-c1bb-5c72-8ce7-e082992624f7&pf_rd_r=P45DS9NK334QDQCFXPHG&pf_rd_s=merchandised-search-10&pf_rd_t=101&qid=1581470763&rnid=618072011&>
{'title': 'Raven Stratagem (2) (Machineries of Empire)', 'author': 'Yoon Ha Lee', 'image': 'https://m.media-amazon.com/images/I/514ILAWCTjL._AC_UY218_ML3_.jpg', 'price': 8.36, 'url': 'https://www.amazon.com//Raven-Stratagem-Machineries-Empire-Yoon/dp/1781085374/ref=sr_1_1085?pf_rd_i=16272&pf_rd_m=ATVPDKIKX0DER&pf_rd_p=3237dbf3-c1bb-5c72-8ce7-e082992624f7&pf_rd_r=P45DS9NK334QDQCFXPHG&pf_rd_s=merchandised-search-10&pf_rd_t=101&qid=1581541595&refinements=p_72%3A1250221011%2Cp_n_feature_browse-bin%3A2656022011&rnid=618072011&s=books&sr=1-1085'}
2020-02-12 22:06:36 [scrapy] DEBUG: Scraped from <200 https://www.amazon.com/s?i=stripbooks&bbn=16272&rh=n%3A16272%2Cp_72%3A1250221011%2Cp_n_feature_browse-bin%3A2656022011&dc&page=68&pf_rd_i=16272&pf_rd_m=ATVPDKIKX0DER&pf_rd_p=3237dbf3-c1bb-5c72-8ce7-e082992624f7&pf_rd_r=P45DS9NK334QDQCFXPHG&pf_rd_s=merchandised-search-10&pf_rd_t=101&qid=1581470763&rnid=618072011&>
{'title': 'Terminal Uprising (Janitors of the Post-Apocalypse)', 'author': 'Jim C. Hines', 'image': 'https://m.media-amazon.com/images/I/81flBifCS3L._AC_UY218_ML3_.jpg', 'price': 6.59, 'url': 'https://www.amazon.com//Terminal-Uprising-Janitors-Post-Apocalypse-Hines/dp/0756412781/ref=sr_1_1086?pf_rd_i=16272&pf_rd_m=ATVPDKIKX0DER&pf_rd_p=3237dbf3-c1bb-5c72-8ce7-e082992624f7&pf_rd_r=P45DS9NK334QDQCFXPHG&pf_rd_s=merchandised-search-10&pf_rd_t=101&qid=1581541595&refinements=p_72%3A1250221011%2Cp_n_feature_browse-bin%3A2656022011&rnid=618072011&s=books&sr=1-1086'}
2020-02-12 22:06:36 [scrapy] DEBUG: Scraped from <200 https://www.amazon.com/s?i=stripbooks&bbn=16272&rh=n%3A16272%2Cp_72%3A1250221011%2Cp_n_feature_browse-bin%3A2656022011&dc&page=68&pf_rd_i=16272&pf_rd_m=ATVPDKIKX0DER&pf_rd_p=3237dbf3-c1bb-5c72-8ce7-e082992624f7&pf_rd_r=P45DS9NK334QDQCFXPHG&pf_rd_s=merchandised-search-10&pf_rd_t=101&qid=1581470763&rnid=618072011&>
{'title': 'Ben Archer and the Alien Skill (The Alien Skill Series)', 'author': 'Rae Knightly', 'image': 'https://m.media-amazon.com/images/I/813KZzkwXbL._AC_UY218_ML3_.jpg', 'price': 14.99, 'url': 'https://www.amazon.com//Ben-Archer-Alien-Skill/dp/1722123540/ref=sr_1_1087?pf_rd_i=16272&pf_rd_m=ATVPDKIKX0DER&pf_rd_p=3237dbf3-c1bb-5c72-8ce7-e082992624f7&pf_rd_r=P45DS9NK334QDQCFXPHG&pf_rd_s=merchandised-search-10&pf_rd_t=101&qid=1581541595&refinements=p_72%3A1250221011%2Cp_n_feature_browse-bin%3A2656022011&rnid=618072011&s=books&sr=1-1087'}
2020-02-12 22:06:36 [scrapy] DEBUG: Scraped from <200 https://www.amazon.com/s?i=stripbooks&bbn=16272&rh=n%3A16272%2Cp_72%3A1250221011%2Cp_n_feature_browse-bin%3A2656022011&dc&page=68&pf_rd_i=16272&pf_rd_m=ATVPDKIKX0DER&pf_rd_p=3237dbf3-c1bb-5c72-8ce7-e082992624f7&pf_rd_r=P45DS9NK334QDQCFXPHG&pf_rd_s=merchandised-search-10&pf_rd_t=101&qid=1581470763&rnid=618072011&>
{'title': 'A Thousand Sons (12) (The Horus Heresy)', 'author': 'Graham McNeill', 'image': 'https://m.media-amazon.com/images/I/71kXXPvqSZL._AC_UY218_ML3_.jpg', 'price': 9.99, 'url': 'https://www.amazon.com//Thousand-Sons-Horus-Heresy/dp/1849708118/ref=sr_1_1088?pf_rd_i=16272&pf_rd_m=ATVPDKIKX0DER&pf_rd_p=3237dbf3-c1bb-5c72-8ce7-e082992624f7&pf_rd_r=P45DS9NK334QDQCFXPHG&pf_rd_s=merchandised-search-10&pf_rd_t=101&qid=1581541595&refinements=p_72%3A1250221011%2Cp_n_feature_browse-bin%3A2656022011&rnid=618072011&s=books&sr=1-1088'}
2020-02-12 22:06:36 [scrapy] INFO: Closing spider (finished)
2020-02-12 22:06:36 [scrapy] INFO: Dumping Scrapy stats:
{'downloader/request_bytes': 1722,
 'downloader/request_count': 3,
 'downloader/request_method_count/GET': 3,
 'downloader/response_bytes': 216069,
 'downloader/response_count': 3,
 'downloader/response_status_count/200': 3,
 'elapsed_time_seconds': 3.291663,
 'finish_reason': 'finished',
 'finish_time': datetime.datetime(2020, 2, 12, 21, 6, 36, 605431),
 'item_scraped_count': 32,
 'log_count/DEBUG': 76,
 'log_count/INFO': 7,
 'log_count/WARNING': 45,
 'memusage/max': 127168512,
 'memusage/startup': 127168512,
 'request_depth_max': 1,
 'response_received_count': 3,
 'robotstxt/request_count': 1,
 'robotstxt/response_count': 1,
 'robotstxt/response_status_count/200': 1,
 'scheduler/dequeued': 2,
 'scheduler/dequeued/memory': 2,
 'scheduler/enqueued': 2,
 'scheduler/enqueued/memory': 2,
 'start_time': datetime.datetime(2020, 2, 12, 21, 6, 33, 313768)}
2020-02-12 22:06:36 [scrapy] INFO: Spider closed (finished)
