2020-02-12 01:57:46 [scrapy] DEBUG: Crawled (200) <GET https://www.amazon.com/robots.txt> (referer: None)
2020-02-12 01:57:47 [scrapy] DEBUG: Crawled (200) <GET https://www.amazon.com/s?rh=n%3A16272%2Cp_72%3A4-&pf_rd_i=16272&pf_rd_m=ATVPDKIKX0DER&pf_rd_p=3237dbf3-c1bb-5c72-8ce7-e082992624f7&pf_rd_r=P45DS9NK334QDQCFXPHG&pf_rd_s=merchandised-search-10&pf_rd_t=101&ref=Oct_TopRatedC_16272_SAll> (referer: None)
2020-02-12 01:57:47 [scrapy] DEBUG: Scraped from <200 https://www.amazon.com/s?rh=n%3A16272%2Cp_72%3A4-&pf_rd_i=16272&pf_rd_m=ATVPDKIKX0DER&pf_rd_p=3237dbf3-c1bb-5c72-8ce7-e082992624f7&pf_rd_r=P45DS9NK334QDQCFXPHG&pf_rd_s=merchandised-search-10&pf_rd_t=101&ref=Oct_TopRatedC_16272_SAll>
{'author': '\n'
           '    \n'
           '        \n'
           '        \n'
           '            Ray Bradbury\n'
           '        \n'
           '    \n',
 'image': 'https://m.media-amazon.com/images/I/71OFqSRFDgL._AC_UY218_ML3_.jpg',
 'title': 'Fahrenheit 451'}
2020-02-12 01:57:47 [scrapy] DEBUG: Scraped from <200 https://www.amazon.com/s?rh=n%3A16272%2Cp_72%3A4-&pf_rd_i=16272&pf_rd_m=ATVPDKIKX0DER&pf_rd_p=3237dbf3-c1bb-5c72-8ce7-e082992624f7&pf_rd_r=P45DS9NK334QDQCFXPHG&pf_rd_s=merchandised-search-10&pf_rd_t=101&ref=Oct_TopRatedC_16272_SAll>
{'author': '\n'
           '    \n'
           '        \n'
           '        \n'
           '            Margaret Atwood\n'
           '        \n'
           '    \n',
 'image': 'https://m.media-amazon.com/images/I/71xL8U55tYL._AC_UY218_ML3_.jpg',
 'title': "The Handmaid's Tale"}
2020-02-12 01:57:47 [scrapy] DEBUG: Scraped from <200 https://www.amazon.com/s?rh=n%3A16272%2Cp_72%3A4-&pf_rd_i=16272&pf_rd_m=ATVPDKIKX0DER&pf_rd_p=3237dbf3-c1bb-5c72-8ce7-e082992624f7&pf_rd_r=P45DS9NK334QDQCFXPHG&pf_rd_s=merchandised-search-10&pf_rd_t=101&ref=Oct_TopRatedC_16272_SAll>
{'author': 'George Orwell',
 'image': 'https://m.media-amazon.com/images/I/51aKS+6StwL._AC_UY218_ML3_.jpg',
 'title': '1984: New Classic Edition'}
2020-02-12 01:57:47 [scrapy] DEBUG: Scraped from <200 https://www.amazon.com/s?rh=n%3A16272%2Cp_72%3A4-&pf_rd_i=16272&pf_rd_m=ATVPDKIKX0DER&pf_rd_p=3237dbf3-c1bb-5c72-8ce7-e082992624f7&pf_rd_r=P45DS9NK334QDQCFXPHG&pf_rd_s=merchandised-search-10&pf_rd_t=101&ref=Oct_TopRatedC_16272_SAll>
{'author': 'Margaret Atwood',
 'image': 'https://m.media-amazon.com/images/I/71H4ZHHJK4L._AC_UY218_ML3_.jpg',
 'title': "The Testaments: The Sequel to The Handmaid's Tale"}
2020-02-12 01:57:48 [scrapy] DEBUG: Scraped from <200 https://www.amazon.com/s?rh=n%3A16272%2Cp_72%3A4-&pf_rd_i=16272&pf_rd_m=ATVPDKIKX0DER&pf_rd_p=3237dbf3-c1bb-5c72-8ce7-e082992624f7&pf_rd_r=P45DS9NK334QDQCFXPHG&pf_rd_s=merchandised-search-10&pf_rd_t=101&ref=Oct_TopRatedC_16272_SAll>
{'author': '\n'
           '    \n'
           '        \n'
           '        \n'
           '            Aldous Huxley\n'
           '        \n'
           '    \n',
 'image': 'https://m.media-amazon.com/images/I/41le8ej-fiL._AC_UY218_ML3_.jpg',
 'title': 'Brave New World'}
2020-02-12 01:57:48 [scrapy] DEBUG: Scraped from <200 https://www.amazon.com/s?rh=n%3A16272%2Cp_72%3A4-&pf_rd_i=16272&pf_rd_m=ATVPDKIKX0DER&pf_rd_p=3237dbf3-c1bb-5c72-8ce7-e082992624f7&pf_rd_r=P45DS9NK334QDQCFXPHG&pf_rd_s=merchandised-search-10&pf_rd_t=101&ref=Oct_TopRatedC_16272_SAll>
{'author': 'Frank Herbert',
 'image': 'https://m.media-amazon.com/images/I/518Je79ijlL._AC_UY218_ML3_.jpg',
 'title': 'Dune'}
2020-02-12 01:57:48 [scrapy] DEBUG: Scraped from <200 https://www.amazon.com/s?rh=n%3A16272%2Cp_72%3A4-&pf_rd_i=16272&pf_rd_m=ATVPDKIKX0DER&pf_rd_p=3237dbf3-c1bb-5c72-8ce7-e082992624f7&pf_rd_r=P45DS9NK334QDQCFXPHG&pf_rd_s=merchandised-search-10&pf_rd_t=101&ref=Oct_TopRatedC_16272_SAll>
{'author': '\n'
           '    \n'
           '        \n'
           '        \n'
           '            Ted Chiang\n'
           '        \n'
           '    \n',
 'image': 'https://m.media-amazon.com/images/I/71Xex6e+3VL._AC_UY218_ML3_.jpg',
 'title': 'Exhalation: Stories'}
2020-02-12 01:57:48 [scrapy] DEBUG: Scraped from <200 https://www.amazon.com/s?rh=n%3A16272%2Cp_72%3A4-&pf_rd_i=16272&pf_rd_m=ATVPDKIKX0DER&pf_rd_p=3237dbf3-c1bb-5c72-8ce7-e082992624f7&pf_rd_r=P45DS9NK334QDQCFXPHG&pf_rd_s=merchandised-search-10&pf_rd_t=101&ref=Oct_TopRatedC_16272_SAll>
{'author': '\n'
           '    \n'
           '        \n'
           '        \n'
           '            Kurt Vonnegut\n'
           '        \n'
           '    \n',
 'image': 'https://m.media-amazon.com/images/I/71QcX1DbklL._AC_UY218_ML3_.jpg',
 'title': 'Slaughterhouse-Five: A Novel (Modern Library 100 Best Novels)'}
2020-02-12 01:57:48 [scrapy] DEBUG: Scraped from <200 https://www.amazon.com/s?rh=n%3A16272%2Cp_72%3A4-&pf_rd_i=16272&pf_rd_m=ATVPDKIKX0DER&pf_rd_p=3237dbf3-c1bb-5c72-8ce7-e082992624f7&pf_rd_r=P45DS9NK334QDQCFXPHG&pf_rd_s=merchandised-search-10&pf_rd_t=101&ref=Oct_TopRatedC_16272_SAll>
{'author': '\n'
           '    \n'
           '        \n'
           '        \n'
           '            Nora Roberts\n'
           '        \n'
           '    \n',
 'image': 'https://m.media-amazon.com/images/I/A1eZXXz6rSL._AC_UY218_ML3_.jpg',
 'title': 'The Rise of Magicks: Chronicles of The One, Book 3'}
2020-02-12 01:57:48 [scrapy] DEBUG: Scraped from <200 https://www.amazon.com/s?rh=n%3A16272%2Cp_72%3A4-&pf_rd_i=16272&pf_rd_m=ATVPDKIKX0DER&pf_rd_p=3237dbf3-c1bb-5c72-8ce7-e082992624f7&pf_rd_r=P45DS9NK334QDQCFXPHG&pf_rd_s=merchandised-search-10&pf_rd_t=101&ref=Oct_TopRatedC_16272_SAll>
{'author': '\n'
           '    \n'
           '        \n'
           '        \n'
           '            William Gibson\n'
           '        \n'
           '    \n',
 'image': 'https://m.media-amazon.com/images/I/71WqLOpjn4L._AC_UY218_ML3_.jpg',
 'title': 'Agency'}
2020-02-12 01:57:48 [scrapy] DEBUG: Scraped from <200 https://www.amazon.com/s?rh=n%3A16272%2Cp_72%3A4-&pf_rd_i=16272&pf_rd_m=ATVPDKIKX0DER&pf_rd_p=3237dbf3-c1bb-5c72-8ce7-e082992624f7&pf_rd_r=P45DS9NK334QDQCFXPHG&pf_rd_s=merchandised-search-10&pf_rd_t=101&ref=Oct_TopRatedC_16272_SAll>
{'author': '\n'
           '    \n'
           '        \n'
           '        \n'
           '            Daniel Wallace\n'
           '        \n'
           '    \n',
 'image': 'https://m.media-amazon.com/images/I/517SCgSG7kL._AC_UY218_ML3_.jpg',
 'title': 'Star Wars®: Secrets of the Galaxy Deluxe Box Set'}
2020-02-12 01:57:48 [scrapy] DEBUG: Scraped from <200 https://www.amazon.com/s?rh=n%3A16272%2Cp_72%3A4-&pf_rd_i=16272&pf_rd_m=ATVPDKIKX0DER&pf_rd_p=3237dbf3-c1bb-5c72-8ce7-e082992624f7&pf_rd_r=P45DS9NK334QDQCFXPHG&pf_rd_s=merchandised-search-10&pf_rd_t=101&ref=Oct_TopRatedC_16272_SAll>
{'author': '\n'
           '    \n'
           '        \n'
           '        \n'
           '            Octavia E. Butler\n'
           '        \n'
           '    \n',
 'image': 'https://m.media-amazon.com/images/I/81KU7ZGvnZL._AC_UY218_ML3_.jpg',
 'title': 'Kindred'}
2020-02-12 01:57:48 [scrapy] DEBUG: Scraped from <200 https://www.amazon.com/s?rh=n%3A16272%2Cp_72%3A4-&pf_rd_i=16272&pf_rd_m=ATVPDKIKX0DER&pf_rd_p=3237dbf3-c1bb-5c72-8ce7-e082992624f7&pf_rd_r=P45DS9NK334QDQCFXPHG&pf_rd_s=merchandised-search-10&pf_rd_t=101&ref=Oct_TopRatedC_16272_SAll>
{'author': '\n'
           '    \n'
           '        \n'
           '        \n'
           '            N. K. Jemisin\n'
           '        \n'
           '    \n',
 'image': 'https://m.media-amazon.com/images/I/61Z2Ki-oQtL._AC_UY218_ML3_.jpg',
 'title': 'The Broken Earth Trilogy: The Fifth Season, The Obelisk Gate, The '
          'Stone Sky'}
2020-02-12 01:57:48 [scrapy] DEBUG: Scraped from <200 https://www.amazon.com/s?rh=n%3A16272%2Cp_72%3A4-&pf_rd_i=16272&pf_rd_m=ATVPDKIKX0DER&pf_rd_p=3237dbf3-c1bb-5c72-8ce7-e082992624f7&pf_rd_r=P45DS9NK334QDQCFXPHG&pf_rd_s=merchandised-search-10&pf_rd_t=101&ref=Oct_TopRatedC_16272_SAll>
{'author': 'James S. A. Corey',
 'image': 'https://m.media-amazon.com/images/I/81sw2a4Rs7L._AC_UY218_ML3_.jpg',
 'title': "Tiamat's Wrath: The Expanse, Book 8"}
2020-02-12 01:57:48 [scrapy] DEBUG: Scraped from <200 https://www.amazon.com/s?rh=n%3A16272%2Cp_72%3A4-&pf_rd_i=16272&pf_rd_m=ATVPDKIKX0DER&pf_rd_p=3237dbf3-c1bb-5c72-8ce7-e082992624f7&pf_rd_r=P45DS9NK334QDQCFXPHG&pf_rd_s=merchandised-search-10&pf_rd_t=101&ref=Oct_TopRatedC_16272_SAll>
{'author': '\n'
           '    \n'
           '        \n'
           '        \n'
           '            Blake Crouch\n'
           '        \n'
           '    \n',
 'image': 'https://m.media-amazon.com/images/I/81ENrS2YfNL._AC_UY218_ML3_.jpg',
 'title': 'Recursion: A Novel'}
2020-02-12 01:57:48 [scrapy] DEBUG: Scraped from <200 https://www.amazon.com/s?rh=n%3A16272%2Cp_72%3A4-&pf_rd_i=16272&pf_rd_m=ATVPDKIKX0DER&pf_rd_p=3237dbf3-c1bb-5c72-8ce7-e082992624f7&pf_rd_r=P45DS9NK334QDQCFXPHG&pf_rd_s=merchandised-search-10&pf_rd_t=101&ref=Oct_TopRatedC_16272_SAll>
{'author': '\n'
           '    \n'
           '        \n'
           '        \n'
           '            Emily St. John Mandel\n'
           '        \n'
           '    \n',
 'image': 'https://m.media-amazon.com/images/I/91s5iLtZxTL._AC_UY218_ML3_.jpg',
 'title': 'Station Eleven: A novel'}
2020-02-12 01:57:48 [scrapy] INFO: Closing spider (finished)
2020-02-12 01:57:48 [scrapy] INFO: Dumping Scrapy stats:
{'downloader/request_bytes': 793,
 'downloader/request_count': 2,
 'downloader/request_method_count/GET': 2,
 'downloader/response_bytes': 110134,
 'downloader/response_count': 2,
 'downloader/response_status_count/200': 2,
 'elapsed_time_seconds': 6.851966,
 'finish_reason': 'finished',
 'finish_time': datetime.datetime(2020, 2, 12, 0, 57, 48, 30437),
 'item_scraped_count': 16,
 'log_count/DEBUG': 60,
 'log_count/INFO': 19,
 'log_count/WARNING': 90,
 'memusage/max': 76230656,
 'memusage/startup': 76230656,
 'response_received_count': 2,
 'robotstxt/request_count': 1,
 'robotstxt/response_count': 1,
 'robotstxt/response_status_count/200': 1,
 'scheduler/dequeued': 1,
 'scheduler/dequeued/memory': 1,
 'scheduler/enqueued': 1,
 'scheduler/enqueued/memory': 1,
 'start_time': datetime.datetime(2020, 2, 12, 0, 57, 41, 178471)}
2020-02-12 01:57:48 [scrapy] INFO: Spider closed (finished)
