2020-02-12 04:18:02 [scrapy] DEBUG: Crawled (200) <GET https://www.amazon.com/robots.txt> (referer: None)
2020-02-12 04:18:03 [scrapy] DEBUG: Crawled (200) <GET https://www.amazon.com/s?rh=n%3A16272%2Cp_72%3A4-&pf_rd_i=16272&pf_rd_m=ATVPDKIKX0DER&pf_rd_p=3237dbf3-c1bb-5c72-8ce7-e082992624f7&pf_rd_r=P45DS9NK334QDQCFXPHG&pf_rd_s=merchandised-search-10&pf_rd_t=101&ref=Oct_TopRatedC_16272_SAll> (referer: None)
2020-02-12 04:18:04 [scrapy] DEBUG: Scraped from <200 https://www.amazon.com/s?rh=n%3A16272%2Cp_72%3A4-&pf_rd_i=16272&pf_rd_m=ATVPDKIKX0DER&pf_rd_p=3237dbf3-c1bb-5c72-8ce7-e082992624f7&pf_rd_r=P45DS9NK334QDQCFXPHG&pf_rd_s=merchandised-search-10&pf_rd_t=101&ref=Oct_TopRatedC_16272_SAll>
{'title': 'Fahrenheit 451', 'author': 'Ray Bradbury', 'image': 'https://m.media-amazon.com/images/I/71OFqSRFDgL._AC_UY218_ML3_.jpg', 'price': 8.29, 'url': 'https://www.amazon.com//gp/bestsellers/books/3825151/ref=sr_bs_0_3825151_1'}
2020-02-12 04:18:04 [scrapy] DEBUG: Scraped from <200 https://www.amazon.com/s?rh=n%3A16272%2Cp_72%3A4-&pf_rd_i=16272&pf_rd_m=ATVPDKIKX0DER&pf_rd_p=3237dbf3-c1bb-5c72-8ce7-e082992624f7&pf_rd_r=P45DS9NK334QDQCFXPHG&pf_rd_s=merchandised-search-10&pf_rd_t=101&ref=Oct_TopRatedC_16272_SAll>
{'title': "The Handmaid's Tale", 'author': 'Margaret Atwood', 'image': 'https://m.media-amazon.com/images/I/71xL8U55tYL._AC_UY218_ML3_.jpg', 'price': 7.99, 'url': 'https://www.amazon.com//Handmaids-Tale-Margaret-Atwood/dp/038549081X/ref=sr_1_2?pf_rd_i=16272&pf_rd_m=ATVPDKIKX0DER&pf_rd_p=3237dbf3-c1bb-5c72-8ce7-e082992624f7&pf_rd_r=P45DS9NK334QDQCFXPHG&pf_rd_s=merchandised-search-10&pf_rd_t=101&qid=1581477483&refinements=p_72%3A1250221011&s=books&sr=1-2'}
2020-02-12 04:18:04 [scrapy] DEBUG: Scraped from <200 https://www.amazon.com/s?rh=n%3A16272%2Cp_72%3A4-&pf_rd_i=16272&pf_rd_m=ATVPDKIKX0DER&pf_rd_p=3237dbf3-c1bb-5c72-8ce7-e082992624f7&pf_rd_r=P45DS9NK334QDQCFXPHG&pf_rd_s=merchandised-search-10&pf_rd_t=101&ref=Oct_TopRatedC_16272_SAll>
{'title': '1984: New Classic Edition', 'author': 'George Orwell', 'image': 'https://m.media-amazon.com/images/I/51aKS+6StwL._AC_UY218_ML3_.jpg', 'price': 0.0, 'url': 'https://www.amazon.com//1984-New-Classic-Edition/dp/B000Q6ZLOI/ref=sr_1_3?pf_rd_i=16272&pf_rd_m=ATVPDKIKX0DER&pf_rd_p=3237dbf3-c1bb-5c72-8ce7-e082992624f7&pf_rd_r=P45DS9NK334QDQCFXPHG&pf_rd_s=merchandised-search-10&pf_rd_t=101&qid=1581477483&refinements=p_72%3A1250221011&s=books&sr=1-3'}
2020-02-12 04:18:04 [scrapy] DEBUG: Scraped from <200 https://www.amazon.com/s?rh=n%3A16272%2Cp_72%3A4-&pf_rd_i=16272&pf_rd_m=ATVPDKIKX0DER&pf_rd_p=3237dbf3-c1bb-5c72-8ce7-e082992624f7&pf_rd_r=P45DS9NK334QDQCFXPHG&pf_rd_s=merchandised-search-10&pf_rd_t=101&ref=Oct_TopRatedC_16272_SAll>
{'title': "The Testaments: The Sequel to The Handmaid's Tale", 'author': 'Margaret Atwood', 'image': 'https://m.media-amazon.com/images/I/71H4ZHHJK4L._AC_UY218_ML3_.jpg', 'price': 0.0, 'url': 'https://www.amazon.com//The-Testaments-A-Novel/dp/B07KYSPLBJ/ref=sr_1_4?pf_rd_i=16272&pf_rd_m=ATVPDKIKX0DER&pf_rd_p=3237dbf3-c1bb-5c72-8ce7-e082992624f7&pf_rd_r=P45DS9NK334QDQCFXPHG&pf_rd_s=merchandised-search-10&pf_rd_t=101&qid=1581477483&refinements=p_72%3A1250221011&s=books&sr=1-4'}
2020-02-12 04:18:04 [scrapy] DEBUG: Scraped from <200 https://www.amazon.com/s?rh=n%3A16272%2Cp_72%3A4-&pf_rd_i=16272&pf_rd_m=ATVPDKIKX0DER&pf_rd_p=3237dbf3-c1bb-5c72-8ce7-e082992624f7&pf_rd_r=P45DS9NK334QDQCFXPHG&pf_rd_s=merchandised-search-10&pf_rd_t=101&ref=Oct_TopRatedC_16272_SAll>
{'title': 'Brave New World', 'author': 'Aldous Huxley', 'image': 'https://m.media-amazon.com/images/I/41le8ej-fiL._AC_UY218_ML3_.jpg', 'price': 10.39, 'url': 'https://www.amazon.com//Brave-New-World-Aldous-Huxley/dp/0060850523/ref=sr_1_5?pf_rd_i=16272&pf_rd_m=ATVPDKIKX0DER&pf_rd_p=3237dbf3-c1bb-5c72-8ce7-e082992624f7&pf_rd_r=P45DS9NK334QDQCFXPHG&pf_rd_s=merchandised-search-10&pf_rd_t=101&qid=1581477483&refinements=p_72%3A1250221011&s=books&sr=1-5'}
2020-02-12 04:18:04 [scrapy] DEBUG: Scraped from <200 https://www.amazon.com/s?rh=n%3A16272%2Cp_72%3A4-&pf_rd_i=16272&pf_rd_m=ATVPDKIKX0DER&pf_rd_p=3237dbf3-c1bb-5c72-8ce7-e082992624f7&pf_rd_r=P45DS9NK334QDQCFXPHG&pf_rd_s=merchandised-search-10&pf_rd_t=101&ref=Oct_TopRatedC_16272_SAll>
{'title': 'Dune', 'author': 'Frank Herbert', 'image': 'https://m.media-amazon.com/images/I/518Je79ijlL._AC_UY218_ML3_.jpg', 'price': 0.0, 'url': 'https://www.amazon.com//Macmillan-Audio-Dune/dp/B000R34YKC/ref=sr_1_6?pf_rd_i=16272&pf_rd_m=ATVPDKIKX0DER&pf_rd_p=3237dbf3-c1bb-5c72-8ce7-e082992624f7&pf_rd_r=P45DS9NK334QDQCFXPHG&pf_rd_s=merchandised-search-10&pf_rd_t=101&qid=1581477483&refinements=p_72%3A1250221011&s=books&sr=1-6'}
2020-02-12 04:18:04 [scrapy] DEBUG: Scraped from <200 https://www.amazon.com/s?rh=n%3A16272%2Cp_72%3A4-&pf_rd_i=16272&pf_rd_m=ATVPDKIKX0DER&pf_rd_p=3237dbf3-c1bb-5c72-8ce7-e082992624f7&pf_rd_r=P45DS9NK334QDQCFXPHG&pf_rd_s=merchandised-search-10&pf_rd_t=101&ref=Oct_TopRatedC_16272_SAll>
{'title': 'Exhalation: Stories', 'author': 'Ted Chiang', 'image': 'https://m.media-amazon.com/images/I/71Xex6e+3VL._AC_UY218_ML3_.jpg', 'price': 13.99, 'url': 'https://www.amazon.com//Exhalation-Stories-Ted-Chiang-ebook/dp/B07GD46PQZ/ref=sr_1_7?pf_rd_i=16272&pf_rd_m=ATVPDKIKX0DER&pf_rd_p=3237dbf3-c1bb-5c72-8ce7-e082992624f7&pf_rd_r=P45DS9NK334QDQCFXPHG&pf_rd_s=merchandised-search-10&pf_rd_t=101&qid=1581477483&refinements=p_72%3A1250221011&s=books&sr=1-7'}
2020-02-12 04:18:04 [scrapy] DEBUG: Scraped from <200 https://www.amazon.com/s?rh=n%3A16272%2Cp_72%3A4-&pf_rd_i=16272&pf_rd_m=ATVPDKIKX0DER&pf_rd_p=3237dbf3-c1bb-5c72-8ce7-e082992624f7&pf_rd_r=P45DS9NK334QDQCFXPHG&pf_rd_s=merchandised-search-10&pf_rd_t=101&ref=Oct_TopRatedC_16272_SAll>
{'title': 'Slaughterhouse-Five: A Novel (Modern Library 100 Best Novels)', 'author': 'Kurt Vonnegut', 'image': 'https://m.media-amazon.com/images/I/71QcX1DbklL._AC_UY218_ML3_.jpg', 'price': 7.89, 'url': 'https://www.amazon.com//gp/bestsellers/books/16926921011/ref=sr_bs_7_16926921011_1'}
2020-02-12 04:18:04 [scrapy] DEBUG: Scraped from <200 https://www.amazon.com/s?rh=n%3A16272%2Cp_72%3A4-&pf_rd_i=16272&pf_rd_m=ATVPDKIKX0DER&pf_rd_p=3237dbf3-c1bb-5c72-8ce7-e082992624f7&pf_rd_r=P45DS9NK334QDQCFXPHG&pf_rd_s=merchandised-search-10&pf_rd_t=101&ref=Oct_TopRatedC_16272_SAll>
{'title': 'The Rise of Magicks: Chronicles of The One, Book 3', 'author': 'Nora Roberts', 'image': 'https://m.media-amazon.com/images/I/A1eZXXz6rSL._AC_UY218_ML3_.jpg', 'price': 14.99, 'url': 'https://www.amazon.com//Rise-Magicks-Chronicles-One-Book-ebook/dp/B07L2QR5WD/ref=sr_1_9?pf_rd_i=16272&pf_rd_m=ATVPDKIKX0DER&pf_rd_p=3237dbf3-c1bb-5c72-8ce7-e082992624f7&pf_rd_r=P45DS9NK334QDQCFXPHG&pf_rd_s=merchandised-search-10&pf_rd_t=101&qid=1581477483&refinements=p_72%3A1250221011&s=books&sr=1-9'}
2020-02-12 04:18:04 [scrapy] DEBUG: Scraped from <200 https://www.amazon.com/s?rh=n%3A16272%2Cp_72%3A4-&pf_rd_i=16272&pf_rd_m=ATVPDKIKX0DER&pf_rd_p=3237dbf3-c1bb-5c72-8ce7-e082992624f7&pf_rd_r=P45DS9NK334QDQCFXPHG&pf_rd_s=merchandised-search-10&pf_rd_t=101&ref=Oct_TopRatedC_16272_SAll>
{'title': 'Agency', 'author': 'William Gibson', 'image': 'https://m.media-amazon.com/images/I/71WqLOpjn4L._AC_UY218_ML3_.jpg', 'price': 14.99, 'url': 'https://www.amazon.com//Agency-William-Gibson-ebook/dp/B072NXSB14/ref=sr_1_10?pf_rd_i=16272&pf_rd_m=ATVPDKIKX0DER&pf_rd_p=3237dbf3-c1bb-5c72-8ce7-e082992624f7&pf_rd_r=P45DS9NK334QDQCFXPHG&pf_rd_s=merchandised-search-10&pf_rd_t=101&qid=1581477483&refinements=p_72%3A1250221011&s=books&sr=1-10'}
2020-02-12 04:18:04 [scrapy] DEBUG: Scraped from <200 https://www.amazon.com/s?rh=n%3A16272%2Cp_72%3A4-&pf_rd_i=16272&pf_rd_m=ATVPDKIKX0DER&pf_rd_p=3237dbf3-c1bb-5c72-8ce7-e082992624f7&pf_rd_r=P45DS9NK334QDQCFXPHG&pf_rd_s=merchandised-search-10&pf_rd_t=101&ref=Oct_TopRatedC_16272_SAll>
{'title': 'Star Wars®: Secrets of the Galaxy Deluxe Box Set', 'author': 'Daniel Wallace', 'image': 'https://m.media-amazon.com/images/I/517SCgSG7kL._AC_UY218_ML3_.jpg', 'price': 48.49, 'url': 'https://www.amazon.com//Star-Wars%C2%AE-Secrets-Galaxy-Deluxe/dp/1452159254/ref=sr_1_11?pf_rd_i=16272&pf_rd_m=ATVPDKIKX0DER&pf_rd_p=3237dbf3-c1bb-5c72-8ce7-e082992624f7&pf_rd_r=P45DS9NK334QDQCFXPHG&pf_rd_s=merchandised-search-10&pf_rd_t=101&qid=1581477483&refinements=p_72%3A1250221011&s=books&sr=1-11'}
2020-02-12 04:18:04 [scrapy] DEBUG: Scraped from <200 https://www.amazon.com/s?rh=n%3A16272%2Cp_72%3A4-&pf_rd_i=16272&pf_rd_m=ATVPDKIKX0DER&pf_rd_p=3237dbf3-c1bb-5c72-8ce7-e082992624f7&pf_rd_r=P45DS9NK334QDQCFXPHG&pf_rd_s=merchandised-search-10&pf_rd_t=101&ref=Oct_TopRatedC_16272_SAll>
{'title': 'Kindred', 'author': 'Octavia E. Butler', 'image': 'https://m.media-amazon.com/images/I/81KU7ZGvnZL._AC_UY218_ML3_.jpg', 'price': 9.59, 'url': 'https://www.amazon.com//Kindred-Octavia-Butler/dp/0807083690/ref=sr_1_12?pf_rd_i=16272&pf_rd_m=ATVPDKIKX0DER&pf_rd_p=3237dbf3-c1bb-5c72-8ce7-e082992624f7&pf_rd_r=P45DS9NK334QDQCFXPHG&pf_rd_s=merchandised-search-10&pf_rd_t=101&qid=1581477483&refinements=p_72%3A1250221011&s=books&sr=1-12'}
2020-02-12 04:18:04 [scrapy] DEBUG: Scraped from <200 https://www.amazon.com/s?rh=n%3A16272%2Cp_72%3A4-&pf_rd_i=16272&pf_rd_m=ATVPDKIKX0DER&pf_rd_p=3237dbf3-c1bb-5c72-8ce7-e082992624f7&pf_rd_r=P45DS9NK334QDQCFXPHG&pf_rd_s=merchandised-search-10&pf_rd_t=101&ref=Oct_TopRatedC_16272_SAll>
{'title': 'The Broken Earth Trilogy: The Fifth Season, The Obelisk Gate, The Stone Sky', 'author': 'N. K. Jemisin', 'image': 'https://m.media-amazon.com/images/I/61Z2Ki-oQtL._AC_UY218_ML3_.jpg', 'price': 24.4, 'url': 'https://www.amazon.com//Broken-Earth-Trilogy-Season-Obelisk/dp/031652719X/ref=sr_1_13?pf_rd_i=16272&pf_rd_m=ATVPDKIKX0DER&pf_rd_p=3237dbf3-c1bb-5c72-8ce7-e082992624f7&pf_rd_r=P45DS9NK334QDQCFXPHG&pf_rd_s=merchandised-search-10&pf_rd_t=101&qid=1581477483&refinements=p_72%3A1250221011&s=books&sr=1-13'}
2020-02-12 04:18:04 [scrapy] DEBUG: Scraped from <200 https://www.amazon.com/s?rh=n%3A16272%2Cp_72%3A4-&pf_rd_i=16272&pf_rd_m=ATVPDKIKX0DER&pf_rd_p=3237dbf3-c1bb-5c72-8ce7-e082992624f7&pf_rd_r=P45DS9NK334QDQCFXPHG&pf_rd_s=merchandised-search-10&pf_rd_t=101&ref=Oct_TopRatedC_16272_SAll>
{'title': "Tiamat's Wrath: The Expanse, Book 8", 'author': 'James S. A. Corey', 'image': 'https://m.media-amazon.com/images/I/81sw2a4Rs7L._AC_UY218_ML3_.jpg', 'price': 0.0, 'url': 'https://www.amazon.com//Tiamats-Wrath/dp/B07GFNQFFB/ref=sr_1_14?pf_rd_i=16272&pf_rd_m=ATVPDKIKX0DER&pf_rd_p=3237dbf3-c1bb-5c72-8ce7-e082992624f7&pf_rd_r=P45DS9NK334QDQCFXPHG&pf_rd_s=merchandised-search-10&pf_rd_t=101&qid=1581477483&refinements=p_72%3A1250221011&s=books&sr=1-14'}
2020-02-12 04:18:04 [scrapy] DEBUG: Scraped from <200 https://www.amazon.com/s?rh=n%3A16272%2Cp_72%3A4-&pf_rd_i=16272&pf_rd_m=ATVPDKIKX0DER&pf_rd_p=3237dbf3-c1bb-5c72-8ce7-e082992624f7&pf_rd_r=P45DS9NK334QDQCFXPHG&pf_rd_s=merchandised-search-10&pf_rd_t=101&ref=Oct_TopRatedC_16272_SAll>
{'title': 'Recursion: A Novel', 'author': 'Blake Crouch', 'image': 'https://m.media-amazon.com/images/I/81ENrS2YfNL._AC_UY218_ML3_.jpg', 'price': 11.99, 'url': 'https://www.amazon.com//Recursion-Novel-Blake-Crouch-ebook/dp/B07HDSHP7N/ref=sr_1_15?pf_rd_i=16272&pf_rd_m=ATVPDKIKX0DER&pf_rd_p=3237dbf3-c1bb-5c72-8ce7-e082992624f7&pf_rd_r=P45DS9NK334QDQCFXPHG&pf_rd_s=merchandised-search-10&pf_rd_t=101&qid=1581477483&refinements=p_72%3A1250221011&s=books&sr=1-15'}
2020-02-12 04:18:04 [scrapy] DEBUG: Scraped from <200 https://www.amazon.com/s?rh=n%3A16272%2Cp_72%3A4-&pf_rd_i=16272&pf_rd_m=ATVPDKIKX0DER&pf_rd_p=3237dbf3-c1bb-5c72-8ce7-e082992624f7&pf_rd_r=P45DS9NK334QDQCFXPHG&pf_rd_s=merchandised-search-10&pf_rd_t=101&ref=Oct_TopRatedC_16272_SAll>
{'title': 'Station Eleven: A novel', 'author': 'Emily St. John Mandel', 'image': 'https://m.media-amazon.com/images/I/91s5iLtZxTL._AC_UY218_ML3_.jpg', 'price': 9.99, 'url': 'https://www.amazon.com//Station-Eleven-Emily-John-Mandel-ebook/dp/B00J1IQUYM/ref=sr_1_16?pf_rd_i=16272&pf_rd_m=ATVPDKIKX0DER&pf_rd_p=3237dbf3-c1bb-5c72-8ce7-e082992624f7&pf_rd_r=P45DS9NK334QDQCFXPHG&pf_rd_s=merchandised-search-10&pf_rd_t=101&qid=1581477483&refinements=p_72%3A1250221011&s=books&sr=1-16'}
2020-02-12 04:18:05 [scrapy] DEBUG: Crawled (200) <GET https://www.amazon.com/s?i=stripbooks&bbn=16272&rh=n%3A16272%2Cp_72%3A1250221011%2Cp_n_feature_browse-bin%3A2656022011&dc&page=43&pf_rd_i=16272&pf_rd_m=ATVPDKIKX0DER&pf_rd_p=3237dbf3-c1bb-5c72-8ce7-e082992624f7&pf_rd_r=P45DS9NK334QDQCFXPHG&pf_rd_s=merchandised-search-10&pf_rd_t=101&qid=1581470763&rnid=618072011&> (referer: https://www.amazon.com/s?rh=n%3A16272%2Cp_72%3A4-&pf_rd_i=16272&pf_rd_m=ATVPDKIKX0DER&pf_rd_p=3237dbf3-c1bb-5c72-8ce7-e082992624f7&pf_rd_r=P45DS9NK334QDQCFXPHG&pf_rd_s=merchandised-search-10&pf_rd_t=101&ref=Oct_TopRatedC_16272_SAll)
2020-02-12 04:18:05 [scrapy] DEBUG: Scraped from <200 https://www.amazon.com/s?i=stripbooks&bbn=16272&rh=n%3A16272%2Cp_72%3A1250221011%2Cp_n_feature_browse-bin%3A2656022011&dc&page=43&pf_rd_i=16272&pf_rd_m=ATVPDKIKX0DER&pf_rd_p=3237dbf3-c1bb-5c72-8ce7-e082992624f7&pf_rd_r=P45DS9NK334QDQCFXPHG&pf_rd_s=merchandised-search-10&pf_rd_t=101&qid=1581470763&rnid=618072011&>
{'title': 'Seven to Eternity Volume 3: Rise to Fall', 'author': 'Rick Remender', 'image': 'https://m.media-amazon.com/images/I/713soKu6CWL._AC_UY218_ML3_.jpg', 'price': 12.42, 'url': 'https://www.amazon.com//Seven-Eternity-3-Rise-Fall/dp/1534306986/ref=sr_1_673?pf_rd_i=16272&pf_rd_m=ATVPDKIKX0DER&pf_rd_p=3237dbf3-c1bb-5c72-8ce7-e082992624f7&pf_rd_r=P45DS9NK334QDQCFXPHG&pf_rd_s=merchandised-search-10&pf_rd_t=101&qid=1581477484&refinements=p_72%3A1250221011%2Cp_n_feature_browse-bin%3A2656022011&rnid=618072011&s=books&sr=1-673'}
2020-02-12 04:18:05 [scrapy] DEBUG: Scraped from <200 https://www.amazon.com/s?i=stripbooks&bbn=16272&rh=n%3A16272%2Cp_72%3A1250221011%2Cp_n_feature_browse-bin%3A2656022011&dc&page=43&pf_rd_i=16272&pf_rd_m=ATVPDKIKX0DER&pf_rd_p=3237dbf3-c1bb-5c72-8ce7-e082992624f7&pf_rd_r=P45DS9NK334QDQCFXPHG&pf_rd_s=merchandised-search-10&pf_rd_t=101&qid=1581470763&rnid=618072011&>
{'title': 'Descender Volume 5: Rise of the Robots', 'author': 'Jeff Lemire', 'image': 'https://m.media-amazon.com/images/I/817qPe3dlyL._AC_UY218_ML3_.jpg', 'price': 11.79, 'url': 'https://www.amazon.com//Descender-5-Robots-Jeff-Lemire/dp/1534303456/ref=sr_1_674?pf_rd_i=16272&pf_rd_m=ATVPDKIKX0DER&pf_rd_p=3237dbf3-c1bb-5c72-8ce7-e082992624f7&pf_rd_r=P45DS9NK334QDQCFXPHG&pf_rd_s=merchandised-search-10&pf_rd_t=101&qid=1581477484&refinements=p_72%3A1250221011%2Cp_n_feature_browse-bin%3A2656022011&rnid=618072011&s=books&sr=1-674'}
2020-02-12 04:18:05 [scrapy] DEBUG: Scraped from <200 https://www.amazon.com/s?i=stripbooks&bbn=16272&rh=n%3A16272%2Cp_72%3A1250221011%2Cp_n_feature_browse-bin%3A2656022011&dc&page=43&pf_rd_i=16272&pf_rd_m=ATVPDKIKX0DER&pf_rd_p=3237dbf3-c1bb-5c72-8ce7-e082992624f7&pf_rd_r=P45DS9NK334QDQCFXPHG&pf_rd_s=merchandised-search-10&pf_rd_t=101&qid=1581470763&rnid=618072011&>
{'title': 'Reinventing Comics: The Evolution of an Art Form', 'author': 'Scott McCloud', 'image': 'https://m.media-amazon.com/images/I/51D4evlwiZL._AC_UY218_ML3_.jpg', 'price': 15.99, 'url': 'https://www.amazon.com//Reinventing-Comics-Evolution-Art-Form/dp/0060953500/ref=sr_1_675?pf_rd_i=16272&pf_rd_m=ATVPDKIKX0DER&pf_rd_p=3237dbf3-c1bb-5c72-8ce7-e082992624f7&pf_rd_r=P45DS9NK334QDQCFXPHG&pf_rd_s=merchandised-search-10&pf_rd_t=101&qid=1581477484&refinements=p_72%3A1250221011%2Cp_n_feature_browse-bin%3A2656022011&rnid=618072011&s=books&sr=1-675'}
2020-02-12 04:18:05 [scrapy] DEBUG: Scraped from <200 https://www.amazon.com/s?i=stripbooks&bbn=16272&rh=n%3A16272%2Cp_72%3A1250221011%2Cp_n_feature_browse-bin%3A2656022011&dc&page=43&pf_rd_i=16272&pf_rd_m=ATVPDKIKX0DER&pf_rd_p=3237dbf3-c1bb-5c72-8ce7-e082992624f7&pf_rd_r=P45DS9NK334QDQCFXPHG&pf_rd_s=merchandised-search-10&pf_rd_t=101&qid=1581470763&rnid=618072011&>
{'title': 'Infection: Sympatico Syndrome (Volume 1)', 'author': 'M. P. McDonald', 'image': 'https://m.media-amazon.com/images/I/61diiv20+tL._AC_UY218_ML3_.jpg', 'price': 12.99, 'url': 'https://www.amazon.com//Infection-Sympatico-Syndrome-M-McDonald/dp/1535538910/ref=sr_1_676?pf_rd_i=16272&pf_rd_m=ATVPDKIKX0DER&pf_rd_p=3237dbf3-c1bb-5c72-8ce7-e082992624f7&pf_rd_r=P45DS9NK334QDQCFXPHG&pf_rd_s=merchandised-search-10&pf_rd_t=101&qid=1581477484&refinements=p_72%3A1250221011%2Cp_n_feature_browse-bin%3A2656022011&rnid=618072011&s=books&sr=1-676'}
2020-02-12 04:18:05 [scrapy] DEBUG: Scraped from <200 https://www.amazon.com/s?i=stripbooks&bbn=16272&rh=n%3A16272%2Cp_72%3A1250221011%2Cp_n_feature_browse-bin%3A2656022011&dc&page=43&pf_rd_i=16272&pf_rd_m=ATVPDKIKX0DER&pf_rd_p=3237dbf3-c1bb-5c72-8ce7-e082992624f7&pf_rd_r=P45DS9NK334QDQCFXPHG&pf_rd_s=merchandised-search-10&pf_rd_t=101&qid=1581470763&rnid=618072011&>
{'title': 'Deathwatch: Shadowbreaker (Warhammer 40,000)', 'author': 'Steve Parker', 'image': 'https://m.media-amazon.com/images/I/81C4Geb+BxL._AC_UY218_ML3_.jpg', 'price': 10.69, 'url': 'https://www.amazon.com//Shadowbreaker-Warhammer-000-Steve-Parker/dp/1781939632/ref=sr_1_677?pf_rd_i=16272&pf_rd_m=ATVPDKIKX0DER&pf_rd_p=3237dbf3-c1bb-5c72-8ce7-e082992624f7&pf_rd_r=P45DS9NK334QDQCFXPHG&pf_rd_s=merchandised-search-10&pf_rd_t=101&qid=1581477484&refinements=p_72%3A1250221011%2Cp_n_feature_browse-bin%3A2656022011&rnid=618072011&s=books&sr=1-677'}
2020-02-12 04:18:05 [scrapy] DEBUG: Scraped from <200 https://www.amazon.com/s?i=stripbooks&bbn=16272&rh=n%3A16272%2Cp_72%3A1250221011%2Cp_n_feature_browse-bin%3A2656022011&dc&page=43&pf_rd_i=16272&pf_rd_m=ATVPDKIKX0DER&pf_rd_p=3237dbf3-c1bb-5c72-8ce7-e082992624f7&pf_rd_r=P45DS9NK334QDQCFXPHG&pf_rd_s=merchandised-search-10&pf_rd_t=101&qid=1581470763&rnid=618072011&>
{'title': 'Smoke and Mirrors: Short Fictions and Illusions', 'author': 'Neil Gaiman', 'image': 'https://m.media-amazon.com/images/I/51chSgcel0L._AC_UY218_ML3_.jpg', 'price': 7.89, 'url': 'https://www.amazon.com//Smoke-Mirrors-Short-Fictions-Illusions/dp/0061450162/ref=sr_1_678?pf_rd_i=16272&pf_rd_m=ATVPDKIKX0DER&pf_rd_p=3237dbf3-c1bb-5c72-8ce7-e082992624f7&pf_rd_r=P45DS9NK334QDQCFXPHG&pf_rd_s=merchandised-search-10&pf_rd_t=101&qid=1581477484&refinements=p_72%3A1250221011%2Cp_n_feature_browse-bin%3A2656022011&rnid=618072011&s=books&sr=1-678'}
2020-02-12 04:18:05 [scrapy] DEBUG: Scraped from <200 https://www.amazon.com/s?i=stripbooks&bbn=16272&rh=n%3A16272%2Cp_72%3A1250221011%2Cp_n_feature_browse-bin%3A2656022011&dc&page=43&pf_rd_i=16272&pf_rd_m=ATVPDKIKX0DER&pf_rd_p=3237dbf3-c1bb-5c72-8ce7-e082992624f7&pf_rd_r=P45DS9NK334QDQCFXPHG&pf_rd_s=merchandised-search-10&pf_rd_t=101&qid=1581470763&rnid=618072011&>
{'title': 'Anathem', 'author': 'Neal Stephenson', 'image': 'https://m.media-amazon.com/images/I/51Okzm3Aq6L._AC_UY218_ML3_.jpg', 'price': 9.29, 'url': 'https://www.amazon.com//Anathem-Neal-Stephenson/dp/006147410X/ref=sr_1_679?pf_rd_i=16272&pf_rd_m=ATVPDKIKX0DER&pf_rd_p=3237dbf3-c1bb-5c72-8ce7-e082992624f7&pf_rd_r=P45DS9NK334QDQCFXPHG&pf_rd_s=merchandised-search-10&pf_rd_t=101&qid=1581477484&refinements=p_72%3A1250221011%2Cp_n_feature_browse-bin%3A2656022011&rnid=618072011&s=books&sr=1-679'}
2020-02-12 04:18:05 [scrapy] DEBUG: Scraped from <200 https://www.amazon.com/s?i=stripbooks&bbn=16272&rh=n%3A16272%2Cp_72%3A1250221011%2Cp_n_feature_browse-bin%3A2656022011&dc&page=43&pf_rd_i=16272&pf_rd_m=ATVPDKIKX0DER&pf_rd_p=3237dbf3-c1bb-5c72-8ce7-e082992624f7&pf_rd_r=P45DS9NK334QDQCFXPHG&pf_rd_s=merchandised-search-10&pf_rd_t=101&qid=1581470763&rnid=618072011&>
{'title': 'Tank Girl 1 (Remastered Edition) (Bk. 1)', 'author': 'Alan C Martin', 'image': 'https://m.media-amazon.com/images/I/91a5MLYWNVL._AC_UY218_ML3_.jpg', 'price': 11.99, 'url': 'https://www.amazon.com//Tank-Girl-Remastered-Alan-Martin/dp/1845767578/ref=sr_1_680?pf_rd_i=16272&pf_rd_m=ATVPDKIKX0DER&pf_rd_p=3237dbf3-c1bb-5c72-8ce7-e082992624f7&pf_rd_r=P45DS9NK334QDQCFXPHG&pf_rd_s=merchandised-search-10&pf_rd_t=101&qid=1581477484&refinements=p_72%3A1250221011%2Cp_n_feature_browse-bin%3A2656022011&rnid=618072011&s=books&sr=1-680'}
2020-02-12 04:18:05 [scrapy] DEBUG: Scraped from <200 https://www.amazon.com/s?i=stripbooks&bbn=16272&rh=n%3A16272%2Cp_72%3A1250221011%2Cp_n_feature_browse-bin%3A2656022011&dc&page=43&pf_rd_i=16272&pf_rd_m=ATVPDKIKX0DER&pf_rd_p=3237dbf3-c1bb-5c72-8ce7-e082992624f7&pf_rd_r=P45DS9NK334QDQCFXPHG&pf_rd_s=merchandised-search-10&pf_rd_t=101&qid=1581470763&rnid=618072011&>
{'title': 'Wargs: Outcast', 'author': 'D Allen Rutherford', 'image': 'https://m.media-amazon.com/images/I/71R7-450W2L._AC_UY218_ML3_.jpg', 'price': 24.99, 'url': 'https://www.amazon.com//Wargs-Outcast-D-Allen-Rutherford/dp/1365027570/ref=sr_1_681?pf_rd_i=16272&pf_rd_m=ATVPDKIKX0DER&pf_rd_p=3237dbf3-c1bb-5c72-8ce7-e082992624f7&pf_rd_r=P45DS9NK334QDQCFXPHG&pf_rd_s=merchandised-search-10&pf_rd_t=101&qid=1581477484&refinements=p_72%3A1250221011%2Cp_n_feature_browse-bin%3A2656022011&rnid=618072011&s=books&sr=1-681'}
2020-02-12 04:18:05 [scrapy] DEBUG: Scraped from <200 https://www.amazon.com/s?i=stripbooks&bbn=16272&rh=n%3A16272%2Cp_72%3A1250221011%2Cp_n_feature_browse-bin%3A2656022011&dc&page=43&pf_rd_i=16272&pf_rd_m=ATVPDKIKX0DER&pf_rd_p=3237dbf3-c1bb-5c72-8ce7-e082992624f7&pf_rd_r=P45DS9NK334QDQCFXPHG&pf_rd_s=merchandised-search-10&pf_rd_t=101&qid=1581470763&rnid=618072011&>
{'title': 'Formic Wars Trilogy Boxed Set: Earth Unaware, Earth Afire, Earth Awakens (The First Formic War)', 'author': 'Orson Scott Card', 'image': 'https://m.media-amazon.com/images/I/71WaWgsjXLL._AC_UY218_ML3_.jpg', 'price': 25.97, 'url': 'https://www.amazon.com//Formic-Wars-Trilogy-Boxed-Set/dp/0765390701/ref=sr_1_682?pf_rd_i=16272&pf_rd_m=ATVPDKIKX0DER&pf_rd_p=3237dbf3-c1bb-5c72-8ce7-e082992624f7&pf_rd_r=P45DS9NK334QDQCFXPHG&pf_rd_s=merchandised-search-10&pf_rd_t=101&qid=1581477484&refinements=p_72%3A1250221011%2Cp_n_feature_browse-bin%3A2656022011&rnid=618072011&s=books&sr=1-682'}
2020-02-12 04:18:05 [scrapy] DEBUG: Scraped from <200 https://www.amazon.com/s?i=stripbooks&bbn=16272&rh=n%3A16272%2Cp_72%3A1250221011%2Cp_n_feature_browse-bin%3A2656022011&dc&page=43&pf_rd_i=16272&pf_rd_m=ATVPDKIKX0DER&pf_rd_p=3237dbf3-c1bb-5c72-8ce7-e082992624f7&pf_rd_r=P45DS9NK334QDQCFXPHG&pf_rd_s=merchandised-search-10&pf_rd_t=101&qid=1581470763&rnid=618072011&>
{'title': 'Deadly Class Volume 5: Carousel', 'author': 'Rick Remender', 'image': 'https://m.media-amazon.com/images/I/81BmTbSvM6L._AC_UY218_ML3_.jpg', 'price': 10.19, 'url': 'https://www.amazon.com//Deadly-Class-Carousel-Rick-Remender/dp/1534300554/ref=sr_1_683?pf_rd_i=16272&pf_rd_m=ATVPDKIKX0DER&pf_rd_p=3237dbf3-c1bb-5c72-8ce7-e082992624f7&pf_rd_r=P45DS9NK334QDQCFXPHG&pf_rd_s=merchandised-search-10&pf_rd_t=101&qid=1581477484&refinements=p_72%3A1250221011%2Cp_n_feature_browse-bin%3A2656022011&rnid=618072011&s=books&sr=1-683'}
2020-02-12 04:18:05 [scrapy] ERROR: Spider error processing <GET https://www.amazon.com/s?i=stripbooks&bbn=16272&rh=n%3A16272%2Cp_72%3A1250221011%2Cp_n_feature_browse-bin%3A2656022011&dc&page=43&pf_rd_i=16272&pf_rd_m=ATVPDKIKX0DER&pf_rd_p=3237dbf3-c1bb-5c72-8ce7-e082992624f7&pf_rd_r=P45DS9NK334QDQCFXPHG&pf_rd_s=merchandised-search-10&pf_rd_t=101&qid=1581470763&rnid=618072011&> (referer: https://www.amazon.com/s?rh=n%3A16272%2Cp_72%3A4-&pf_rd_i=16272&pf_rd_m=ATVPDKIKX0DER&pf_rd_p=3237dbf3-c1bb-5c72-8ce7-e082992624f7&pf_rd_r=P45DS9NK334QDQCFXPHG&pf_rd_s=merchandised-search-10&pf_rd_t=101&ref=Oct_TopRatedC_16272_SAll)
Traceback (most recent call last):
  File "/home/bullfroggie/.local/share/virtualenvs/Photon-9YoVy4dK/lib/python3.7/site-packages/scrapy/utils/defer.py", line 102, in iter_errback
    yield next(it)
  File "/home/bullfroggie/.local/share/virtualenvs/Photon-9YoVy4dK/lib/python3.7/site-packages/scrapy/core/spidermw.py", line 84, in evaluate_iterable
    for r in iterable:
  File "/home/bullfroggie/.local/share/virtualenvs/Photon-9YoVy4dK/lib/python3.7/site-packages/scrapy/spidermiddlewares/offsite.py", line 29, in process_spider_output
    for x in result:
  File "/home/bullfroggie/.local/share/virtualenvs/Photon-9YoVy4dK/lib/python3.7/site-packages/scrapy/core/spidermw.py", line 84, in evaluate_iterable
    for r in iterable:
  File "/home/bullfroggie/.local/share/virtualenvs/Photon-9YoVy4dK/lib/python3.7/site-packages/scrapy/spidermiddlewares/referer.py", line 339, in <genexpr>
    return (_set_referer(r) for r in result or ())
  File "/home/bullfroggie/.local/share/virtualenvs/Photon-9YoVy4dK/lib/python3.7/site-packages/scrapy/core/spidermw.py", line 84, in evaluate_iterable
    for r in iterable:
  File "/home/bullfroggie/.local/share/virtualenvs/Photon-9YoVy4dK/lib/python3.7/site-packages/scrapy/spidermiddlewares/urllength.py", line 37, in <genexpr>
    return (r for r in result or () if _filter(r))
  File "/home/bullfroggie/.local/share/virtualenvs/Photon-9YoVy4dK/lib/python3.7/site-packages/scrapy/core/spidermw.py", line 84, in evaluate_iterable
    for r in iterable:
  File "/home/bullfroggie/.local/share/virtualenvs/Photon-9YoVy4dK/lib/python3.7/site-packages/scrapy/spidermiddlewares/depth.py", line 58, in <genexpr>
    return (r for r in result or () if _filter(r))
  File "/home/bullfroggie/Documents/Projects/Photon/Scifibot/spiders/amazon_book_spider.py", line 26, in parse
    f"{book.css('.sg-col-inner .sg-row .a-spacing-top-small .a-price span span').css('::text').extract()[1]}.{book.css('.sg-col-inner .sg-row .a-spacing-top-small .a-price span span').css('::text').extract()[4]}"
IndexError: list index out of range
2020-02-12 04:18:05 [scrapy] INFO: Closing spider (finished)
2020-02-12 04:18:05 [scrapy] INFO: Dumping Scrapy stats:
{'downloader/request_bytes': 1732,
 'downloader/request_count': 3,
 'downloader/request_method_count/GET': 3,
 'downloader/response_bytes': 217534,
 'downloader/response_count': 3,
 'downloader/response_status_count/200': 3,
 'elapsed_time_seconds': 5.894812,
 'finish_reason': 'finished',
 'finish_time': datetime.datetime(2020, 2, 12, 3, 18, 5, 333189),
 'item_scraped_count': 27,
 'log_count/DEBUG': 55,
 'log_count/ERROR': 2,
 'log_count/INFO': 16,
 'log_count/WARNING': 90,
 'memusage/max': 126435328,
 'memusage/startup': 126435328,
 'request_depth_max': 1,
 'response_received_count': 3,
 'robotstxt/request_count': 1,
 'robotstxt/response_count': 1,
 'robotstxt/response_status_count/200': 1,
 'scheduler/dequeued': 2,
 'scheduler/dequeued/memory': 2,
 'scheduler/enqueued': 2,
 'scheduler/enqueued/memory': 2,
 'spider_exceptions/IndexError': 1,
 'start_time': datetime.datetime(2020, 2, 12, 3, 17, 59, 438377)}
2020-02-12 04:18:05 [scrapy] INFO: Spider closed (finished)
