2020-02-12 02:48:18 [scrapy] DEBUG: Crawled (200) <GET https://www.amazon.com/robots.txt> (referer: None)
2020-02-12 02:48:19 [scrapy] DEBUG: Crawled (200) <GET https://www.amazon.com/s?rh=n%3A16272%2Cp_72%3A4-&pf_rd_i=16272&pf_rd_m=ATVPDKIKX0DER&pf_rd_p=3237dbf3-c1bb-5c72-8ce7-e082992624f7&pf_rd_r=P45DS9NK334QDQCFXPHG&pf_rd_s=merchandised-search-10&pf_rd_t=101&ref=Oct_TopRatedC_16272_SAll> (referer: None)
2020-02-12 02:48:19 [scrapy] ERROR: Spider error processing <GET https://www.amazon.com/s?rh=n%3A16272%2Cp_72%3A4-&pf_rd_i=16272&pf_rd_m=ATVPDKIKX0DER&pf_rd_p=3237dbf3-c1bb-5c72-8ce7-e082992624f7&pf_rd_r=P45DS9NK334QDQCFXPHG&pf_rd_s=merchandised-search-10&pf_rd_t=101&ref=Oct_TopRatedC_16272_SAll> (referer: None)
Traceback (most recent call last):
  File "/home/bullfroggie/.local/share/virtualenvs/Photon-9YoVy4dK/lib/python3.7/site-packages/scrapy/utils/defer.py", line 102, in iter_errback
    yield next(it)
  File "/home/bullfroggie/.local/share/virtualenvs/Photon-9YoVy4dK/lib/python3.7/site-packages/scrapy/core/spidermw.py", line 84, in evaluate_iterable
    for r in iterable:
  File "/home/bullfroggie/.local/share/virtualenvs/Photon-9YoVy4dK/lib/python3.7/site-packages/scrapy/spidermiddlewares/offsite.py", line 29, in process_spider_output
    for x in result:
  File "/home/bullfroggie/.local/share/virtualenvs/Photon-9YoVy4dK/lib/python3.7/site-packages/scrapy/core/spidermw.py", line 84, in evaluate_iterable
    for r in iterable:
  File "/home/bullfroggie/.local/share/virtualenvs/Photon-9YoVy4dK/lib/python3.7/site-packages/scrapy/spidermiddlewares/referer.py", line 339, in <genexpr>
    return (_set_referer(r) for r in result or ())
  File "/home/bullfroggie/.local/share/virtualenvs/Photon-9YoVy4dK/lib/python3.7/site-packages/scrapy/core/spidermw.py", line 84, in evaluate_iterable
    for r in iterable:
  File "/home/bullfroggie/.local/share/virtualenvs/Photon-9YoVy4dK/lib/python3.7/site-packages/scrapy/spidermiddlewares/urllength.py", line 37, in <genexpr>
    return (r for r in result or () if _filter(r))
  File "/home/bullfroggie/.local/share/virtualenvs/Photon-9YoVy4dK/lib/python3.7/site-packages/scrapy/core/spidermw.py", line 84, in evaluate_iterable
    for r in iterable:
  File "/home/bullfroggie/.local/share/virtualenvs/Photon-9YoVy4dK/lib/python3.7/site-packages/scrapy/spidermiddlewares/depth.py", line 58, in <genexpr>
    return (r for r in result or () if _filter(r))
  File "/home/bullfroggie/Documents/Projects/Photon/Scifibot/spiders/amazon_book_spider.py", line 20, in parse
    .replace("\n", "")
AttributeError: 'str' object has no attribute 'trim'
2020-02-12 02:48:19 [scrapy] INFO: Closing spider (finished)
2020-02-12 02:48:19 [scrapy] INFO: Dumping Scrapy stats:
{'downloader/request_bytes': 792,
 'downloader/request_count': 2,
 'downloader/request_method_count/GET': 2,
 'downloader/response_bytes': 110634,
 'downloader/response_count': 2,
 'downloader/response_status_count/200': 2,
 'elapsed_time_seconds': 1.590764,
 'finish_reason': 'finished',
 'finish_time': datetime.datetime(2020, 2, 12, 1, 48, 19, 608334),
 'log_count/DEBUG': 4,
 'log_count/ERROR': 1,
 'log_count/INFO': 7,
 'log_count/WARNING': 45,
 'memusage/max': 54026240,
 'memusage/startup': 54026240,
 'response_received_count': 2,
 'robotstxt/request_count': 1,
 'robotstxt/response_count': 1,
 'robotstxt/response_status_count/200': 1,
 'scheduler/dequeued': 1,
 'scheduler/dequeued/memory': 1,
 'scheduler/enqueued': 1,
 'scheduler/enqueued/memory': 1,
 'spider_exceptions/AttributeError': 1,
 'start_time': datetime.datetime(2020, 2, 12, 1, 48, 18, 17570)}
2020-02-12 02:48:19 [scrapy] INFO: Spider closed (finished)
