2020-02-12 02:21:57 [scrapy] DEBUG: Crawled (200) <GET https://www.amazon.com/robots.txt> (referer: None)
2020-02-12 02:21:59 [scrapy] DEBUG: Crawled (200) <GET https://www.amazon.com/s?rh=n%3A16272%2Cp_72%3A4-&pf_rd_i=16272&pf_rd_m=ATVPDKIKX0DER&pf_rd_p=3237dbf3-c1bb-5c72-8ce7-e082992624f7&pf_rd_r=P45DS9NK334QDQCFXPHG&pf_rd_s=merchandised-search-10&pf_rd_t=101&ref=Oct_TopRatedC_16272_SAll> (referer: None)
2020-02-12 02:21:59 [scrapy] DEBUG: Scraped from <200 https://www.amazon.com/s?rh=n%3A16272%2Cp_72%3A4-&pf_rd_i=16272&pf_rd_m=ATVPDKIKX0DER&pf_rd_p=3237dbf3-c1bb-5c72-8ce7-e082992624f7&pf_rd_r=P45DS9NK334QDQCFXPHG&pf_rd_s=merchandised-search-10&pf_rd_t=101&ref=Oct_TopRatedC_16272_SAll>
{'title': 'Fahrenheit 451', 'author': '\n    \n        \n        \n            Ray Bradbury\n        \n    \n', 'image': 'https://m.media-amazon.com/images/I/71OFqSRFDgL._AC_UY218_ML3_.jpg', 'price': '8.29', 'url': 'https://www.amazon.com//gp/bestsellers/books/3825151/ref=sr_bs_0_3825151_1'}
2020-02-12 02:21:59 [scrapy] DEBUG: Scraped from <200 https://www.amazon.com/s?rh=n%3A16272%2Cp_72%3A4-&pf_rd_i=16272&pf_rd_m=ATVPDKIKX0DER&pf_rd_p=3237dbf3-c1bb-5c72-8ce7-e082992624f7&pf_rd_r=P45DS9NK334QDQCFXPHG&pf_rd_s=merchandised-search-10&pf_rd_t=101&ref=Oct_TopRatedC_16272_SAll>
{'title': "The Handmaid's Tale", 'author': '\n    \n        \n        \n            Margaret Atwood\n        \n    \n', 'image': 'https://m.media-amazon.com/images/I/71xL8U55tYL._AC_UY218_ML3_.jpg', 'price': '7.99', 'url': 'https://www.amazon.com//Handmaids-Tale-Margaret-Atwood/dp/038549081X/ref=sr_1_2?pf_rd_i=16272&pf_rd_m=ATVPDKIKX0DER&pf_rd_p=3237dbf3-c1bb-5c72-8ce7-e082992624f7&pf_rd_r=P45DS9NK334QDQCFXPHG&pf_rd_s=merchandised-search-10&pf_rd_t=101&qid=1581470518&refinements=p_72%3A1250221011&s=books&sr=1-2'}
2020-02-12 02:21:59 [scrapy] DEBUG: Scraped from <200 https://www.amazon.com/s?rh=n%3A16272%2Cp_72%3A4-&pf_rd_i=16272&pf_rd_m=ATVPDKIKX0DER&pf_rd_p=3237dbf3-c1bb-5c72-8ce7-e082992624f7&pf_rd_r=P45DS9NK334QDQCFXPHG&pf_rd_s=merchandised-search-10&pf_rd_t=101&ref=Oct_TopRatedC_16272_SAll>
{'title': '1984: New Classic Edition', 'author': 'George Orwell', 'image': 'https://m.media-amazon.com/images/I/51aKS+6StwL._AC_UY218_ML3_.jpg', 'price': '0.00', 'url': 'https://www.amazon.com//1984-New-Classic-Edition/dp/B000Q6ZLOI/ref=sr_1_3?pf_rd_i=16272&pf_rd_m=ATVPDKIKX0DER&pf_rd_p=3237dbf3-c1bb-5c72-8ce7-e082992624f7&pf_rd_r=P45DS9NK334QDQCFXPHG&pf_rd_s=merchandised-search-10&pf_rd_t=101&qid=1581470518&refinements=p_72%3A1250221011&s=books&sr=1-3'}
2020-02-12 02:21:59 [scrapy] DEBUG: Scraped from <200 https://www.amazon.com/s?rh=n%3A16272%2Cp_72%3A4-&pf_rd_i=16272&pf_rd_m=ATVPDKIKX0DER&pf_rd_p=3237dbf3-c1bb-5c72-8ce7-e082992624f7&pf_rd_r=P45DS9NK334QDQCFXPHG&pf_rd_s=merchandised-search-10&pf_rd_t=101&ref=Oct_TopRatedC_16272_SAll>
{'title': "The Testaments: The Sequel to The Handmaid's Tale", 'author': 'Margaret Atwood', 'image': 'https://m.media-amazon.com/images/I/71H4ZHHJK4L._AC_UY218_ML3_.jpg', 'price': '0.00', 'url': 'https://www.amazon.com//The-Testaments-A-Novel/dp/B07KYSPLBJ/ref=sr_1_4?pf_rd_i=16272&pf_rd_m=ATVPDKIKX0DER&pf_rd_p=3237dbf3-c1bb-5c72-8ce7-e082992624f7&pf_rd_r=P45DS9NK334QDQCFXPHG&pf_rd_s=merchandised-search-10&pf_rd_t=101&qid=1581470518&refinements=p_72%3A1250221011&s=books&sr=1-4'}
2020-02-12 02:21:59 [scrapy] DEBUG: Scraped from <200 https://www.amazon.com/s?rh=n%3A16272%2Cp_72%3A4-&pf_rd_i=16272&pf_rd_m=ATVPDKIKX0DER&pf_rd_p=3237dbf3-c1bb-5c72-8ce7-e082992624f7&pf_rd_r=P45DS9NK334QDQCFXPHG&pf_rd_s=merchandised-search-10&pf_rd_t=101&ref=Oct_TopRatedC_16272_SAll>
{'title': 'Brave New World', 'author': '\n    \n        \n        \n            Aldous Huxley\n        \n    \n', 'image': 'https://m.media-amazon.com/images/I/41le8ej-fiL._AC_UY218_ML3_.jpg', 'price': '10.39', 'url': 'https://www.amazon.com//Brave-New-World-Aldous-Huxley/dp/0060850523/ref=sr_1_5?pf_rd_i=16272&pf_rd_m=ATVPDKIKX0DER&pf_rd_p=3237dbf3-c1bb-5c72-8ce7-e082992624f7&pf_rd_r=P45DS9NK334QDQCFXPHG&pf_rd_s=merchandised-search-10&pf_rd_t=101&qid=1581470518&refinements=p_72%3A1250221011&s=books&sr=1-5'}
2020-02-12 02:21:59 [scrapy] DEBUG: Scraped from <200 https://www.amazon.com/s?rh=n%3A16272%2Cp_72%3A4-&pf_rd_i=16272&pf_rd_m=ATVPDKIKX0DER&pf_rd_p=3237dbf3-c1bb-5c72-8ce7-e082992624f7&pf_rd_r=P45DS9NK334QDQCFXPHG&pf_rd_s=merchandised-search-10&pf_rd_t=101&ref=Oct_TopRatedC_16272_SAll>
{'title': 'Dune', 'author': 'Frank Herbert', 'image': 'https://m.media-amazon.com/images/I/518Je79ijlL._AC_UY218_ML3_.jpg', 'price': '0.00', 'url': 'https://www.amazon.com//Macmillan-Audio-Dune/dp/B000R34YKC/ref=sr_1_6?pf_rd_i=16272&pf_rd_m=ATVPDKIKX0DER&pf_rd_p=3237dbf3-c1bb-5c72-8ce7-e082992624f7&pf_rd_r=P45DS9NK334QDQCFXPHG&pf_rd_s=merchandised-search-10&pf_rd_t=101&qid=1581470518&refinements=p_72%3A1250221011&s=books&sr=1-6'}
2020-02-12 02:21:59 [scrapy] DEBUG: Scraped from <200 https://www.amazon.com/s?rh=n%3A16272%2Cp_72%3A4-&pf_rd_i=16272&pf_rd_m=ATVPDKIKX0DER&pf_rd_p=3237dbf3-c1bb-5c72-8ce7-e082992624f7&pf_rd_r=P45DS9NK334QDQCFXPHG&pf_rd_s=merchandised-search-10&pf_rd_t=101&ref=Oct_TopRatedC_16272_SAll>
{'title': 'Exhalation: Stories', 'author': '\n    \n        \n        \n            Ted Chiang\n        \n    \n', 'image': 'https://m.media-amazon.com/images/I/71Xex6e+3VL._AC_UY218_ML3_.jpg', 'price': '13.99', 'url': 'https://www.amazon.com//Exhalation-Stories-Ted-Chiang-ebook/dp/B07GD46PQZ/ref=sr_1_7?pf_rd_i=16272&pf_rd_m=ATVPDKIKX0DER&pf_rd_p=3237dbf3-c1bb-5c72-8ce7-e082992624f7&pf_rd_r=P45DS9NK334QDQCFXPHG&pf_rd_s=merchandised-search-10&pf_rd_t=101&qid=1581470518&refinements=p_72%3A1250221011&s=books&sr=1-7'}
2020-02-12 02:21:59 [scrapy] DEBUG: Scraped from <200 https://www.amazon.com/s?rh=n%3A16272%2Cp_72%3A4-&pf_rd_i=16272&pf_rd_m=ATVPDKIKX0DER&pf_rd_p=3237dbf3-c1bb-5c72-8ce7-e082992624f7&pf_rd_r=P45DS9NK334QDQCFXPHG&pf_rd_s=merchandised-search-10&pf_rd_t=101&ref=Oct_TopRatedC_16272_SAll>
{'title': 'Slaughterhouse-Five: A Novel (Modern Library 100 Best Novels)', 'author': '\n    \n        \n        \n            Kurt Vonnegut\n        \n    \n', 'image': 'https://m.media-amazon.com/images/I/71QcX1DbklL._AC_UY218_ML3_.jpg', 'price': '7.89', 'url': 'https://www.amazon.com//gp/bestsellers/books/16926921011/ref=sr_bs_7_16926921011_1'}
2020-02-12 02:21:59 [scrapy] DEBUG: Scraped from <200 https://www.amazon.com/s?rh=n%3A16272%2Cp_72%3A4-&pf_rd_i=16272&pf_rd_m=ATVPDKIKX0DER&pf_rd_p=3237dbf3-c1bb-5c72-8ce7-e082992624f7&pf_rd_r=P45DS9NK334QDQCFXPHG&pf_rd_s=merchandised-search-10&pf_rd_t=101&ref=Oct_TopRatedC_16272_SAll>
{'title': 'The Rise of Magicks: Chronicles of The One, Book 3', 'author': '\n    \n        \n        \n            Nora Roberts\n        \n    \n', 'image': 'https://m.media-amazon.com/images/I/A1eZXXz6rSL._AC_UY218_ML3_.jpg', 'price': '14.99', 'url': 'https://www.amazon.com//Rise-Magicks-Chronicles-One-Book-ebook/dp/B07L2QR5WD/ref=sr_1_9?pf_rd_i=16272&pf_rd_m=ATVPDKIKX0DER&pf_rd_p=3237dbf3-c1bb-5c72-8ce7-e082992624f7&pf_rd_r=P45DS9NK334QDQCFXPHG&pf_rd_s=merchandised-search-10&pf_rd_t=101&qid=1581470518&refinements=p_72%3A1250221011&s=books&sr=1-9'}
2020-02-12 02:21:59 [scrapy] DEBUG: Scraped from <200 https://www.amazon.com/s?rh=n%3A16272%2Cp_72%3A4-&pf_rd_i=16272&pf_rd_m=ATVPDKIKX0DER&pf_rd_p=3237dbf3-c1bb-5c72-8ce7-e082992624f7&pf_rd_r=P45DS9NK334QDQCFXPHG&pf_rd_s=merchandised-search-10&pf_rd_t=101&ref=Oct_TopRatedC_16272_SAll>
{'title': 'Agency', 'author': '\n    \n        \n        \n            William Gibson\n        \n    \n', 'image': 'https://m.media-amazon.com/images/I/71WqLOpjn4L._AC_UY218_ML3_.jpg', 'price': '14.99', 'url': 'https://www.amazon.com//Agency-William-Gibson-ebook/dp/B072NXSB14/ref=sr_1_10?pf_rd_i=16272&pf_rd_m=ATVPDKIKX0DER&pf_rd_p=3237dbf3-c1bb-5c72-8ce7-e082992624f7&pf_rd_r=P45DS9NK334QDQCFXPHG&pf_rd_s=merchandised-search-10&pf_rd_t=101&qid=1581470518&refinements=p_72%3A1250221011&s=books&sr=1-10'}
2020-02-12 02:21:59 [scrapy] DEBUG: Scraped from <200 https://www.amazon.com/s?rh=n%3A16272%2Cp_72%3A4-&pf_rd_i=16272&pf_rd_m=ATVPDKIKX0DER&pf_rd_p=3237dbf3-c1bb-5c72-8ce7-e082992624f7&pf_rd_r=P45DS9NK334QDQCFXPHG&pf_rd_s=merchandised-search-10&pf_rd_t=101&ref=Oct_TopRatedC_16272_SAll>
{'title': 'Star Wars®: Secrets of the Galaxy Deluxe Box Set', 'author': '\n    \n        \n        \n            Daniel Wallace\n        \n    \n', 'image': 'https://m.media-amazon.com/images/I/517SCgSG7kL._AC_UY218_ML3_.jpg', 'price': '48.49', 'url': 'https://www.amazon.com//Star-Wars%C2%AE-Secrets-Galaxy-Deluxe/dp/1452159254/ref=sr_1_11?pf_rd_i=16272&pf_rd_m=ATVPDKIKX0DER&pf_rd_p=3237dbf3-c1bb-5c72-8ce7-e082992624f7&pf_rd_r=P45DS9NK334QDQCFXPHG&pf_rd_s=merchandised-search-10&pf_rd_t=101&qid=1581470518&refinements=p_72%3A1250221011&s=books&sr=1-11'}
2020-02-12 02:21:59 [scrapy] DEBUG: Scraped from <200 https://www.amazon.com/s?rh=n%3A16272%2Cp_72%3A4-&pf_rd_i=16272&pf_rd_m=ATVPDKIKX0DER&pf_rd_p=3237dbf3-c1bb-5c72-8ce7-e082992624f7&pf_rd_r=P45DS9NK334QDQCFXPHG&pf_rd_s=merchandised-search-10&pf_rd_t=101&ref=Oct_TopRatedC_16272_SAll>
{'title': 'Kindred', 'author': '\n    \n        \n        \n            Octavia E. Butler\n        \n    \n', 'image': 'https://m.media-amazon.com/images/I/81KU7ZGvnZL._AC_UY218_ML3_.jpg', 'price': '9.59', 'url': 'https://www.amazon.com//Kindred-Octavia-Butler/dp/0807083690/ref=sr_1_12?pf_rd_i=16272&pf_rd_m=ATVPDKIKX0DER&pf_rd_p=3237dbf3-c1bb-5c72-8ce7-e082992624f7&pf_rd_r=P45DS9NK334QDQCFXPHG&pf_rd_s=merchandised-search-10&pf_rd_t=101&qid=1581470518&refinements=p_72%3A1250221011&s=books&sr=1-12'}
2020-02-12 02:21:59 [scrapy] DEBUG: Scraped from <200 https://www.amazon.com/s?rh=n%3A16272%2Cp_72%3A4-&pf_rd_i=16272&pf_rd_m=ATVPDKIKX0DER&pf_rd_p=3237dbf3-c1bb-5c72-8ce7-e082992624f7&pf_rd_r=P45DS9NK334QDQCFXPHG&pf_rd_s=merchandised-search-10&pf_rd_t=101&ref=Oct_TopRatedC_16272_SAll>
{'title': 'The Broken Earth Trilogy: The Fifth Season, The Obelisk Gate, The Stone Sky', 'author': '\n    \n        \n        \n            N. K. Jemisin\n        \n    \n', 'image': 'https://m.media-amazon.com/images/I/61Z2Ki-oQtL._AC_UY218_ML3_.jpg', 'price': '24.40', 'url': 'https://www.amazon.com//Broken-Earth-Trilogy-Season-Obelisk/dp/031652719X/ref=sr_1_13?pf_rd_i=16272&pf_rd_m=ATVPDKIKX0DER&pf_rd_p=3237dbf3-c1bb-5c72-8ce7-e082992624f7&pf_rd_r=P45DS9NK334QDQCFXPHG&pf_rd_s=merchandised-search-10&pf_rd_t=101&qid=1581470518&refinements=p_72%3A1250221011&s=books&sr=1-13'}
2020-02-12 02:21:59 [scrapy] DEBUG: Scraped from <200 https://www.amazon.com/s?rh=n%3A16272%2Cp_72%3A4-&pf_rd_i=16272&pf_rd_m=ATVPDKIKX0DER&pf_rd_p=3237dbf3-c1bb-5c72-8ce7-e082992624f7&pf_rd_r=P45DS9NK334QDQCFXPHG&pf_rd_s=merchandised-search-10&pf_rd_t=101&ref=Oct_TopRatedC_16272_SAll>
{'title': "Tiamat's Wrath: The Expanse, Book 8", 'author': 'James S. A. Corey', 'image': 'https://m.media-amazon.com/images/I/81sw2a4Rs7L._AC_UY218_ML3_.jpg', 'price': '0.00', 'url': 'https://www.amazon.com//Tiamats-Wrath/dp/B07GFNQFFB/ref=sr_1_14?pf_rd_i=16272&pf_rd_m=ATVPDKIKX0DER&pf_rd_p=3237dbf3-c1bb-5c72-8ce7-e082992624f7&pf_rd_r=P45DS9NK334QDQCFXPHG&pf_rd_s=merchandised-search-10&pf_rd_t=101&qid=1581470518&refinements=p_72%3A1250221011&s=books&sr=1-14'}
2020-02-12 02:21:59 [scrapy] DEBUG: Scraped from <200 https://www.amazon.com/s?rh=n%3A16272%2Cp_72%3A4-&pf_rd_i=16272&pf_rd_m=ATVPDKIKX0DER&pf_rd_p=3237dbf3-c1bb-5c72-8ce7-e082992624f7&pf_rd_r=P45DS9NK334QDQCFXPHG&pf_rd_s=merchandised-search-10&pf_rd_t=101&ref=Oct_TopRatedC_16272_SAll>
{'title': 'Recursion: A Novel', 'author': '\n    \n        \n        \n            Blake Crouch\n        \n    \n', 'image': 'https://m.media-amazon.com/images/I/81ENrS2YfNL._AC_UY218_ML3_.jpg', 'price': '11.99', 'url': 'https://www.amazon.com//Recursion-Novel-Blake-Crouch-ebook/dp/B07HDSHP7N/ref=sr_1_15?pf_rd_i=16272&pf_rd_m=ATVPDKIKX0DER&pf_rd_p=3237dbf3-c1bb-5c72-8ce7-e082992624f7&pf_rd_r=P45DS9NK334QDQCFXPHG&pf_rd_s=merchandised-search-10&pf_rd_t=101&qid=1581470518&refinements=p_72%3A1250221011&s=books&sr=1-15'}
2020-02-12 02:21:59 [scrapy] DEBUG: Scraped from <200 https://www.amazon.com/s?rh=n%3A16272%2Cp_72%3A4-&pf_rd_i=16272&pf_rd_m=ATVPDKIKX0DER&pf_rd_p=3237dbf3-c1bb-5c72-8ce7-e082992624f7&pf_rd_r=P45DS9NK334QDQCFXPHG&pf_rd_s=merchandised-search-10&pf_rd_t=101&ref=Oct_TopRatedC_16272_SAll>
{'title': 'Station Eleven: A novel', 'author': '\n    \n        \n        \n            Emily St. John Mandel\n        \n    \n', 'image': 'https://m.media-amazon.com/images/I/91s5iLtZxTL._AC_UY218_ML3_.jpg', 'price': '9.99', 'url': 'https://www.amazon.com//Station-Eleven-Emily-John-Mandel-ebook/dp/B00J1IQUYM/ref=sr_1_16?pf_rd_i=16272&pf_rd_m=ATVPDKIKX0DER&pf_rd_p=3237dbf3-c1bb-5c72-8ce7-e082992624f7&pf_rd_r=P45DS9NK334QDQCFXPHG&pf_rd_s=merchandised-search-10&pf_rd_t=101&qid=1581470518&refinements=p_72%3A1250221011&s=books&sr=1-16'}
2020-02-12 02:21:59 [scrapy] INFO: Closing spider (finished)
2020-02-12 02:21:59 [scrapy] INFO: Dumping Scrapy stats:
{'downloader/request_bytes': 786,
 'downloader/request_count': 2,
 'downloader/request_method_count/GET': 2,
 'downloader/response_bytes': 110497,
 'downloader/response_count': 2,
 'downloader/response_status_count/200': 2,
 'elapsed_time_seconds': 2.460079,
 'finish_reason': 'finished',
 'finish_time': datetime.datetime(2020, 2, 12, 1, 21, 59, 747096),
 'item_scraped_count': 16,
 'log_count/DEBUG': 20,
 'log_count/INFO': 7,
 'log_count/WARNING': 45,
 'memusage/max': 53972992,
 'memusage/startup': 53972992,
 'response_received_count': 2,
 'robotstxt/request_count': 1,
 'robotstxt/response_count': 1,
 'robotstxt/response_status_count/200': 1,
 'scheduler/dequeued': 1,
 'scheduler/dequeued/memory': 1,
 'scheduler/enqueued': 1,
 'scheduler/enqueued/memory': 1,
 'start_time': datetime.datetime(2020, 2, 12, 1, 21, 57, 287017)}
2020-02-12 02:21:59 [scrapy] INFO: Spider closed (finished)
