2020-02-12 02:05:58 [scrapy] DEBUG: Crawled (200) <GET https://www.amazon.com/robots.txt> (referer: None)
2020-02-12 02:06:00 [scrapy] DEBUG: Crawled (200) <GET https://www.amazon.com/s?rh=n%3A16272%2Cp_72%3A4-&pf_rd_i=16272&pf_rd_m=ATVPDKIKX0DER&pf_rd_p=3237dbf3-c1bb-5c72-8ce7-e082992624f7&pf_rd_r=P45DS9NK334QDQCFXPHG&pf_rd_s=merchandised-search-10&pf_rd_t=101&ref=Oct_TopRatedC_16272_SAll> (referer: None)
2020-02-12 02:06:00 [scrapy] DEBUG: Scraped from <200 https://www.amazon.com/s?rh=n%3A16272%2Cp_72%3A4-&pf_rd_i=16272&pf_rd_m=ATVPDKIKX0DER&pf_rd_p=3237dbf3-c1bb-5c72-8ce7-e082992624f7&pf_rd_r=P45DS9NK334QDQCFXPHG&pf_rd_s=merchandised-search-10&pf_rd_t=101&ref=Oct_TopRatedC_16272_SAll>
{'title': 'Fahrenheit 451'}
2020-02-12 02:06:00 [scrapy] DEBUG: Scraped from <200 https://www.amazon.com/s?rh=n%3A16272%2Cp_72%3A4-&pf_rd_i=16272&pf_rd_m=ATVPDKIKX0DER&pf_rd_p=3237dbf3-c1bb-5c72-8ce7-e082992624f7&pf_rd_r=P45DS9NK334QDQCFXPHG&pf_rd_s=merchandised-search-10&pf_rd_t=101&ref=Oct_TopRatedC_16272_SAll>
{'title': "The Handmaid's Tale"}
2020-02-12 02:06:00 [scrapy] DEBUG: Scraped from <200 https://www.amazon.com/s?rh=n%3A16272%2Cp_72%3A4-&pf_rd_i=16272&pf_rd_m=ATVPDKIKX0DER&pf_rd_p=3237dbf3-c1bb-5c72-8ce7-e082992624f7&pf_rd_r=P45DS9NK334QDQCFXPHG&pf_rd_s=merchandised-search-10&pf_rd_t=101&ref=Oct_TopRatedC_16272_SAll>
{'title': '1984: New Classic Edition'}
2020-02-12 02:06:00 [scrapy] DEBUG: Scraped from <200 https://www.amazon.com/s?rh=n%3A16272%2Cp_72%3A4-&pf_rd_i=16272&pf_rd_m=ATVPDKIKX0DER&pf_rd_p=3237dbf3-c1bb-5c72-8ce7-e082992624f7&pf_rd_r=P45DS9NK334QDQCFXPHG&pf_rd_s=merchandised-search-10&pf_rd_t=101&ref=Oct_TopRatedC_16272_SAll>
{'title': "The Testaments: The Sequel to The Handmaid's Tale"}
2020-02-12 02:06:00 [scrapy] DEBUG: Scraped from <200 https://www.amazon.com/s?rh=n%3A16272%2Cp_72%3A4-&pf_rd_i=16272&pf_rd_m=ATVPDKIKX0DER&pf_rd_p=3237dbf3-c1bb-5c72-8ce7-e082992624f7&pf_rd_r=P45DS9NK334QDQCFXPHG&pf_rd_s=merchandised-search-10&pf_rd_t=101&ref=Oct_TopRatedC_16272_SAll>
{'title': 'Brave New World'}
2020-02-12 02:06:00 [scrapy] DEBUG: Scraped from <200 https://www.amazon.com/s?rh=n%3A16272%2Cp_72%3A4-&pf_rd_i=16272&pf_rd_m=ATVPDKIKX0DER&pf_rd_p=3237dbf3-c1bb-5c72-8ce7-e082992624f7&pf_rd_r=P45DS9NK334QDQCFXPHG&pf_rd_s=merchandised-search-10&pf_rd_t=101&ref=Oct_TopRatedC_16272_SAll>
{'title': 'Dune'}
2020-02-12 02:06:00 [scrapy] DEBUG: Scraped from <200 https://www.amazon.com/s?rh=n%3A16272%2Cp_72%3A4-&pf_rd_i=16272&pf_rd_m=ATVPDKIKX0DER&pf_rd_p=3237dbf3-c1bb-5c72-8ce7-e082992624f7&pf_rd_r=P45DS9NK334QDQCFXPHG&pf_rd_s=merchandised-search-10&pf_rd_t=101&ref=Oct_TopRatedC_16272_SAll>
{'title': 'Exhalation: Stories'}
2020-02-12 02:06:00 [scrapy] DEBUG: Scraped from <200 https://www.amazon.com/s?rh=n%3A16272%2Cp_72%3A4-&pf_rd_i=16272&pf_rd_m=ATVPDKIKX0DER&pf_rd_p=3237dbf3-c1bb-5c72-8ce7-e082992624f7&pf_rd_r=P45DS9NK334QDQCFXPHG&pf_rd_s=merchandised-search-10&pf_rd_t=101&ref=Oct_TopRatedC_16272_SAll>
{'title': 'Slaughterhouse-Five: A Novel (Modern Library 100 Best Novels)'}
2020-02-12 02:06:00 [scrapy] DEBUG: Scraped from <200 https://www.amazon.com/s?rh=n%3A16272%2Cp_72%3A4-&pf_rd_i=16272&pf_rd_m=ATVPDKIKX0DER&pf_rd_p=3237dbf3-c1bb-5c72-8ce7-e082992624f7&pf_rd_r=P45DS9NK334QDQCFXPHG&pf_rd_s=merchandised-search-10&pf_rd_t=101&ref=Oct_TopRatedC_16272_SAll>
{'title': 'The Rise of Magicks: Chronicles of The One, Book 3'}
2020-02-12 02:06:00 [scrapy] DEBUG: Scraped from <200 https://www.amazon.com/s?rh=n%3A16272%2Cp_72%3A4-&pf_rd_i=16272&pf_rd_m=ATVPDKIKX0DER&pf_rd_p=3237dbf3-c1bb-5c72-8ce7-e082992624f7&pf_rd_r=P45DS9NK334QDQCFXPHG&pf_rd_s=merchandised-search-10&pf_rd_t=101&ref=Oct_TopRatedC_16272_SAll>
{'title': 'Agency'}
2020-02-12 02:06:00 [scrapy] DEBUG: Scraped from <200 https://www.amazon.com/s?rh=n%3A16272%2Cp_72%3A4-&pf_rd_i=16272&pf_rd_m=ATVPDKIKX0DER&pf_rd_p=3237dbf3-c1bb-5c72-8ce7-e082992624f7&pf_rd_r=P45DS9NK334QDQCFXPHG&pf_rd_s=merchandised-search-10&pf_rd_t=101&ref=Oct_TopRatedC_16272_SAll>
{'title': 'Star Wars®: Secrets of the Galaxy Deluxe Box Set'}
2020-02-12 02:06:00 [scrapy] DEBUG: Scraped from <200 https://www.amazon.com/s?rh=n%3A16272%2Cp_72%3A4-&pf_rd_i=16272&pf_rd_m=ATVPDKIKX0DER&pf_rd_p=3237dbf3-c1bb-5c72-8ce7-e082992624f7&pf_rd_r=P45DS9NK334QDQCFXPHG&pf_rd_s=merchandised-search-10&pf_rd_t=101&ref=Oct_TopRatedC_16272_SAll>
{'title': 'Kindred'}
2020-02-12 02:06:00 [scrapy] DEBUG: Scraped from <200 https://www.amazon.com/s?rh=n%3A16272%2Cp_72%3A4-&pf_rd_i=16272&pf_rd_m=ATVPDKIKX0DER&pf_rd_p=3237dbf3-c1bb-5c72-8ce7-e082992624f7&pf_rd_r=P45DS9NK334QDQCFXPHG&pf_rd_s=merchandised-search-10&pf_rd_t=101&ref=Oct_TopRatedC_16272_SAll>
{'title': 'The Broken Earth Trilogy: The Fifth Season, The Obelisk Gate, The Stone Sky'}
2020-02-12 02:06:00 [scrapy] DEBUG: Scraped from <200 https://www.amazon.com/s?rh=n%3A16272%2Cp_72%3A4-&pf_rd_i=16272&pf_rd_m=ATVPDKIKX0DER&pf_rd_p=3237dbf3-c1bb-5c72-8ce7-e082992624f7&pf_rd_r=P45DS9NK334QDQCFXPHG&pf_rd_s=merchandised-search-10&pf_rd_t=101&ref=Oct_TopRatedC_16272_SAll>
{'title': "Tiamat's Wrath: The Expanse, Book 8"}
2020-02-12 02:06:00 [scrapy] DEBUG: Scraped from <200 https://www.amazon.com/s?rh=n%3A16272%2Cp_72%3A4-&pf_rd_i=16272&pf_rd_m=ATVPDKIKX0DER&pf_rd_p=3237dbf3-c1bb-5c72-8ce7-e082992624f7&pf_rd_r=P45DS9NK334QDQCFXPHG&pf_rd_s=merchandised-search-10&pf_rd_t=101&ref=Oct_TopRatedC_16272_SAll>
{'title': 'Recursion: A Novel'}
2020-02-12 02:06:00 [scrapy] DEBUG: Scraped from <200 https://www.amazon.com/s?rh=n%3A16272%2Cp_72%3A4-&pf_rd_i=16272&pf_rd_m=ATVPDKIKX0DER&pf_rd_p=3237dbf3-c1bb-5c72-8ce7-e082992624f7&pf_rd_r=P45DS9NK334QDQCFXPHG&pf_rd_s=merchandised-search-10&pf_rd_t=101&ref=Oct_TopRatedC_16272_SAll>
{'title': 'Station Eleven: A novel'}
2020-02-12 02:06:03 [scrapy] INFO: Closing spider (finished)
2020-02-12 02:06:03 [scrapy] INFO: Dumping Scrapy stats:
{'downloader/request_bytes': 793,
 'downloader/request_count': 2,
 'downloader/request_method_count/GET': 2,
 'downloader/response_bytes': 110390,
 'downloader/response_count': 2,
 'downloader/response_status_count/200': 2,
 'elapsed_time_seconds': 9.13561,
 'finish_reason': 'finished',
 'finish_time': datetime.datetime(2020, 2, 12, 1, 6, 3, 897679),
 'item_scraped_count': 16,
 'log_count/DEBUG': 24,
 'log_count/INFO': 19,
 'log_count/WARNING': 135,
 'memusage/max': 63315968,
 'memusage/startup': 63315968,
 'response_received_count': 2,
 'robotstxt/request_count': 1,
 'robotstxt/response_count': 1,
 'robotstxt/response_status_count/200': 1,
 'scheduler/dequeued': 1,
 'scheduler/dequeued/memory': 1,
 'scheduler/enqueued': 1,
 'scheduler/enqueued/memory': 1,
 'start_time': datetime.datetime(2020, 2, 12, 1, 5, 54, 762069)}
2020-02-12 02:06:03 [scrapy] INFO: Spider closed (finished)
