2020-02-12 00:22:52 [scrapy] DEBUG: Crawled (200) <GET https://www.amazon.com/robots.txt> (referer: None)
2020-02-12 00:22:53 [scrapy] DEBUG: Crawled (200) <GET https://www.amazon.com/Books-Last-30-days/s?rh=n%3A283155%2Cp_n_publication_date%3A1250226011> (referer: None)
2020-02-12 00:22:53 [scrapy] DEBUG: Scraped from <200 https://www.amazon.com/Books-Last-30-days/s?rh=n%3A283155%2Cp_n_publication_date%3A1250226011>
{'price': '$30.00',
 'title': "A Very Stable Genius: Donald J. Trump's Testing of America"}
2020-02-12 00:22:53 [scrapy] DEBUG: Scraped from <200 https://www.amazon.com/Books-Last-30-days/s?rh=n%3A283155%2Cp_n_publication_date%3A1250226011>
{'price': '$33.08', 'title': 'Open Book: A Memoir'}
2020-02-12 00:22:53 [scrapy] DEBUG: Scraped from <200 https://www.amazon.com/Books-Last-30-days/s?rh=n%3A283155%2Cp_n_publication_date%3A1250226011>
{'price': '$29.99',
 'title': "Profiles in Corruption: Abuse of Power by America's Progressive "
          'Elite'}
2020-02-12 00:22:53 [scrapy] DEBUG: Scraped from <200 https://www.amazon.com/Books-Last-30-days/s?rh=n%3A283155%2Cp_n_publication_date%3A1250226011>
{'price': '$14.99', 'title': 'ESPN Kobe Bryant'}
2020-02-12 00:22:53 [scrapy] DEBUG: Scraped from <200 https://www.amazon.com/Books-Last-30-days/s?rh=n%3A283155%2Cp_n_publication_date%3A1250226011>
{'price': '$27.99', 'title': "American Dirt (Oprah's Book Club): A Novel"}
2020-02-12 00:22:53 [scrapy] DEBUG: Scraped from <200 https://www.amazon.com/Books-Last-30-days/s?rh=n%3A283155%2Cp_n_publication_date%3A1250226011>
{'price': '$23.99',
 'title': 'Get Out of Your Head: Stopping the Spiral of Toxic Thoughts'}
2020-02-12 00:22:53 [scrapy] DEBUG: Scraped from <200 https://www.amazon.com/Books-Last-30-days/s?rh=n%3A283155%2Cp_n_publication_date%3A1250226011>
{'price': '$14.99', 'title': 'LA Times Kobe Bryant'}
2020-02-12 00:22:53 [scrapy] DEBUG: Scraped from <200 https://www.amazon.com/Books-Last-30-days/s?rh=n%3A283155%2Cp_n_publication_date%3A1250226011>
{'price': '$27.99', 'title': 'Leadership Strategy and Tactics: Field Manual'}
2020-02-12 00:22:53 [scrapy] DEBUG: Scraped from <200 https://www.amazon.com/Books-Last-30-days/s?rh=n%3A283155%2Cp_n_publication_date%3A1250226011>
{'price': '$22.99',
 'title': 'Dangerous Prayers: Because Following Jesus Was Never Meant to Be '
          'Safe'}
2020-02-12 00:22:53 [scrapy] DEBUG: Scraped from <200 https://www.amazon.com/Books-Last-30-days/s?rh=n%3A283155%2Cp_n_publication_date%3A1250226011>
{'price': '$14.99',
 'title': 'Snug: A Collection of Comics about Dating Your Best Friend'}
2020-02-12 00:22:53 [scrapy] DEBUG: Scraped from <200 https://www.amazon.com/Books-Last-30-days/s?rh=n%3A283155%2Cp_n_publication_date%3A1250226011>
{'price': '$28.00', 'title': "Why We're Polarized"}
2020-02-12 00:22:53 [scrapy] DEBUG: Scraped from <200 https://www.amazon.com/Books-Last-30-days/s?rh=n%3A283155%2Cp_n_publication_date%3A1250226011>
{'price': '$64.95',
 'title': 'Boundless: Upgrade Your Brain, Optimize Your Body & Defy Aging'}
2020-02-12 00:22:53 [scrapy] DEBUG: Scraped from <200 https://www.amazon.com/Books-Last-30-days/s?rh=n%3A283155%2Cp_n_publication_date%3A1250226011>
{'price': '$29.95',
 'title': "Floret Farm's A Year in Flowers: Designing Gorgeous Arrangements "
          'for Every Season (Flower Arranging Book, Bouquet and Floral Design '
          'Book)'}
2020-02-12 00:22:53 [scrapy] DEBUG: Scraped from <200 https://www.amazon.com/Books-Last-30-days/s?rh=n%3A283155%2Cp_n_publication_date%3A1250226011>
{'price': '$19.99',
 'title': "The Populist's Guide to 2020: A New Right and New Left are Rising"}
2020-02-12 00:22:53 [scrapy] DEBUG: Scraped from <200 https://www.amazon.com/Books-Last-30-days/s?rh=n%3A283155%2Cp_n_publication_date%3A1250226011>
{'price': '$28.99',
 'title': 'Golden in Death: An Eve Dallas Novel (In Death, Book 50)'}
2020-02-12 00:22:53 [scrapy] DEBUG: Scraped from <200 https://www.amazon.com/Books-Last-30-days/s?rh=n%3A283155%2Cp_n_publication_date%3A1250226011>
{'price': '$26.99',
 'title': 'Chasing Vines: Finding Your Way to an Immensely Fruitful Life '
          '(Hardcover) – By Beth Moore – Spiritual Guidance for a Life that '
          'Matters'}
2020-02-12 00:22:53 [scrapy] DEBUG: Scraped from <200 https://www.amazon.com/Books-Last-30-days/s?rh=n%3A283155%2Cp_n_publication_date%3A1250226011>
{'price': None, 'title': None}
2020-02-12 00:22:53 [scrapy] DEBUG: Scraped from <200 https://www.amazon.com/Books-Last-30-days/s?rh=n%3A283155%2Cp_n_publication_date%3A1250226011>
{'price': None, 'title': None}
2020-02-12 00:22:53 [scrapy] INFO: Closing spider (finished)
2020-02-12 00:22:53 [scrapy] INFO: Dumping Scrapy stats:
{'downloader/request_bytes': 506,
 'downloader/request_count': 2,
 'downloader/request_method_count/GET': 2,
 'downloader/response_bytes': 81680,
 'downloader/response_count': 2,
 'downloader/response_status_count/200': 2,
 'elapsed_time_seconds': 1.718915,
 'finish_reason': 'finished',
 'finish_time': datetime.datetime(2020, 2, 11, 23, 22, 53, 753916),
 'item_scraped_count': 18,
 'log_count/DEBUG': 20,
 'log_count/INFO': 7,
 'memusage/max': 51826688,
 'memusage/startup': 51826688,
 'response_received_count': 2,
 'robotstxt/request_count': 1,
 'robotstxt/response_count': 1,
 'robotstxt/response_status_count/200': 1,
 'scheduler/dequeued': 1,
 'scheduler/dequeued/memory': 1,
 'scheduler/enqueued': 1,
 'scheduler/enqueued/memory': 1,
 'start_time': datetime.datetime(2020, 2, 11, 23, 22, 52, 35001)}
2020-02-12 00:22:53 [scrapy] INFO: Spider closed (finished)
